[2020-02-25 13:38:01,782] {dag_processing.py:821} INFO - Processing files using up to 2 processes at a time 
[2020-02-25 13:38:01,782] {dag_processing.py:822} INFO - Process each file at most once every 0 seconds
[2020-02-25 13:38:01,782] {dag_processing.py:824} INFO - Checking for new files in /usr/local/airflow/dags every 300 seconds
[2020-02-25 13:38:01,784] {dag_processing.py:1292} INFO - Finding 'running' jobs without a recent heartbeat
[2020-02-25 13:38:01,784] {dag_processing.py:1296} INFO - Failing jobs without heartbeat after 2020-02-25 13:33:01.784920+00:00
[2020-02-25 13:38:01,864] {dag_processing.py:1029} INFO - 
================================================================================
DAG File Processing Stats

File Path                                   PID  Runtime      # DAGs    # Errors  Last Runtime    Last Run
----------------------------------------  -----  ---------  --------  ----------  --------------  ----------
/usr/local/airflow/dags/kitsos999.py                               0           0
/usr/local/airflow/dags/tete.py                                    0           0
/usr/local/airflow/dags/pav.py                                     0           0
/usr/local/airflow/dags/kits5555os999.py                           0           0
/usr/local/airflow/dags/mouni.py                                   0           0
/usr/local/airflow/dags/kitsos.py           167  0.01s             0           0
/usr/local/airflow/dags/kitsos2.py          164  0.02s             0           0
/usr/local/airflow/dags/kits.py                                    0           0
================================================================================
[2020-02-25 13:38:11,976] {dag_processing.py:1292} INFO - Finding 'running' jobs without a recent heartbeat
[2020-02-25 13:38:11,977] {dag_processing.py:1296} INFO - Failing jobs without heartbeat after 2020-02-25 13:33:11.977233+00:00
[2020-02-25 13:38:22,196] {dag_processing.py:1292} INFO - Finding 'running' jobs without a recent heartbeat
[2020-02-25 13:38:22,196] {dag_processing.py:1296} INFO - Failing jobs without heartbeat after 2020-02-25 13:33:22.196635+00:00
[2020-02-25 13:38:32,398] {dag_processing.py:1292} INFO - Finding 'running' jobs without a recent heartbeat
[2020-02-25 13:38:32,399] {dag_processing.py:1296} INFO - Failing jobs without heartbeat after 2020-02-25 13:33:32.399496+00:00
[2020-02-25 13:38:32,429] {dag_processing.py:1029} INFO - 
================================================================================
DAG File Processing Stats

File Path                                   PID  Runtime      # DAGs    # Errors  Last Runtime    Last Run
----------------------------------------  -----  ---------  --------  ----------  --------------  -------------------
/usr/local/airflow/dags/kitsos999.py                               1           0  1.01s           2020-02-25T13:38:31
/usr/local/airflow/dags/tete.py                                    1           0  1.02s           2020-02-25T13:38:30
/usr/local/airflow/dags/pav.py              494  0.01s             1           0  1.02s           2020-02-25T13:38:27
/usr/local/airflow/dags/kits5555os999.py    497  0.01s             1           0  1.01s           2020-02-25T13:38:27
/usr/local/airflow/dags/mouni.py                                   1           0  1.01s           2020-02-25T13:38:30
/usr/local/airflow/dags/kitsos.py                                  1           0  1.03s           2020-02-25T13:38:32
/usr/local/airflow/dags/kitsos2.py                                 1           0  1.02s           2020-02-25T13:38:31
/usr/local/airflow/dags/kits.py                                    1           0  1.02s           2020-02-25T13:38:32
================================================================================
[2020-02-25 13:38:42,611] {dag_processing.py:1292} INFO - Finding 'running' jobs without a recent heartbeat
[2020-02-25 13:38:42,612] {dag_processing.py:1296} INFO - Failing jobs without heartbeat after 2020-02-25 13:33:42.612623+00:00
[2020-02-25 13:38:52,781] {dag_processing.py:1292} INFO - Finding 'running' jobs without a recent heartbeat
[2020-02-25 13:38:52,781] {dag_processing.py:1296} INFO - Failing jobs without heartbeat after 2020-02-25 13:33:52.781839+00:00
[2020-02-25 13:39:02,986] {dag_processing.py:1292} INFO - Finding 'running' jobs without a recent heartbeat
[2020-02-25 13:39:02,987] {dag_processing.py:1296} INFO - Failing jobs without heartbeat after 2020-02-25 13:34:02.987602+00:00
[2020-02-25 13:39:03,018] {dag_processing.py:1029} INFO - 
================================================================================
DAG File Processing Stats

File Path                                   PID  Runtime      # DAGs    # Errors  Last Runtime    Last Run
----------------------------------------  -----  ---------  --------  ----------  --------------  -------------------
/usr/local/airflow/dags/kitsos999.py        802  0.01s             1           0  1.01s           2020-02-25T13:39:00
/usr/local/airflow/dags/tete.py                                    1           0  1.03s           2020-02-25T13:39:03
/usr/local/airflow/dags/pav.py                                     1           0  1.02s           2020-02-25T13:38:59
/usr/local/airflow/dags/kits5555os999.py                           1           0  1.01s           2020-02-25T13:38:59
/usr/local/airflow/dags/mouni.py                                   1           0  1.02s           2020-02-25T13:39:03
/usr/local/airflow/dags/kitsos.py                                  1           0  1.02s           2020-02-25T13:39:01
/usr/local/airflow/dags/kitsos2.py          799  0.01s             1           0  1.02s           2020-02-25T13:39:00
/usr/local/airflow/dags/kits.py                                    1           0  1.01s           2020-02-25T13:39:01
================================================================================
[2020-02-25 13:39:13,204] {dag_processing.py:1292} INFO - Finding 'running' jobs without a recent heartbeat
[2020-02-25 13:39:13,205] {dag_processing.py:1296} INFO - Failing jobs without heartbeat after 2020-02-25 13:34:13.205391+00:00
[2020-02-25 13:39:23,408] {dag_processing.py:1292} INFO - Finding 'running' jobs without a recent heartbeat
[2020-02-25 13:39:23,408] {dag_processing.py:1296} INFO - Failing jobs without heartbeat after 2020-02-25 13:34:23.408670+00:00
[2020-02-25 13:39:33,614] {dag_processing.py:1292} INFO - Finding 'running' jobs without a recent heartbeat
[2020-02-25 13:39:33,615] {dag_processing.py:1296} INFO - Failing jobs without heartbeat after 2020-02-25 13:34:33.615445+00:00
[2020-02-25 13:39:33,654] {dag_processing.py:1029} INFO - 
================================================================================
DAG File Processing Stats

File Path                                   PID  Runtime      # DAGs    # Errors  Last Runtime    Last Run
----------------------------------------  -----  ---------  --------  ----------  --------------  -------------------
/usr/local/airflow/dags/kitsos999.py       1112  0.01s             1           0  1.01s           2020-02-25T13:39:31
/usr/local/airflow/dags/tete.py                                    1           0  1.03s           2020-02-25T13:39:33
/usr/local/airflow/dags/pav.py                                     1           0  1.02s           2020-02-25T13:39:30
/usr/local/airflow/dags/kits5555os999.py                           1           0  1.01s           2020-02-25T13:39:30
/usr/local/airflow/dags/mouni.py                                   1           0  1.02s           2020-02-25T13:39:33
/usr/local/airflow/dags/kitsos.py                                  1           0  1.02s           2020-02-25T13:39:32
/usr/local/airflow/dags/kitsos2.py         1110  0.02s             1           0  1.02s           2020-02-25T13:39:31
/usr/local/airflow/dags/kits.py                                    1           0  1.01s           2020-02-25T13:39:32
================================================================================
[2020-02-25 13:39:43,842] {dag_processing.py:1292} INFO - Finding 'running' jobs without a recent heartbeat
[2020-02-25 13:39:43,843] {dag_processing.py:1296} INFO - Failing jobs without heartbeat after 2020-02-25 13:34:43.843516+00:00
[2020-02-25 13:39:54,054] {dag_processing.py:1292} INFO - Finding 'running' jobs without a recent heartbeat
[2020-02-25 13:39:54,055] {dag_processing.py:1296} INFO - Failing jobs without heartbeat after 2020-02-25 13:34:54.055452+00:00
[2020-02-25 13:40:04,266] {dag_processing.py:1292} INFO - Finding 'running' jobs without a recent heartbeat
[2020-02-25 13:40:04,266] {dag_processing.py:1296} INFO - Failing jobs without heartbeat after 2020-02-25 13:35:04.266872+00:00
[2020-02-25 13:40:04,298] {dag_processing.py:1029} INFO - 
================================================================================
DAG File Processing Stats

File Path                                   PID  Runtime      # DAGs    # Errors  Last Runtime    Last Run
----------------------------------------  -----  ---------  --------  ----------  --------------  -------------------
/usr/local/airflow/dags/kitsos999.py       1424  0.01s             1           0  1.01s           2020-02-25T13:40:02
/usr/local/airflow/dags/tete.py                                    1           0  1.03s           2020-02-25T13:40:04
/usr/local/airflow/dags/pav.py                                     1           0  1.02s           2020-02-25T13:40:01
/usr/local/airflow/dags/kits5555os999.py                           1           0  1.01s           2020-02-25T13:40:01
/usr/local/airflow/dags/mouni.py                                   1           0  1.02s           2020-02-25T13:40:04
/usr/local/airflow/dags/kitsos.py                                  1           0  1.02s           2020-02-25T13:40:03
/usr/local/airflow/dags/kitsos2.py         1421  0.02s             1           0  1.02s           2020-02-25T13:40:02
/usr/local/airflow/dags/kits.py                                    1           0  1.01s           2020-02-25T13:40:03
================================================================================
[2020-02-25 13:40:14,477] {dag_processing.py:1292} INFO - Finding 'running' jobs without a recent heartbeat
[2020-02-25 13:40:14,477] {dag_processing.py:1296} INFO - Failing jobs without heartbeat after 2020-02-25 13:35:14.477899+00:00
[2020-02-25 13:40:24,684] {dag_processing.py:1292} INFO - Finding 'running' jobs without a recent heartbeat
[2020-02-25 13:40:24,685] {dag_processing.py:1296} INFO - Failing jobs without heartbeat after 2020-02-25 13:35:24.684961+00:00
[2020-02-25 13:40:34,892] {dag_processing.py:1292} INFO - Finding 'running' jobs without a recent heartbeat
[2020-02-25 13:40:34,893] {dag_processing.py:1296} INFO - Failing jobs without heartbeat after 2020-02-25 13:35:34.893136+00:00
[2020-02-25 13:40:34,923] {dag_processing.py:1029} INFO - 
================================================================================
DAG File Processing Stats

File Path                                   PID  Runtime      # DAGs    # Errors  Last Runtime    Last Run
----------------------------------------  -----  ---------  --------  ----------  --------------  -------------------
/usr/local/airflow/dags/kitsos999.py       1741  0.01s             1           0  1.01s           2020-02-25T13:40:32
/usr/local/airflow/dags/tete.py                                    1           0  1.03s           2020-02-25T13:40:34
/usr/local/airflow/dags/pav.py                                     1           0  1.02s           2020-02-25T13:40:31
/usr/local/airflow/dags/kits5555os999.py                           1           0  1.01s           2020-02-25T13:40:31
/usr/local/airflow/dags/mouni.py                                   1           0  1.02s           2020-02-25T13:40:34
/usr/local/airflow/dags/kitsos.py                                  1           0  1.02s           2020-02-25T13:40:33
/usr/local/airflow/dags/kitsos2.py         1738  0.01s             1           0  1.02s           2020-02-25T13:40:32
/usr/local/airflow/dags/kits.py                                    1           0  1.01s           2020-02-25T13:40:33
================================================================================
[2020-02-25 13:40:45,113] {dag_processing.py:1292} INFO - Finding 'running' jobs without a recent heartbeat
[2020-02-25 13:40:45,113] {dag_processing.py:1296} INFO - Failing jobs without heartbeat after 2020-02-25 13:35:45.113901+00:00
[2020-02-25 13:40:55,320] {dag_processing.py:1292} INFO - Finding 'running' jobs without a recent heartbeat
[2020-02-25 13:40:55,321] {dag_processing.py:1296} INFO - Failing jobs without heartbeat after 2020-02-25 13:35:55.321149+00:00
[2020-02-25 13:41:05,526] {dag_processing.py:1292} INFO - Finding 'running' jobs without a recent heartbeat
[2020-02-25 13:41:05,527] {dag_processing.py:1296} INFO - Failing jobs without heartbeat after 2020-02-25 13:36:05.527205+00:00
[2020-02-25 13:41:05,562] {dag_processing.py:1029} INFO - 
================================================================================
DAG File Processing Stats

File Path                                   PID  Runtime      # DAGs    # Errors  Last Runtime    Last Run
----------------------------------------  -----  ---------  --------  ----------  --------------  -------------------
/usr/local/airflow/dags/kitsos999.py       2052  0.01s             1           0  1.01s           2020-02-25T13:41:03
/usr/local/airflow/dags/tete.py                                    1           0  1.03s           2020-02-25T13:41:05
/usr/local/airflow/dags/pav.py                                     1           0  1.02s           2020-02-25T13:41:02
/usr/local/airflow/dags/kits5555os999.py                           1           0  1.01s           2020-02-25T13:41:02
/usr/local/airflow/dags/mouni.py                                   1           0  1.03s           2020-02-25T13:41:05
/usr/local/airflow/dags/kitsos.py                                  1           0  1.02s           2020-02-25T13:41:04
/usr/local/airflow/dags/kitsos2.py         2049  0.02s             1           0  1.02s           2020-02-25T13:41:03
/usr/local/airflow/dags/kits.py                                    1           0  1.01s           2020-02-25T13:41:04
================================================================================
[2020-02-25 13:41:15,740] {dag_processing.py:1292} INFO - Finding 'running' jobs without a recent heartbeat
[2020-02-25 13:41:15,741] {dag_processing.py:1296} INFO - Failing jobs without heartbeat after 2020-02-25 13:36:15.741444+00:00
[2020-02-25 13:41:25,944] {dag_processing.py:1292} INFO - Finding 'running' jobs without a recent heartbeat
[2020-02-25 13:41:25,944] {dag_processing.py:1296} INFO - Failing jobs without heartbeat after 2020-02-25 13:36:25.944752+00:00
[2020-02-25 13:41:36,161] {dag_processing.py:1292} INFO - Finding 'running' jobs without a recent heartbeat
[2020-02-25 13:41:36,162] {dag_processing.py:1296} INFO - Failing jobs without heartbeat after 2020-02-25 13:36:36.162307+00:00
[2020-02-25 13:41:36,199] {dag_processing.py:1029} INFO - 
================================================================================
DAG File Processing Stats

File Path                                   PID  Runtime      # DAGs    # Errors  Last Runtime    Last Run
----------------------------------------  -----  ---------  --------  ----------  --------------  -------------------
/usr/local/airflow/dags/kitsos999.py       2363  0.01s             1           0  1.01s           2020-02-25T13:41:34
/usr/local/airflow/dags/tete.py                                    1           0  1.04s           2020-02-25T13:41:36
/usr/local/airflow/dags/pav.py                                     1           0  1.02s           2020-02-25T13:41:33
/usr/local/airflow/dags/kits5555os999.py                           1           0  1.01s           2020-02-25T13:41:33
/usr/local/airflow/dags/mouni.py                                   1           0  1.03s           2020-02-25T13:41:36
/usr/local/airflow/dags/kitsos.py                                  1           0  1.02s           2020-02-25T13:41:35
/usr/local/airflow/dags/kitsos2.py         2360  0.02s             1           0  1.02s           2020-02-25T13:41:34
/usr/local/airflow/dags/kits.py                                    1           0  1.01s           2020-02-25T13:41:35
================================================================================
[2020-02-25 13:41:46,384] {dag_processing.py:1292} INFO - Finding 'running' jobs without a recent heartbeat
[2020-02-25 13:41:46,385] {dag_processing.py:1296} INFO - Failing jobs without heartbeat after 2020-02-25 13:36:46.385504+00:00
[2020-02-25 13:41:56,601] {dag_processing.py:1292} INFO - Finding 'running' jobs without a recent heartbeat
[2020-02-25 13:41:56,601] {dag_processing.py:1296} INFO - Failing jobs without heartbeat after 2020-02-25 13:36:56.601870+00:00
[2020-02-25 13:42:06,814] {dag_processing.py:1292} INFO - Finding 'running' jobs without a recent heartbeat
[2020-02-25 13:42:06,815] {dag_processing.py:1296} INFO - Failing jobs without heartbeat after 2020-02-25 13:37:06.815044+00:00
[2020-02-25 13:42:06,850] {dag_processing.py:1029} INFO - 
================================================================================
DAG File Processing Stats

File Path                                   PID  Runtime      # DAGs    # Errors  Last Runtime    Last Run
----------------------------------------  -----  ---------  --------  ----------  --------------  -------------------
/usr/local/airflow/dags/kitsos999.py       2675  0.01s             1           0  1.01s           2020-02-25T13:42:04
/usr/local/airflow/dags/tete.py                                    1           0  1.03s           2020-02-25T13:42:06
/usr/local/airflow/dags/pav.py                                     1           0  1.02s           2020-02-25T13:42:03
/usr/local/airflow/dags/kits5555os999.py                           1           0  1.01s           2020-02-25T13:42:03
/usr/local/airflow/dags/mouni.py                                   1           0  1.03s           2020-02-25T13:42:06
/usr/local/airflow/dags/kitsos.py                                  1           0  1.02s           2020-02-25T13:42:05
/usr/local/airflow/dags/kitsos2.py         2672  0.02s             1           0  1.02s           2020-02-25T13:42:04
/usr/local/airflow/dags/kits.py                                    1           0  1.01s           2020-02-25T13:42:05
================================================================================
[2020-02-25 13:42:17,034] {dag_processing.py:1292} INFO - Finding 'running' jobs without a recent heartbeat
[2020-02-25 13:42:17,034] {dag_processing.py:1296} INFO - Failing jobs without heartbeat after 2020-02-25 13:37:17.034911+00:00
[2020-02-25 13:42:27,275] {dag_processing.py:1292} INFO - Finding 'running' jobs without a recent heartbeat
[2020-02-25 13:42:27,275] {dag_processing.py:1296} INFO - Failing jobs without heartbeat after 2020-02-25 13:37:27.275601+00:00
[2020-02-25 13:42:37,479] {dag_processing.py:1292} INFO - Finding 'running' jobs without a recent heartbeat
[2020-02-25 13:42:37,479] {dag_processing.py:1296} INFO - Failing jobs without heartbeat after 2020-02-25 13:37:37.479700+00:00
[2020-02-25 13:42:37,513] {dag_processing.py:1029} INFO - 
================================================================================
DAG File Processing Stats

File Path                                   PID  Runtime      # DAGs    # Errors  Last Runtime    Last Run
----------------------------------------  -----  ---------  --------  ----------  --------------  -------------------
/usr/local/airflow/dags/kitsos999.py       2986  0.01s             1           0  1.01s           2020-02-25T13:42:35
/usr/local/airflow/dags/tete.py                                    1           0  1.03s           2020-02-25T13:42:37
/usr/local/airflow/dags/pav.py                                     1           0  1.02s           2020-02-25T13:42:34
/usr/local/airflow/dags/kits5555os999.py                           1           0  1.01s           2020-02-25T13:42:34
/usr/local/airflow/dags/mouni.py                                   1           0  1.03s           2020-02-25T13:42:37
/usr/local/airflow/dags/kitsos.py                                  1           0  1.02s           2020-02-25T13:42:36
/usr/local/airflow/dags/kitsos2.py         2983  0.02s             1           0  1.02s           2020-02-25T13:42:35
/usr/local/airflow/dags/kits.py                                    1           0  1.01s           2020-02-25T13:42:36
================================================================================
[2020-02-25 13:42:47,693] {dag_processing.py:1292} INFO - Finding 'running' jobs without a recent heartbeat
[2020-02-25 13:42:47,694] {dag_processing.py:1296} INFO - Failing jobs without heartbeat after 2020-02-25 13:37:47.694058+00:00
[2020-02-25 13:42:57,929] {dag_processing.py:1292} INFO - Finding 'running' jobs without a recent heartbeat
[2020-02-25 13:42:57,929] {dag_processing.py:1296} INFO - Failing jobs without heartbeat after 2020-02-25 13:37:57.929784+00:00
[2020-02-25 13:43:02,020] {dag_processing.py:908} INFO - Searching for files in /usr/local/airflow/dags
[2020-02-25 13:43:02,024] {dag_processing.py:911} INFO - There are 10 files in /usr/local/airflow/dags
[2020-02-25 13:43:08,150] {dag_processing.py:1292} INFO - Finding 'running' jobs without a recent heartbeat
[2020-02-25 13:43:08,151] {dag_processing.py:1296} INFO - Failing jobs without heartbeat after 2020-02-25 13:38:08.151327+00:00
[2020-02-25 13:43:08,180] {dag_processing.py:1029} INFO - 
================================================================================
DAG File Processing Stats

File Path                                   PID  Runtime      # DAGs    # Errors  Last Runtime    Last Run
----------------------------------------  -----  ---------  --------  ----------  --------------  -------------------
/usr/local/airflow/dags/moeeei.py          3294  0.01s             0           0
/usr/local/airflow/dags/pouli.py                                   0           0  1.03s           2020-02-25T13:43:08
/usr/local/airflow/dags/kitsos999.py                               1           0  1.02s           2020-02-25T13:43:08
/usr/local/airflow/dags/tete.py                                    1           0  1.01s           2020-02-25T13:43:07
/usr/local/airflow/dags/pav.py                                     1           0  1.02s           2020-02-25T13:43:05
/usr/local/airflow/dags/kits5555os999.py                           1           0  1.01s           2020-02-25T13:43:05
/usr/local/airflow/dags/mouni.py           3297  0.01s             1           0  1.03s           2020-02-25T13:43:02
/usr/local/airflow/dags/kitsos.py                                  1           0  1.01s           2020-02-25T13:43:06
/usr/local/airflow/dags/kitsos2.py                                 1           0  1.02s           2020-02-25T13:43:06
/usr/local/airflow/dags/kits.py                                    1           0  1.02s           2020-02-25T13:43:07
================================================================================
[2020-02-25 13:43:18,360] {dag_processing.py:1292} INFO - Finding 'running' jobs without a recent heartbeat
[2020-02-25 13:43:18,361] {dag_processing.py:1296} INFO - Failing jobs without heartbeat after 2020-02-25 13:38:18.360897+00:00
[2020-02-25 13:43:28,584] {dag_processing.py:1292} INFO - Finding 'running' jobs without a recent heartbeat
[2020-02-25 13:43:28,585] {dag_processing.py:1296} INFO - Failing jobs without heartbeat after 2020-02-25 13:38:28.585134+00:00
[2020-02-25 13:43:38,790] {dag_processing.py:1292} INFO - Finding 'running' jobs without a recent heartbeat
[2020-02-25 13:43:38,791] {dag_processing.py:1296} INFO - Failing jobs without heartbeat after 2020-02-25 13:38:38.791047+00:00
[2020-02-25 13:43:38,825] {dag_processing.py:1029} INFO - 
================================================================================
DAG File Processing Stats

File Path                                   PID  Runtime      # DAGs    # Errors  Last Runtime    Last Run
----------------------------------------  -----  ---------  --------  ----------  --------------  -------------------
/usr/local/airflow/dags/moeeei.py                                  0           0  1.02s           2020-02-25T13:43:33
/usr/local/airflow/dags/pouli.py                                   0           0  1.02s           2020-02-25T13:43:36
/usr/local/airflow/dags/kitsos999.py                               1           0  1.01s           2020-02-25T13:43:37
/usr/local/airflow/dags/tete.py            3608  0.01s             1           0  1.01s           2020-02-25T13:43:35
/usr/local/airflow/dags/pav.py                                     1           0  1.01s           2020-02-25T13:43:36
/usr/local/airflow/dags/kits5555os999.py                           1           0  1.02s           2020-02-25T13:43:37
/usr/local/airflow/dags/mouni.py                                   1           0  1.01s           2020-02-25T13:43:33
/usr/local/airflow/dags/kitsos.py                                  1           0  1.02s           2020-02-25T13:43:38
/usr/local/airflow/dags/kitsos2.py                                 1           0  1.03s           2020-02-25T13:43:38
/usr/local/airflow/dags/kits.py            3605  0.02s             1           0  1.02s           2020-02-25T13:43:35
================================================================================
[2020-02-25 13:43:49,010] {dag_processing.py:1292} INFO - Finding 'running' jobs without a recent heartbeat
[2020-02-25 13:43:49,011] {dag_processing.py:1296} INFO - Failing jobs without heartbeat after 2020-02-25 13:38:49.011420+00:00
[2020-02-25 13:43:59,250] {dag_processing.py:1292} INFO - Finding 'running' jobs without a recent heartbeat
[2020-02-25 13:43:59,251] {dag_processing.py:1296} INFO - Failing jobs without heartbeat after 2020-02-25 13:38:59.251066+00:00
[2020-02-25 13:44:09,471] {dag_processing.py:1292} INFO - Finding 'running' jobs without a recent heartbeat
[2020-02-25 13:44:09,471] {dag_processing.py:1296} INFO - Failing jobs without heartbeat after 2020-02-25 13:39:09.471919+00:00
[2020-02-25 13:44:09,504] {dag_processing.py:1029} INFO - 
================================================================================
DAG File Processing Stats

File Path                                   PID  Runtime      # DAGs    # Errors  Last Runtime    Last Run
----------------------------------------  -----  ---------  --------  ----------  --------------  -------------------
/usr/local/airflow/dags/moeeei.py                                  0           0  1.02s           2020-02-25T13:44:06
/usr/local/airflow/dags/pouli.py                                   0           0  1.03s           2020-02-25T13:44:09
/usr/local/airflow/dags/kitsos999.py       3922  0.01s             1           0  1.01s           2020-02-25T13:44:02
/usr/local/airflow/dags/tete.py                                    1           0  1.01s           2020-02-25T13:44:08
/usr/local/airflow/dags/pav.py                                     1           0  1.02s           2020-02-25T13:44:09
/usr/local/airflow/dags/kits5555os999.py   3919  0.02s             1           0  1.02s           2020-02-25T13:44:02
/usr/local/airflow/dags/mouni.py                                   1           0  1.01s           2020-02-25T13:44:06
/usr/local/airflow/dags/kitsos.py                                  1           0  1.01s           2020-02-25T13:44:07
/usr/local/airflow/dags/kitsos2.py                                 1           0  1.02s           2020-02-25T13:44:07
/usr/local/airflow/dags/kits.py                                    1           0  1.02s           2020-02-25T13:44:08
================================================================================
[2020-02-25 13:44:19,677] {dag_processing.py:1292} INFO - Finding 'running' jobs without a recent heartbeat
[2020-02-25 13:44:19,678] {dag_processing.py:1296} INFO - Failing jobs without heartbeat after 2020-02-25 13:39:19.678050+00:00
[2020-02-25 13:44:29,896] {dag_processing.py:1292} INFO - Finding 'running' jobs without a recent heartbeat
[2020-02-25 13:44:29,896] {dag_processing.py:1296} INFO - Failing jobs without heartbeat after 2020-02-25 13:39:29.896878+00:00
[2020-02-25 13:44:40,146] {dag_processing.py:1292} INFO - Finding 'running' jobs without a recent heartbeat
[2020-02-25 13:44:40,147] {dag_processing.py:1296} INFO - Failing jobs without heartbeat after 2020-02-25 13:39:40.147142+00:00
[2020-02-25 13:44:40,175] {dag_processing.py:1029} INFO - 
================================================================================
DAG File Processing Stats

File Path                                   PID  Runtime      # DAGs    # Errors  Last Runtime    Last Run
----------------------------------------  -----  ---------  --------  ----------  --------------  -------------------
/usr/local/airflow/dags/moeeei.py                                  0           0  1.02s           2020-02-25T13:44:39
/usr/local/airflow/dags/pouli.py                                   0           0  1.02s           2020-02-25T13:44:38
/usr/local/airflow/dags/kitsos999.py                               1           0  1.01s           2020-02-25T13:44:35
/usr/local/airflow/dags/tete.py            4235  0.01s             1           0  1.01s           2020-02-25T13:44:37
/usr/local/airflow/dags/pav.py                                     1           0  1.01s           2020-02-25T13:44:38
/usr/local/airflow/dags/kits5555os999.py                           1           0  1.02s           2020-02-25T13:44:35
/usr/local/airflow/dags/mouni.py                                   1           0  1.01s           2020-02-25T13:44:39
/usr/local/airflow/dags/kitsos.py                                  1           0  1.02s           2020-02-25T13:44:40
/usr/local/airflow/dags/kitsos2.py                                 1           0  1.03s           2020-02-25T13:44:40
/usr/local/airflow/dags/kits.py            4233  0.01s             1           0  1.02s           2020-02-25T13:44:37
================================================================================
[2020-02-25 13:44:50,359] {dag_processing.py:1292} INFO - Finding 'running' jobs without a recent heartbeat
[2020-02-25 13:44:50,360] {dag_processing.py:1296} INFO - Failing jobs without heartbeat after 2020-02-25 13:39:50.360467+00:00
[2020-02-25 13:45:00,567] {dag_processing.py:1292} INFO - Finding 'running' jobs without a recent heartbeat
[2020-02-25 13:45:00,567] {dag_processing.py:1296} INFO - Failing jobs without heartbeat after 2020-02-25 13:40:00.567824+00:00
[2020-02-25 13:45:10,777] {dag_processing.py:1292} INFO - Finding 'running' jobs without a recent heartbeat
[2020-02-25 13:45:10,777] {dag_processing.py:1296} INFO - Failing jobs without heartbeat after 2020-02-25 13:40:10.777726+00:00
[2020-02-25 13:45:10,806] {dag_processing.py:1029} INFO - 
================================================================================
DAG File Processing Stats

File Path                                   PID  Runtime      # DAGs    # Errors  Last Runtime    Last Run
----------------------------------------  -----  ---------  --------  ----------  --------------  -------------------
/usr/local/airflow/dags/moeeei.py          4546  0.01s             0           0  1.02s           2020-02-25T13:45:03
/usr/local/airflow/dags/pouli.py                                   0           0  1.03s           2020-02-25T13:45:10
/usr/local/airflow/dags/kitsos999.py                               1           0  1.01s           2020-02-25T13:45:07
/usr/local/airflow/dags/tete.py                                    1           0  1.01s           2020-02-25T13:45:09
/usr/local/airflow/dags/pav.py                                     1           0  1.02s           2020-02-25T13:45:10
/usr/local/airflow/dags/kits5555os999.py                           1           0  1.02s           2020-02-25T13:45:07
/usr/local/airflow/dags/mouni.py           4549  0.01s             1           0  1.01s           2020-02-25T13:45:03
/usr/local/airflow/dags/kitsos.py                                  1           0  1.01s           2020-02-25T13:45:08
/usr/local/airflow/dags/kitsos2.py                                 1           0  1.02s           2020-02-25T13:45:08
/usr/local/airflow/dags/kits.py                                    1           0  1.02s           2020-02-25T13:45:09
================================================================================
[2020-02-25 13:45:20,994] {dag_processing.py:1292} INFO - Finding 'running' jobs without a recent heartbeat
[2020-02-25 13:45:20,995] {dag_processing.py:1296} INFO - Failing jobs without heartbeat after 2020-02-25 13:40:20.995272+00:00
[2020-02-25 13:45:31,202] {dag_processing.py:1292} INFO - Finding 'running' jobs without a recent heartbeat
[2020-02-25 13:45:31,202] {dag_processing.py:1296} INFO - Failing jobs without heartbeat after 2020-02-25 13:40:31.202882+00:00
[2020-02-25 13:45:41,423] {dag_processing.py:1292} INFO - Finding 'running' jobs without a recent heartbeat
[2020-02-25 13:45:41,424] {dag_processing.py:1296} INFO - Failing jobs without heartbeat after 2020-02-25 13:40:41.424034+00:00
[2020-02-25 13:45:41,452] {dag_processing.py:1029} INFO - 
================================================================================
DAG File Processing Stats

File Path                                   PID  Runtime      # DAGs    # Errors  Last Runtime    Last Run
----------------------------------------  -----  ---------  --------  ----------  --------------  -------------------
/usr/local/airflow/dags/moeeei.py                                  0           0  1.02s           2020-02-25T13:45:36
/usr/local/airflow/dags/pouli.py                                   0           0  1.02s           2020-02-25T13:45:39
/usr/local/airflow/dags/kitsos999.py                               1           0  1.01s           2020-02-25T13:45:40
/usr/local/airflow/dags/tete.py            4861  0.01s             1           0  1.01s           2020-02-25T13:45:38
/usr/local/airflow/dags/pav.py                                     1           0  1.01s           2020-02-25T13:45:39
/usr/local/airflow/dags/kits5555os999.py                           1           0  1.02s           2020-02-25T13:45:40
/usr/local/airflow/dags/mouni.py                                   1           0  1.01s           2020-02-25T13:45:36
/usr/local/airflow/dags/kitsos.py                                  1           0  1.03s           2020-02-25T13:45:41
/usr/local/airflow/dags/kitsos2.py                                 1           0  1.04s           2020-02-25T13:45:41
/usr/local/airflow/dags/kits.py            4858  0.01s             1           0  1.02s           2020-02-25T13:45:38
================================================================================
[2020-02-25 13:45:51,638] {dag_processing.py:1292} INFO - Finding 'running' jobs without a recent heartbeat
[2020-02-25 13:45:51,639] {dag_processing.py:1296} INFO - Failing jobs without heartbeat after 2020-02-25 13:40:51.639629+00:00
[2020-02-25 13:46:01,845] {dag_processing.py:1292} INFO - Finding 'running' jobs without a recent heartbeat
[2020-02-25 13:46:01,845] {dag_processing.py:1296} INFO - Failing jobs without heartbeat after 2020-02-25 13:41:01.845755+00:00
[2020-02-25 13:46:12,071] {dag_processing.py:1292} INFO - Finding 'running' jobs without a recent heartbeat
[2020-02-25 13:46:12,072] {dag_processing.py:1296} INFO - Failing jobs without heartbeat after 2020-02-25 13:41:12.072387+00:00
[2020-02-25 13:46:12,104] {dag_processing.py:1029} INFO - 
================================================================================
DAG File Processing Stats

File Path                                   PID  Runtime      # DAGs    # Errors  Last Runtime    Last Run
----------------------------------------  -----  ---------  --------  ----------  --------------  -------------------
/usr/local/airflow/dags/moeeei.py                                  0           0  1.02s           2020-02-25T13:46:08
/usr/local/airflow/dags/pouli.py                                   0           0  1.04s           2020-02-25T13:46:12
/usr/local/airflow/dags/kitsos999.py       5172  0.01s             1           0  1.01s           2020-02-25T13:46:04
/usr/local/airflow/dags/tete.py                                    1           0  1.01s           2020-02-25T13:46:11
/usr/local/airflow/dags/pav.py                                     1           0  1.02s           2020-02-25T13:46:12
/usr/local/airflow/dags/kits5555os999.py   5169  0.01s             1           0  1.02s           2020-02-25T13:46:04
/usr/local/airflow/dags/mouni.py                                   1           0  1.01s           2020-02-25T13:46:08
/usr/local/airflow/dags/kitsos.py                                  1           0  1.01s           2020-02-25T13:46:10
/usr/local/airflow/dags/kitsos2.py                                 1           0  1.02s           2020-02-25T13:46:10
/usr/local/airflow/dags/kits.py                                    1           0  1.02s           2020-02-25T13:46:11
================================================================================
[2020-02-25 13:46:22,289] {dag_processing.py:1292} INFO - Finding 'running' jobs without a recent heartbeat
[2020-02-25 13:46:22,289] {dag_processing.py:1296} INFO - Failing jobs without heartbeat after 2020-02-25 13:41:22.289544+00:00
[2020-02-25 13:46:32,579] {dag_processing.py:1292} INFO - Finding 'running' jobs without a recent heartbeat
[2020-02-25 13:46:32,580] {dag_processing.py:1296} INFO - Failing jobs without heartbeat after 2020-02-25 13:41:32.580464+00:00
[2020-02-25 13:46:42,878] {dag_processing.py:1292} INFO - Finding 'running' jobs without a recent heartbeat
[2020-02-25 13:46:42,879] {dag_processing.py:1296} INFO - Failing jobs without heartbeat after 2020-02-25 13:41:42.879094+00:00
[2020-02-25 13:46:42,911] {dag_processing.py:1029} INFO - 
================================================================================
DAG File Processing Stats

File Path                                   PID  Runtime      # DAGs    # Errors  Last Runtime    Last Run
----------------------------------------  -----  ---------  --------  ----------  --------------  -------------------
/usr/local/airflow/dags/moeeei.py                                  0           0  1.03s           2020-02-25T13:46:41
/usr/local/airflow/dags/kitsos999.py                               1           0  1.01s           2020-02-25T13:46:37
/usr/local/airflow/dags/tete.py            5523  0.01s             1           0  1.04s           2020-02-25T13:46:39
/usr/local/airflow/dags/pav.py                                     1           0  1.01s           2020-02-25T13:46:40
/usr/local/airflow/dags/kits5555os999.py                           1           0  1.02s           2020-02-25T13:46:37
/usr/local/airflow/dags/mouni.py                                   1           0  1.02s           2020-02-25T13:46:41
/usr/local/airflow/dags/kitsos.py                                  1           0  1.02s           2020-02-25T13:46:42
/usr/local/airflow/dags/kitsos2.py                                 1           0  1.03s           2020-02-25T13:46:42
/usr/local/airflow/dags/kits.py            5520  0.02s             1           0  1.05s           2020-02-25T13:46:39
/usr/local/airflow/dags/pouli.py                                   1           0  1.02s           2020-02-25T13:46:40
================================================================================
[2020-02-25 13:46:53,121] {dag_processing.py:1292} INFO - Finding 'running' jobs without a recent heartbeat
[2020-02-25 13:46:53,122] {dag_processing.py:1296} INFO - Failing jobs without heartbeat after 2020-02-25 13:41:53.122595+00:00
[2020-02-25 13:47:03,345] {dag_processing.py:1292} INFO - Finding 'running' jobs without a recent heartbeat
[2020-02-25 13:47:03,345] {dag_processing.py:1296} INFO - Failing jobs without heartbeat after 2020-02-25 13:42:03.345659+00:00
[2020-02-25 13:47:13,570] {dag_processing.py:1292} INFO - Finding 'running' jobs without a recent heartbeat
[2020-02-25 13:47:13,570] {dag_processing.py:1296} INFO - Failing jobs without heartbeat after 2020-02-25 13:42:13.570912+00:00
[2020-02-25 13:47:13,600] {dag_processing.py:1029} INFO - 
================================================================================
DAG File Processing Stats

File Path                                   PID  Runtime      # DAGs    # Errors  Last Runtime    Last Run
----------------------------------------  -----  ---------  --------  ----------  --------------  -------------------
/usr/local/airflow/dags/moeeei.py          5832  0.01s             0           0  1.02s           2020-02-25T13:47:06
/usr/local/airflow/dags/kitsos999.py                               1           0  1.01s           2020-02-25T13:47:10
/usr/local/airflow/dags/tete.py                                    1           0  1.01s           2020-02-25T13:47:12
/usr/local/airflow/dags/pav.py                                     1           0  1.04s           2020-02-25T13:47:13
/usr/local/airflow/dags/kits5555os999.py                           1           0  1.02s           2020-02-25T13:47:10
/usr/local/airflow/dags/mouni.py           5835  0.01s             1           0  1.01s           2020-02-25T13:47:06
/usr/local/airflow/dags/kitsos.py                                  1           0  1.01s           2020-02-25T13:47:11
/usr/local/airflow/dags/kitsos2.py                                 1           0  1.02s           2020-02-25T13:47:11
/usr/local/airflow/dags/kits.py                                    1           0  1.02s           2020-02-25T13:47:12
/usr/local/airflow/dags/pouli.py                                   1           0  1.05s           2020-02-25T13:47:13
================================================================================
[2020-02-25 13:47:23,780] {dag_processing.py:1292} INFO - Finding 'running' jobs without a recent heartbeat
[2020-02-25 13:47:23,781] {dag_processing.py:1296} INFO - Failing jobs without heartbeat after 2020-02-25 13:42:23.781088+00:00
[2020-02-25 13:47:33,992] {dag_processing.py:1292} INFO - Finding 'running' jobs without a recent heartbeat
[2020-02-25 13:47:33,993] {dag_processing.py:1296} INFO - Failing jobs without heartbeat after 2020-02-25 13:42:33.993353+00:00
[2020-02-25 13:47:44,213] {dag_processing.py:1292} INFO - Finding 'running' jobs without a recent heartbeat
[2020-02-25 13:47:44,214] {dag_processing.py:1296} INFO - Failing jobs without heartbeat after 2020-02-25 13:42:44.214530+00:00
[2020-02-25 13:47:44,246] {dag_processing.py:1029} INFO - 
================================================================================
DAG File Processing Stats

File Path                                   PID  Runtime      # DAGs    # Errors  Last Runtime    Last Run
----------------------------------------  -----  ---------  --------  ----------  --------------  -------------------
/usr/local/airflow/dags/moeeei.py                                  0           0  1.02s           2020-02-25T13:47:39
/usr/local/airflow/dags/kitsos999.py                               1           0  1.01s           2020-02-25T13:47:43
/usr/local/airflow/dags/tete.py            6154  0.01s             1           0  1.01s           2020-02-25T13:47:41
/usr/local/airflow/dags/pav.py                                     1           0  1.01s           2020-02-25T13:47:42
/usr/local/airflow/dags/kits5555os999.py                           1           0  1.02s           2020-02-25T13:47:43
/usr/local/airflow/dags/mouni.py                                   1           0  1.01s           2020-02-25T13:47:39
/usr/local/airflow/dags/kitsos.py                                  1           0  1.02s           2020-02-25T13:47:44
/usr/local/airflow/dags/kitsos2.py                                 1           0  1.03s           2020-02-25T13:47:44
/usr/local/airflow/dags/kits.py            6151  0.01s             1           0  1.02s           2020-02-25T13:47:41
/usr/local/airflow/dags/pouli.py                                   1           0  1.02s           2020-02-25T13:47:42
================================================================================
[2020-02-25 13:47:54,426] {dag_processing.py:1292} INFO - Finding 'running' jobs without a recent heartbeat
[2020-02-25 13:47:54,426] {dag_processing.py:1296} INFO - Failing jobs without heartbeat after 2020-02-25 13:42:54.426889+00:00
