[2020-02-25 13:38:03,833] {logging_mixin.py:112} INFO - [2020-02-25 13:38:03,833] {settings.py:253} INFO - settings.configure_orm(): Using pool settings. pool_size=5, max_overflow=10, pool_recycle=1800, pid=189
[2020-02-25 13:38:03,838] {scheduler_job.py:153} INFO - Started process (PID=189) to work on /usr/local/airflow/dags/kits5555os999.py
[2020-02-25 13:38:03,843] {scheduler_job.py:1560} INFO - Processing file /usr/local/airflow/dags/kits5555os999.py for tasks to queue
[2020-02-25 13:38:03,843] {logging_mixin.py:112} INFO - [2020-02-25 13:38:03,843] {dagbag.py:403} INFO - Filling up the DagBag from /usr/local/airflow/dags/kits5555os999.py
[2020-02-25 13:38:03,852] {scheduler_job.py:1572} INFO - DAG(s) dict_keys(['kits5555os999']) retrieved from /usr/local/airflow/dags/kits5555os999.py
[2020-02-25 13:38:03,916] {scheduler_job.py:1282} INFO - Processing kits5555os999
[2020-02-25 13:38:03,928] {scheduler_job.py:446} INFO - Skipping SLA check for <DAG: kits5555os999> because no tasks in DAG have SLAs
[2020-02-25 13:38:03,934] {scheduler_job.py:161} INFO - Processing /usr/local/airflow/dags/kits5555os999.py took 0.096 seconds
[2020-02-25 13:38:07,923] {logging_mixin.py:112} INFO - [2020-02-25 13:38:07,922] {settings.py:253} INFO - settings.configure_orm(): Using pool settings. pool_size=5, max_overflow=10, pool_recycle=1800, pid=244
[2020-02-25 13:38:07,927] {scheduler_job.py:153} INFO - Started process (PID=244) to work on /usr/local/airflow/dags/kits5555os999.py
[2020-02-25 13:38:07,931] {scheduler_job.py:1560} INFO - Processing file /usr/local/airflow/dags/kits5555os999.py for tasks to queue
[2020-02-25 13:38:07,931] {logging_mixin.py:112} INFO - [2020-02-25 13:38:07,931] {dagbag.py:403} INFO - Filling up the DagBag from /usr/local/airflow/dags/kits5555os999.py
[2020-02-25 13:38:07,940] {scheduler_job.py:1572} INFO - DAG(s) dict_keys(['kits5555os999']) retrieved from /usr/local/airflow/dags/kits5555os999.py
[2020-02-25 13:38:08,009] {scheduler_job.py:1282} INFO - Processing kits5555os999
[2020-02-25 13:38:08,024] {scheduler_job.py:446} INFO - Skipping SLA check for <DAG: kits5555os999> because no tasks in DAG have SLAs
[2020-02-25 13:38:08,037] {scheduler_job.py:161} INFO - Processing /usr/local/airflow/dags/kits5555os999.py took 0.110 seconds
[2020-02-25 13:38:14,069] {logging_mixin.py:112} INFO - [2020-02-25 13:38:14,068] {settings.py:253} INFO - settings.configure_orm(): Using pool settings. pool_size=5, max_overflow=10, pool_recycle=1800, pid=310
[2020-02-25 13:38:14,073] {scheduler_job.py:153} INFO - Started process (PID=310) to work on /usr/local/airflow/dags/kits5555os999.py
[2020-02-25 13:38:14,078] {scheduler_job.py:1560} INFO - Processing file /usr/local/airflow/dags/kits5555os999.py for tasks to queue
[2020-02-25 13:38:14,079] {logging_mixin.py:112} INFO - [2020-02-25 13:38:14,078] {dagbag.py:403} INFO - Filling up the DagBag from /usr/local/airflow/dags/kits5555os999.py
[2020-02-25 13:38:14,087] {scheduler_job.py:1572} INFO - DAG(s) dict_keys(['kits5555os999']) retrieved from /usr/local/airflow/dags/kits5555os999.py
[2020-02-25 13:38:14,159] {scheduler_job.py:1282} INFO - Processing kits5555os999
[2020-02-25 13:38:14,168] {scheduler_job.py:446} INFO - Skipping SLA check for <DAG: kits5555os999> because no tasks in DAG have SLAs
[2020-02-25 13:38:14,175] {scheduler_job.py:161} INFO - Processing /usr/local/airflow/dags/kits5555os999.py took 0.101 seconds
[2020-02-25 13:38:20,177] {logging_mixin.py:112} INFO - [2020-02-25 13:38:20,177] {settings.py:253} INFO - settings.configure_orm(): Using pool settings. pool_size=5, max_overflow=10, pool_recycle=1800, pid=372
[2020-02-25 13:38:20,182] {scheduler_job.py:153} INFO - Started process (PID=372) to work on /usr/local/airflow/dags/kits5555os999.py
[2020-02-25 13:38:20,186] {scheduler_job.py:1560} INFO - Processing file /usr/local/airflow/dags/kits5555os999.py for tasks to queue
[2020-02-25 13:38:20,187] {logging_mixin.py:112} INFO - [2020-02-25 13:38:20,187] {dagbag.py:403} INFO - Filling up the DagBag from /usr/local/airflow/dags/kits5555os999.py
[2020-02-25 13:38:20,196] {scheduler_job.py:1572} INFO - DAG(s) dict_keys(['kits5555os999']) retrieved from /usr/local/airflow/dags/kits5555os999.py
[2020-02-25 13:38:20,266] {scheduler_job.py:1282} INFO - Processing kits5555os999
[2020-02-25 13:38:20,278] {scheduler_job.py:446} INFO - Skipping SLA check for <DAG: kits5555os999> because no tasks in DAG have SLAs
[2020-02-25 13:38:20,285] {scheduler_job.py:161} INFO - Processing /usr/local/airflow/dags/kits5555os999.py took 0.103 seconds
[2020-02-25 13:38:26,309] {logging_mixin.py:112} INFO - [2020-02-25 13:38:26,308] {settings.py:253} INFO - settings.configure_orm(): Using pool settings. pool_size=5, max_overflow=10, pool_recycle=1800, pid=437
[2020-02-25 13:38:26,313] {scheduler_job.py:153} INFO - Started process (PID=437) to work on /usr/local/airflow/dags/kits5555os999.py
[2020-02-25 13:38:26,317] {scheduler_job.py:1560} INFO - Processing file /usr/local/airflow/dags/kits5555os999.py for tasks to queue
[2020-02-25 13:38:26,317] {logging_mixin.py:112} INFO - [2020-02-25 13:38:26,317] {dagbag.py:403} INFO - Filling up the DagBag from /usr/local/airflow/dags/kits5555os999.py
[2020-02-25 13:38:26,326] {scheduler_job.py:1572} INFO - DAG(s) dict_keys(['kits5555os999']) retrieved from /usr/local/airflow/dags/kits5555os999.py
[2020-02-25 13:38:26,393] {scheduler_job.py:1282} INFO - Processing kits5555os999
[2020-02-25 13:38:26,405] {scheduler_job.py:446} INFO - Skipping SLA check for <DAG: kits5555os999> because no tasks in DAG have SLAs
[2020-02-25 13:38:26,411] {scheduler_job.py:161} INFO - Processing /usr/local/airflow/dags/kits5555os999.py took 0.098 seconds
[2020-02-25 13:38:32,437] {logging_mixin.py:112} INFO - [2020-02-25 13:38:32,437] {settings.py:253} INFO - settings.configure_orm(): Using pool settings. pool_size=5, max_overflow=10, pool_recycle=1800, pid=497
[2020-02-25 13:38:32,441] {scheduler_job.py:153} INFO - Started process (PID=497) to work on /usr/local/airflow/dags/kits5555os999.py
[2020-02-25 13:38:32,446] {scheduler_job.py:1560} INFO - Processing file /usr/local/airflow/dags/kits5555os999.py for tasks to queue
[2020-02-25 13:38:32,446] {logging_mixin.py:112} INFO - [2020-02-25 13:38:32,446] {dagbag.py:403} INFO - Filling up the DagBag from /usr/local/airflow/dags/kits5555os999.py
[2020-02-25 13:38:32,453] {scheduler_job.py:1572} INFO - DAG(s) dict_keys(['kits5555os999']) retrieved from /usr/local/airflow/dags/kits5555os999.py
[2020-02-25 13:38:32,531] {scheduler_job.py:1282} INFO - Processing kits5555os999
[2020-02-25 13:38:32,540] {scheduler_job.py:446} INFO - Skipping SLA check for <DAG: kits5555os999> because no tasks in DAG have SLAs
[2020-02-25 13:38:32,547] {scheduler_job.py:161} INFO - Processing /usr/local/airflow/dags/kits5555os999.py took 0.106 seconds
[2020-02-25 13:38:38,581] {logging_mixin.py:112} INFO - [2020-02-25 13:38:38,580] {settings.py:253} INFO - settings.configure_orm(): Using pool settings. pool_size=5, max_overflow=10, pool_recycle=1800, pid=557
[2020-02-25 13:38:38,587] {scheduler_job.py:153} INFO - Started process (PID=557) to work on /usr/local/airflow/dags/kits5555os999.py
[2020-02-25 13:38:38,596] {scheduler_job.py:1560} INFO - Processing file /usr/local/airflow/dags/kits5555os999.py for tasks to queue
[2020-02-25 13:38:38,597] {logging_mixin.py:112} INFO - [2020-02-25 13:38:38,597] {dagbag.py:403} INFO - Filling up the DagBag from /usr/local/airflow/dags/kits5555os999.py
[2020-02-25 13:38:38,610] {scheduler_job.py:1572} INFO - DAG(s) dict_keys(['kits5555os999']) retrieved from /usr/local/airflow/dags/kits5555os999.py
[2020-02-25 13:38:38,705] {scheduler_job.py:1282} INFO - Processing kits5555os999
[2020-02-25 13:38:38,717] {scheduler_job.py:446} INFO - Skipping SLA check for <DAG: kits5555os999> because no tasks in DAG have SLAs
[2020-02-25 13:38:38,733] {scheduler_job.py:161} INFO - Processing /usr/local/airflow/dags/kits5555os999.py took 0.146 seconds
[2020-02-25 13:38:44,689] {logging_mixin.py:112} INFO - [2020-02-25 13:38:44,688] {settings.py:253} INFO - settings.configure_orm(): Using pool settings. pool_size=5, max_overflow=10, pool_recycle=1800, pid=629
[2020-02-25 13:38:44,693] {scheduler_job.py:153} INFO - Started process (PID=629) to work on /usr/local/airflow/dags/kits5555os999.py
[2020-02-25 13:38:44,698] {scheduler_job.py:1560} INFO - Processing file /usr/local/airflow/dags/kits5555os999.py for tasks to queue
[2020-02-25 13:38:44,699] {logging_mixin.py:112} INFO - [2020-02-25 13:38:44,699] {dagbag.py:403} INFO - Filling up the DagBag from /usr/local/airflow/dags/kits5555os999.py
[2020-02-25 13:38:44,707] {scheduler_job.py:1572} INFO - DAG(s) dict_keys(['kits5555os999']) retrieved from /usr/local/airflow/dags/kits5555os999.py
[2020-02-25 13:38:44,769] {scheduler_job.py:1282} INFO - Processing kits5555os999
[2020-02-25 13:38:44,779] {scheduler_job.py:446} INFO - Skipping SLA check for <DAG: kits5555os999> because no tasks in DAG have SLAs
[2020-02-25 13:38:44,786] {scheduler_job.py:161} INFO - Processing /usr/local/airflow/dags/kits5555os999.py took 0.092 seconds
[2020-02-25 13:38:52,817] {logging_mixin.py:112} INFO - [2020-02-25 13:38:52,817] {settings.py:253} INFO - settings.configure_orm(): Using pool settings. pool_size=5, max_overflow=10, pool_recycle=1800, pid=689
[2020-02-25 13:38:52,823] {scheduler_job.py:153} INFO - Started process (PID=689) to work on /usr/local/airflow/dags/kits5555os999.py
[2020-02-25 13:38:52,828] {scheduler_job.py:1560} INFO - Processing file /usr/local/airflow/dags/kits5555os999.py for tasks to queue
[2020-02-25 13:38:52,828] {logging_mixin.py:112} INFO - [2020-02-25 13:38:52,828] {dagbag.py:403} INFO - Filling up the DagBag from /usr/local/airflow/dags/kits5555os999.py
[2020-02-25 13:38:52,836] {scheduler_job.py:1572} INFO - DAG(s) dict_keys(['kits5555os999']) retrieved from /usr/local/airflow/dags/kits5555os999.py
[2020-02-25 13:38:52,902] {scheduler_job.py:1282} INFO - Processing kits5555os999
[2020-02-25 13:38:52,912] {scheduler_job.py:446} INFO - Skipping SLA check for <DAG: kits5555os999> because no tasks in DAG have SLAs
[2020-02-25 13:38:52,918] {scheduler_job.py:161} INFO - Processing /usr/local/airflow/dags/kits5555os999.py took 0.095 seconds
[2020-02-25 13:38:58,937] {logging_mixin.py:112} INFO - [2020-02-25 13:38:58,937] {settings.py:253} INFO - settings.configure_orm(): Using pool settings. pool_size=5, max_overflow=10, pool_recycle=1800, pid=762
[2020-02-25 13:38:58,941] {scheduler_job.py:153} INFO - Started process (PID=762) to work on /usr/local/airflow/dags/kits5555os999.py
[2020-02-25 13:38:58,946] {scheduler_job.py:1560} INFO - Processing file /usr/local/airflow/dags/kits5555os999.py for tasks to queue
[2020-02-25 13:38:58,946] {logging_mixin.py:112} INFO - [2020-02-25 13:38:58,946] {dagbag.py:403} INFO - Filling up the DagBag from /usr/local/airflow/dags/kits5555os999.py
[2020-02-25 13:38:58,954] {scheduler_job.py:1572} INFO - DAG(s) dict_keys(['kits5555os999']) retrieved from /usr/local/airflow/dags/kits5555os999.py
[2020-02-25 13:38:59,019] {scheduler_job.py:1282} INFO - Processing kits5555os999
[2020-02-25 13:38:59,029] {scheduler_job.py:446} INFO - Skipping SLA check for <DAG: kits5555os999> because no tasks in DAG have SLAs
[2020-02-25 13:38:59,036] {scheduler_job.py:161} INFO - Processing /usr/local/airflow/dags/kits5555os999.py took 0.094 seconds
[2020-02-25 13:39:05,077] {logging_mixin.py:112} INFO - [2020-02-25 13:39:05,077] {settings.py:253} INFO - settings.configure_orm(): Using pool settings. pool_size=5, max_overflow=10, pool_recycle=1800, pid=822
[2020-02-25 13:39:05,083] {scheduler_job.py:153} INFO - Started process (PID=822) to work on /usr/local/airflow/dags/kits5555os999.py
[2020-02-25 13:39:05,088] {scheduler_job.py:1560} INFO - Processing file /usr/local/airflow/dags/kits5555os999.py for tasks to queue
[2020-02-25 13:39:05,089] {logging_mixin.py:112} INFO - [2020-02-25 13:39:05,089] {dagbag.py:403} INFO - Filling up the DagBag from /usr/local/airflow/dags/kits5555os999.py
[2020-02-25 13:39:05,099] {scheduler_job.py:1572} INFO - DAG(s) dict_keys(['kits5555os999']) retrieved from /usr/local/airflow/dags/kits5555os999.py
[2020-02-25 13:39:05,173] {scheduler_job.py:1282} INFO - Processing kits5555os999
[2020-02-25 13:39:05,186] {scheduler_job.py:446} INFO - Skipping SLA check for <DAG: kits5555os999> because no tasks in DAG have SLAs
[2020-02-25 13:39:05,194] {scheduler_job.py:161} INFO - Processing /usr/local/airflow/dags/kits5555os999.py took 0.111 seconds
[2020-02-25 13:39:11,191] {logging_mixin.py:112} INFO - [2020-02-25 13:39:11,191] {settings.py:253} INFO - settings.configure_orm(): Using pool settings. pool_size=5, max_overflow=10, pool_recycle=1800, pid=887
[2020-02-25 13:39:11,195] {scheduler_job.py:153} INFO - Started process (PID=887) to work on /usr/local/airflow/dags/kits5555os999.py
[2020-02-25 13:39:11,199] {scheduler_job.py:1560} INFO - Processing file /usr/local/airflow/dags/kits5555os999.py for tasks to queue
[2020-02-25 13:39:11,199] {logging_mixin.py:112} INFO - [2020-02-25 13:39:11,199] {dagbag.py:403} INFO - Filling up the DagBag from /usr/local/airflow/dags/kits5555os999.py
[2020-02-25 13:39:11,207] {scheduler_job.py:1572} INFO - DAG(s) dict_keys(['kits5555os999']) retrieved from /usr/local/airflow/dags/kits5555os999.py
[2020-02-25 13:39:11,269] {scheduler_job.py:1282} INFO - Processing kits5555os999
[2020-02-25 13:39:11,278] {scheduler_job.py:446} INFO - Skipping SLA check for <DAG: kits5555os999> because no tasks in DAG have SLAs
[2020-02-25 13:39:11,285] {scheduler_job.py:161} INFO - Processing /usr/local/airflow/dags/kits5555os999.py took 0.090 seconds
[2020-02-25 13:39:17,321] {logging_mixin.py:112} INFO - [2020-02-25 13:39:17,320] {settings.py:253} INFO - settings.configure_orm(): Using pool settings. pool_size=5, max_overflow=10, pool_recycle=1800, pid=948
[2020-02-25 13:39:17,327] {scheduler_job.py:153} INFO - Started process (PID=948) to work on /usr/local/airflow/dags/kits5555os999.py
[2020-02-25 13:39:17,331] {scheduler_job.py:1560} INFO - Processing file /usr/local/airflow/dags/kits5555os999.py for tasks to queue
[2020-02-25 13:39:17,332] {logging_mixin.py:112} INFO - [2020-02-25 13:39:17,332] {dagbag.py:403} INFO - Filling up the DagBag from /usr/local/airflow/dags/kits5555os999.py
[2020-02-25 13:39:17,342] {scheduler_job.py:1572} INFO - DAG(s) dict_keys(['kits5555os999']) retrieved from /usr/local/airflow/dags/kits5555os999.py
[2020-02-25 13:39:17,427] {scheduler_job.py:1282} INFO - Processing kits5555os999
[2020-02-25 13:39:17,440] {scheduler_job.py:446} INFO - Skipping SLA check for <DAG: kits5555os999> because no tasks in DAG have SLAs
[2020-02-25 13:39:17,448] {scheduler_job.py:161} INFO - Processing /usr/local/airflow/dags/kits5555os999.py took 0.121 seconds
[2020-02-25 13:39:23,444] {logging_mixin.py:112} INFO - [2020-02-25 13:39:23,443] {settings.py:253} INFO - settings.configure_orm(): Using pool settings. pool_size=5, max_overflow=10, pool_recycle=1800, pid=1008
[2020-02-25 13:39:23,448] {scheduler_job.py:153} INFO - Started process (PID=1008) to work on /usr/local/airflow/dags/kits5555os999.py
[2020-02-25 13:39:23,454] {scheduler_job.py:1560} INFO - Processing file /usr/local/airflow/dags/kits5555os999.py for tasks to queue
[2020-02-25 13:39:23,455] {logging_mixin.py:112} INFO - [2020-02-25 13:39:23,455] {dagbag.py:403} INFO - Filling up the DagBag from /usr/local/airflow/dags/kits5555os999.py
[2020-02-25 13:39:23,463] {scheduler_job.py:1572} INFO - DAG(s) dict_keys(['kits5555os999']) retrieved from /usr/local/airflow/dags/kits5555os999.py
[2020-02-25 13:39:23,531] {scheduler_job.py:1282} INFO - Processing kits5555os999
[2020-02-25 13:39:23,541] {scheduler_job.py:446} INFO - Skipping SLA check for <DAG: kits5555os999> because no tasks in DAG have SLAs
[2020-02-25 13:39:23,551] {scheduler_job.py:161} INFO - Processing /usr/local/airflow/dags/kits5555os999.py took 0.102 seconds
[2020-02-25 13:39:29,562] {logging_mixin.py:112} INFO - [2020-02-25 13:39:29,561] {settings.py:253} INFO - settings.configure_orm(): Using pool settings. pool_size=5, max_overflow=10, pool_recycle=1800, pid=1073
[2020-02-25 13:39:29,567] {scheduler_job.py:153} INFO - Started process (PID=1073) to work on /usr/local/airflow/dags/kits5555os999.py
[2020-02-25 13:39:29,573] {scheduler_job.py:1560} INFO - Processing file /usr/local/airflow/dags/kits5555os999.py for tasks to queue
[2020-02-25 13:39:29,575] {logging_mixin.py:112} INFO - [2020-02-25 13:39:29,574] {dagbag.py:403} INFO - Filling up the DagBag from /usr/local/airflow/dags/kits5555os999.py
[2020-02-25 13:39:29,583] {scheduler_job.py:1572} INFO - DAG(s) dict_keys(['kits5555os999']) retrieved from /usr/local/airflow/dags/kits5555os999.py
[2020-02-25 13:39:29,650] {scheduler_job.py:1282} INFO - Processing kits5555os999
[2020-02-25 13:39:29,666] {scheduler_job.py:446} INFO - Skipping SLA check for <DAG: kits5555os999> because no tasks in DAG have SLAs
[2020-02-25 13:39:29,673] {scheduler_job.py:161} INFO - Processing /usr/local/airflow/dags/kits5555os999.py took 0.106 seconds
[2020-02-25 13:39:35,714] {logging_mixin.py:112} INFO - [2020-02-25 13:39:35,713] {settings.py:253} INFO - settings.configure_orm(): Using pool settings. pool_size=5, max_overflow=10, pool_recycle=1800, pid=1133
[2020-02-25 13:39:35,720] {scheduler_job.py:153} INFO - Started process (PID=1133) to work on /usr/local/airflow/dags/kits5555os999.py
[2020-02-25 13:39:35,724] {scheduler_job.py:1560} INFO - Processing file /usr/local/airflow/dags/kits5555os999.py for tasks to queue
[2020-02-25 13:39:35,725] {logging_mixin.py:112} INFO - [2020-02-25 13:39:35,725] {dagbag.py:403} INFO - Filling up the DagBag from /usr/local/airflow/dags/kits5555os999.py
[2020-02-25 13:39:35,736] {scheduler_job.py:1572} INFO - DAG(s) dict_keys(['kits5555os999']) retrieved from /usr/local/airflow/dags/kits5555os999.py
[2020-02-25 13:39:35,832] {scheduler_job.py:1282} INFO - Processing kits5555os999
[2020-02-25 13:39:35,842] {scheduler_job.py:446} INFO - Skipping SLA check for <DAG: kits5555os999> because no tasks in DAG have SLAs
[2020-02-25 13:39:35,854] {scheduler_job.py:161} INFO - Processing /usr/local/airflow/dags/kits5555os999.py took 0.134 seconds
[2020-02-25 13:39:41,836] {logging_mixin.py:112} INFO - [2020-02-25 13:39:41,831] {settings.py:253} INFO - settings.configure_orm(): Using pool settings. pool_size=5, max_overflow=10, pool_recycle=1800, pid=1199
[2020-02-25 13:39:41,841] {scheduler_job.py:153} INFO - Started process (PID=1199) to work on /usr/local/airflow/dags/kits5555os999.py
[2020-02-25 13:39:41,846] {scheduler_job.py:1560} INFO - Processing file /usr/local/airflow/dags/kits5555os999.py for tasks to queue
[2020-02-25 13:39:41,847] {logging_mixin.py:112} INFO - [2020-02-25 13:39:41,847] {dagbag.py:403} INFO - Filling up the DagBag from /usr/local/airflow/dags/kits5555os999.py
[2020-02-25 13:39:41,859] {scheduler_job.py:1572} INFO - DAG(s) dict_keys(['kits5555os999']) retrieved from /usr/local/airflow/dags/kits5555os999.py
[2020-02-25 13:39:41,936] {scheduler_job.py:1282} INFO - Processing kits5555os999
[2020-02-25 13:39:41,951] {scheduler_job.py:446} INFO - Skipping SLA check for <DAG: kits5555os999> because no tasks in DAG have SLAs
[2020-02-25 13:39:41,957] {scheduler_job.py:161} INFO - Processing /usr/local/airflow/dags/kits5555os999.py took 0.116 seconds
[2020-02-25 13:39:47,954] {logging_mixin.py:112} INFO - [2020-02-25 13:39:47,953] {settings.py:253} INFO - settings.configure_orm(): Using pool settings. pool_size=5, max_overflow=10, pool_recycle=1800, pid=1259
[2020-02-25 13:39:47,958] {scheduler_job.py:153} INFO - Started process (PID=1259) to work on /usr/local/airflow/dags/kits5555os999.py
[2020-02-25 13:39:47,962] {scheduler_job.py:1560} INFO - Processing file /usr/local/airflow/dags/kits5555os999.py for tasks to queue
[2020-02-25 13:39:47,963] {logging_mixin.py:112} INFO - [2020-02-25 13:39:47,963] {dagbag.py:403} INFO - Filling up the DagBag from /usr/local/airflow/dags/kits5555os999.py
[2020-02-25 13:39:47,971] {scheduler_job.py:1572} INFO - DAG(s) dict_keys(['kits5555os999']) retrieved from /usr/local/airflow/dags/kits5555os999.py
[2020-02-25 13:39:48,035] {scheduler_job.py:1282} INFO - Processing kits5555os999
[2020-02-25 13:39:48,048] {scheduler_job.py:446} INFO - Skipping SLA check for <DAG: kits5555os999> because no tasks in DAG have SLAs
[2020-02-25 13:39:48,054] {scheduler_job.py:161} INFO - Processing /usr/local/airflow/dags/kits5555os999.py took 0.096 seconds
[2020-02-25 13:39:54,093] {logging_mixin.py:112} INFO - [2020-02-25 13:39:54,092] {settings.py:253} INFO - settings.configure_orm(): Using pool settings. pool_size=5, max_overflow=10, pool_recycle=1800, pid=1319
[2020-02-25 13:39:54,097] {scheduler_job.py:153} INFO - Started process (PID=1319) to work on /usr/local/airflow/dags/kits5555os999.py
[2020-02-25 13:39:54,102] {scheduler_job.py:1560} INFO - Processing file /usr/local/airflow/dags/kits5555os999.py for tasks to queue
[2020-02-25 13:39:54,102] {logging_mixin.py:112} INFO - [2020-02-25 13:39:54,102] {dagbag.py:403} INFO - Filling up the DagBag from /usr/local/airflow/dags/kits5555os999.py
[2020-02-25 13:39:54,110] {scheduler_job.py:1572} INFO - DAG(s) dict_keys(['kits5555os999']) retrieved from /usr/local/airflow/dags/kits5555os999.py
[2020-02-25 13:39:54,171] {scheduler_job.py:1282} INFO - Processing kits5555os999
[2020-02-25 13:39:54,181] {scheduler_job.py:446} INFO - Skipping SLA check for <DAG: kits5555os999> because no tasks in DAG have SLAs
[2020-02-25 13:39:54,189] {scheduler_job.py:161} INFO - Processing /usr/local/airflow/dags/kits5555os999.py took 0.092 seconds
[2020-02-25 13:40:00,214] {logging_mixin.py:112} INFO - [2020-02-25 13:40:00,214] {settings.py:253} INFO - settings.configure_orm(): Using pool settings. pool_size=5, max_overflow=10, pool_recycle=1800, pid=1384
[2020-02-25 13:40:00,219] {scheduler_job.py:153} INFO - Started process (PID=1384) to work on /usr/local/airflow/dags/kits5555os999.py
[2020-02-25 13:40:00,223] {scheduler_job.py:1560} INFO - Processing file /usr/local/airflow/dags/kits5555os999.py for tasks to queue
[2020-02-25 13:40:00,223] {logging_mixin.py:112} INFO - [2020-02-25 13:40:00,223] {dagbag.py:403} INFO - Filling up the DagBag from /usr/local/airflow/dags/kits5555os999.py
[2020-02-25 13:40:00,231] {scheduler_job.py:1572} INFO - DAG(s) dict_keys(['kits5555os999']) retrieved from /usr/local/airflow/dags/kits5555os999.py
[2020-02-25 13:40:00,303] {scheduler_job.py:1282} INFO - Processing kits5555os999
[2020-02-25 13:40:00,313] {scheduler_job.py:446} INFO - Skipping SLA check for <DAG: kits5555os999> because no tasks in DAG have SLAs
[2020-02-25 13:40:00,319] {scheduler_job.py:161} INFO - Processing /usr/local/airflow/dags/kits5555os999.py took 0.100 seconds
[2020-02-25 13:40:06,348] {logging_mixin.py:112} INFO - [2020-02-25 13:40:06,348] {settings.py:253} INFO - settings.configure_orm(): Using pool settings. pool_size=5, max_overflow=10, pool_recycle=1800, pid=1444
[2020-02-25 13:40:06,353] {scheduler_job.py:153} INFO - Started process (PID=1444) to work on /usr/local/airflow/dags/kits5555os999.py
[2020-02-25 13:40:06,357] {scheduler_job.py:1560} INFO - Processing file /usr/local/airflow/dags/kits5555os999.py for tasks to queue
[2020-02-25 13:40:06,357] {logging_mixin.py:112} INFO - [2020-02-25 13:40:06,357] {dagbag.py:403} INFO - Filling up the DagBag from /usr/local/airflow/dags/kits5555os999.py
[2020-02-25 13:40:06,365] {scheduler_job.py:1572} INFO - DAG(s) dict_keys(['kits5555os999']) retrieved from /usr/local/airflow/dags/kits5555os999.py
[2020-02-25 13:40:06,431] {scheduler_job.py:1282} INFO - Processing kits5555os999
[2020-02-25 13:40:06,441] {scheduler_job.py:446} INFO - Skipping SLA check for <DAG: kits5555os999> because no tasks in DAG have SLAs
[2020-02-25 13:40:06,447] {scheduler_job.py:161} INFO - Processing /usr/local/airflow/dags/kits5555os999.py took 0.094 seconds
[2020-02-25 13:40:12,467] {logging_mixin.py:112} INFO - [2020-02-25 13:40:12,466] {settings.py:253} INFO - settings.configure_orm(): Using pool settings. pool_size=5, max_overflow=10, pool_recycle=1800, pid=1510
[2020-02-25 13:40:12,471] {scheduler_job.py:153} INFO - Started process (PID=1510) to work on /usr/local/airflow/dags/kits5555os999.py
[2020-02-25 13:40:12,476] {scheduler_job.py:1560} INFO - Processing file /usr/local/airflow/dags/kits5555os999.py for tasks to queue
[2020-02-25 13:40:12,477] {logging_mixin.py:112} INFO - [2020-02-25 13:40:12,476] {dagbag.py:403} INFO - Filling up the DagBag from /usr/local/airflow/dags/kits5555os999.py
[2020-02-25 13:40:12,485] {scheduler_job.py:1572} INFO - DAG(s) dict_keys(['kits5555os999']) retrieved from /usr/local/airflow/dags/kits5555os999.py
[2020-02-25 13:40:12,553] {scheduler_job.py:1282} INFO - Processing kits5555os999
[2020-02-25 13:40:12,564] {scheduler_job.py:446} INFO - Skipping SLA check for <DAG: kits5555os999> because no tasks in DAG have SLAs
[2020-02-25 13:40:12,570] {scheduler_job.py:161} INFO - Processing /usr/local/airflow/dags/kits5555os999.py took 0.099 seconds
[2020-02-25 13:40:18,591] {logging_mixin.py:112} INFO - [2020-02-25 13:40:18,591] {settings.py:253} INFO - settings.configure_orm(): Using pool settings. pool_size=5, max_overflow=10, pool_recycle=1800, pid=1571
[2020-02-25 13:40:18,596] {scheduler_job.py:153} INFO - Started process (PID=1571) to work on /usr/local/airflow/dags/kits5555os999.py
[2020-02-25 13:40:18,601] {scheduler_job.py:1560} INFO - Processing file /usr/local/airflow/dags/kits5555os999.py for tasks to queue
[2020-02-25 13:40:18,602] {logging_mixin.py:112} INFO - [2020-02-25 13:40:18,602] {dagbag.py:403} INFO - Filling up the DagBag from /usr/local/airflow/dags/kits5555os999.py
[2020-02-25 13:40:18,614] {scheduler_job.py:1572} INFO - DAG(s) dict_keys(['kits5555os999']) retrieved from /usr/local/airflow/dags/kits5555os999.py
[2020-02-25 13:40:18,687] {scheduler_job.py:1282} INFO - Processing kits5555os999
[2020-02-25 13:40:18,697] {scheduler_job.py:446} INFO - Skipping SLA check for <DAG: kits5555os999> because no tasks in DAG have SLAs
[2020-02-25 13:40:18,704] {scheduler_job.py:161} INFO - Processing /usr/local/airflow/dags/kits5555os999.py took 0.108 seconds
[2020-02-25 13:40:24,723] {logging_mixin.py:112} INFO - [2020-02-25 13:40:24,723] {settings.py:253} INFO - settings.configure_orm(): Using pool settings. pool_size=5, max_overflow=10, pool_recycle=1800, pid=1631
[2020-02-25 13:40:24,728] {scheduler_job.py:153} INFO - Started process (PID=1631) to work on /usr/local/airflow/dags/kits5555os999.py
[2020-02-25 13:40:24,735] {scheduler_job.py:1560} INFO - Processing file /usr/local/airflow/dags/kits5555os999.py for tasks to queue
[2020-02-25 13:40:24,736] {logging_mixin.py:112} INFO - [2020-02-25 13:40:24,735] {dagbag.py:403} INFO - Filling up the DagBag from /usr/local/airflow/dags/kits5555os999.py
[2020-02-25 13:40:24,744] {scheduler_job.py:1572} INFO - DAG(s) dict_keys(['kits5555os999']) retrieved from /usr/local/airflow/dags/kits5555os999.py
[2020-02-25 13:40:24,813] {scheduler_job.py:1282} INFO - Processing kits5555os999
[2020-02-25 13:40:24,825] {scheduler_job.py:446} INFO - Skipping SLA check for <DAG: kits5555os999> because no tasks in DAG have SLAs
[2020-02-25 13:40:24,831] {scheduler_job.py:161} INFO - Processing /usr/local/airflow/dags/kits5555os999.py took 0.103 seconds
[2020-02-25 13:40:30,839] {logging_mixin.py:112} INFO - [2020-02-25 13:40:30,838] {settings.py:253} INFO - settings.configure_orm(): Using pool settings. pool_size=5, max_overflow=10, pool_recycle=1800, pid=1701
[2020-02-25 13:40:30,843] {scheduler_job.py:153} INFO - Started process (PID=1701) to work on /usr/local/airflow/dags/kits5555os999.py
[2020-02-25 13:40:30,847] {scheduler_job.py:1560} INFO - Processing file /usr/local/airflow/dags/kits5555os999.py for tasks to queue
[2020-02-25 13:40:30,848] {logging_mixin.py:112} INFO - [2020-02-25 13:40:30,848] {dagbag.py:403} INFO - Filling up the DagBag from /usr/local/airflow/dags/kits5555os999.py
[2020-02-25 13:40:30,855] {scheduler_job.py:1572} INFO - DAG(s) dict_keys(['kits5555os999']) retrieved from /usr/local/airflow/dags/kits5555os999.py
[2020-02-25 13:40:30,917] {scheduler_job.py:1282} INFO - Processing kits5555os999
[2020-02-25 13:40:30,928] {scheduler_job.py:446} INFO - Skipping SLA check for <DAG: kits5555os999> because no tasks in DAG have SLAs
[2020-02-25 13:40:30,935] {scheduler_job.py:161} INFO - Processing /usr/local/airflow/dags/kits5555os999.py took 0.092 seconds
[2020-02-25 13:40:36,975] {logging_mixin.py:112} INFO - [2020-02-25 13:40:36,974] {settings.py:253} INFO - settings.configure_orm(): Using pool settings. pool_size=5, max_overflow=10, pool_recycle=1800, pid=1761
[2020-02-25 13:40:36,980] {scheduler_job.py:153} INFO - Started process (PID=1761) to work on /usr/local/airflow/dags/kits5555os999.py
[2020-02-25 13:40:36,985] {scheduler_job.py:1560} INFO - Processing file /usr/local/airflow/dags/kits5555os999.py for tasks to queue
[2020-02-25 13:40:36,986] {logging_mixin.py:112} INFO - [2020-02-25 13:40:36,986] {dagbag.py:403} INFO - Filling up the DagBag from /usr/local/airflow/dags/kits5555os999.py
[2020-02-25 13:40:36,996] {scheduler_job.py:1572} INFO - DAG(s) dict_keys(['kits5555os999']) retrieved from /usr/local/airflow/dags/kits5555os999.py
[2020-02-25 13:40:37,092] {scheduler_job.py:1282} INFO - Processing kits5555os999
[2020-02-25 13:40:37,103] {scheduler_job.py:446} INFO - Skipping SLA check for <DAG: kits5555os999> because no tasks in DAG have SLAs
[2020-02-25 13:40:37,110] {scheduler_job.py:161} INFO - Processing /usr/local/airflow/dags/kits5555os999.py took 0.130 seconds
[2020-02-25 13:40:43,108] {logging_mixin.py:112} INFO - [2020-02-25 13:40:43,107] {settings.py:253} INFO - settings.configure_orm(): Using pool settings. pool_size=5, max_overflow=10, pool_recycle=1800, pid=1826
[2020-02-25 13:40:43,112] {scheduler_job.py:153} INFO - Started process (PID=1826) to work on /usr/local/airflow/dags/kits5555os999.py
[2020-02-25 13:40:43,116] {scheduler_job.py:1560} INFO - Processing file /usr/local/airflow/dags/kits5555os999.py for tasks to queue
[2020-02-25 13:40:43,117] {logging_mixin.py:112} INFO - [2020-02-25 13:40:43,117] {dagbag.py:403} INFO - Filling up the DagBag from /usr/local/airflow/dags/kits5555os999.py
[2020-02-25 13:40:43,126] {scheduler_job.py:1572} INFO - DAG(s) dict_keys(['kits5555os999']) retrieved from /usr/local/airflow/dags/kits5555os999.py
[2020-02-25 13:40:43,192] {scheduler_job.py:1282} INFO - Processing kits5555os999
[2020-02-25 13:40:43,202] {scheduler_job.py:446} INFO - Skipping SLA check for <DAG: kits5555os999> because no tasks in DAG have SLAs
[2020-02-25 13:40:43,208] {scheduler_job.py:161} INFO - Processing /usr/local/airflow/dags/kits5555os999.py took 0.096 seconds
[2020-02-25 13:40:49,230] {logging_mixin.py:112} INFO - [2020-02-25 13:40:49,230] {settings.py:253} INFO - settings.configure_orm(): Using pool settings. pool_size=5, max_overflow=10, pool_recycle=1800, pid=1886
[2020-02-25 13:40:49,234] {scheduler_job.py:153} INFO - Started process (PID=1886) to work on /usr/local/airflow/dags/kits5555os999.py
[2020-02-25 13:40:49,239] {scheduler_job.py:1560} INFO - Processing file /usr/local/airflow/dags/kits5555os999.py for tasks to queue
[2020-02-25 13:40:49,240] {logging_mixin.py:112} INFO - [2020-02-25 13:40:49,239] {dagbag.py:403} INFO - Filling up the DagBag from /usr/local/airflow/dags/kits5555os999.py
[2020-02-25 13:40:49,247] {scheduler_job.py:1572} INFO - DAG(s) dict_keys(['kits5555os999']) retrieved from /usr/local/airflow/dags/kits5555os999.py
[2020-02-25 13:40:49,317] {scheduler_job.py:1282} INFO - Processing kits5555os999
[2020-02-25 13:40:49,327] {scheduler_job.py:446} INFO - Skipping SLA check for <DAG: kits5555os999> because no tasks in DAG have SLAs
[2020-02-25 13:40:49,334] {scheduler_job.py:161} INFO - Processing /usr/local/airflow/dags/kits5555os999.py took 0.100 seconds
[2020-02-25 13:40:55,357] {logging_mixin.py:112} INFO - [2020-02-25 13:40:55,356] {settings.py:253} INFO - settings.configure_orm(): Using pool settings. pool_size=5, max_overflow=10, pool_recycle=1800, pid=1947
[2020-02-25 13:40:55,362] {scheduler_job.py:153} INFO - Started process (PID=1947) to work on /usr/local/airflow/dags/kits5555os999.py
[2020-02-25 13:40:55,367] {scheduler_job.py:1560} INFO - Processing file /usr/local/airflow/dags/kits5555os999.py for tasks to queue
[2020-02-25 13:40:55,368] {logging_mixin.py:112} INFO - [2020-02-25 13:40:55,368] {dagbag.py:403} INFO - Filling up the DagBag from /usr/local/airflow/dags/kits5555os999.py
[2020-02-25 13:40:55,376] {scheduler_job.py:1572} INFO - DAG(s) dict_keys(['kits5555os999']) retrieved from /usr/local/airflow/dags/kits5555os999.py
[2020-02-25 13:40:55,454] {scheduler_job.py:1282} INFO - Processing kits5555os999
[2020-02-25 13:40:55,475] {scheduler_job.py:446} INFO - Skipping SLA check for <DAG: kits5555os999> because no tasks in DAG have SLAs
[2020-02-25 13:40:55,483] {scheduler_job.py:161} INFO - Processing /usr/local/airflow/dags/kits5555os999.py took 0.121 seconds
[2020-02-25 13:41:01,474] {logging_mixin.py:112} INFO - [2020-02-25 13:41:01,473] {settings.py:253} INFO - settings.configure_orm(): Using pool settings. pool_size=5, max_overflow=10, pool_recycle=1800, pid=2012
[2020-02-25 13:41:01,477] {scheduler_job.py:153} INFO - Started process (PID=2012) to work on /usr/local/airflow/dags/kits5555os999.py
[2020-02-25 13:41:01,481] {scheduler_job.py:1560} INFO - Processing file /usr/local/airflow/dags/kits5555os999.py for tasks to queue
[2020-02-25 13:41:01,482] {logging_mixin.py:112} INFO - [2020-02-25 13:41:01,482] {dagbag.py:403} INFO - Filling up the DagBag from /usr/local/airflow/dags/kits5555os999.py
[2020-02-25 13:41:01,488] {scheduler_job.py:1572} INFO - DAG(s) dict_keys(['kits5555os999']) retrieved from /usr/local/airflow/dags/kits5555os999.py
[2020-02-25 13:41:01,550] {scheduler_job.py:1282} INFO - Processing kits5555os999
[2020-02-25 13:41:01,559] {scheduler_job.py:446} INFO - Skipping SLA check for <DAG: kits5555os999> because no tasks in DAG have SLAs
[2020-02-25 13:41:01,565] {scheduler_job.py:161} INFO - Processing /usr/local/airflow/dags/kits5555os999.py took 0.087 seconds
[2020-02-25 13:41:07,614] {logging_mixin.py:112} INFO - [2020-02-25 13:41:07,614] {settings.py:253} INFO - settings.configure_orm(): Using pool settings. pool_size=5, max_overflow=10, pool_recycle=1800, pid=2072
[2020-02-25 13:41:07,619] {scheduler_job.py:153} INFO - Started process (PID=2072) to work on /usr/local/airflow/dags/kits5555os999.py
[2020-02-25 13:41:07,623] {scheduler_job.py:1560} INFO - Processing file /usr/local/airflow/dags/kits5555os999.py for tasks to queue
[2020-02-25 13:41:07,624] {logging_mixin.py:112} INFO - [2020-02-25 13:41:07,624] {dagbag.py:403} INFO - Filling up the DagBag from /usr/local/airflow/dags/kits5555os999.py
[2020-02-25 13:41:07,635] {scheduler_job.py:1572} INFO - DAG(s) dict_keys(['kits5555os999']) retrieved from /usr/local/airflow/dags/kits5555os999.py
[2020-02-25 13:41:07,708] {scheduler_job.py:1282} INFO - Processing kits5555os999
[2020-02-25 13:41:07,720] {scheduler_job.py:446} INFO - Skipping SLA check for <DAG: kits5555os999> because no tasks in DAG have SLAs
[2020-02-25 13:41:07,728] {scheduler_job.py:161} INFO - Processing /usr/local/airflow/dags/kits5555os999.py took 0.109 seconds
[2020-02-25 13:41:13,728] {logging_mixin.py:112} INFO - [2020-02-25 13:41:13,727] {settings.py:253} INFO - settings.configure_orm(): Using pool settings. pool_size=5, max_overflow=10, pool_recycle=1800, pid=2132
[2020-02-25 13:41:13,732] {scheduler_job.py:153} INFO - Started process (PID=2132) to work on /usr/local/airflow/dags/kits5555os999.py
[2020-02-25 13:41:13,736] {scheduler_job.py:1560} INFO - Processing file /usr/local/airflow/dags/kits5555os999.py for tasks to queue
[2020-02-25 13:41:13,737] {logging_mixin.py:112} INFO - [2020-02-25 13:41:13,737] {dagbag.py:403} INFO - Filling up the DagBag from /usr/local/airflow/dags/kits5555os999.py
[2020-02-25 13:41:13,746] {scheduler_job.py:1572} INFO - DAG(s) dict_keys(['kits5555os999']) retrieved from /usr/local/airflow/dags/kits5555os999.py
[2020-02-25 13:41:13,812] {scheduler_job.py:1282} INFO - Processing kits5555os999
[2020-02-25 13:41:13,821] {scheduler_job.py:446} INFO - Skipping SLA check for <DAG: kits5555os999> because no tasks in DAG have SLAs
[2020-02-25 13:41:13,828] {scheduler_job.py:161} INFO - Processing /usr/local/airflow/dags/kits5555os999.py took 0.096 seconds
[2020-02-25 13:41:19,852] {logging_mixin.py:112} INFO - [2020-02-25 13:41:19,851] {settings.py:253} INFO - settings.configure_orm(): Using pool settings. pool_size=5, max_overflow=10, pool_recycle=1800, pid=2198
[2020-02-25 13:41:19,857] {scheduler_job.py:153} INFO - Started process (PID=2198) to work on /usr/local/airflow/dags/kits5555os999.py
[2020-02-25 13:41:19,862] {scheduler_job.py:1560} INFO - Processing file /usr/local/airflow/dags/kits5555os999.py for tasks to queue
[2020-02-25 13:41:19,862] {logging_mixin.py:112} INFO - [2020-02-25 13:41:19,862] {dagbag.py:403} INFO - Filling up the DagBag from /usr/local/airflow/dags/kits5555os999.py
[2020-02-25 13:41:19,871] {scheduler_job.py:1572} INFO - DAG(s) dict_keys(['kits5555os999']) retrieved from /usr/local/airflow/dags/kits5555os999.py
[2020-02-25 13:41:19,937] {scheduler_job.py:1282} INFO - Processing kits5555os999
[2020-02-25 13:41:19,946] {scheduler_job.py:446} INFO - Skipping SLA check for <DAG: kits5555os999> because no tasks in DAG have SLAs
[2020-02-25 13:41:19,954] {scheduler_job.py:161} INFO - Processing /usr/local/airflow/dags/kits5555os999.py took 0.097 seconds
[2020-02-25 13:41:25,979] {logging_mixin.py:112} INFO - [2020-02-25 13:41:25,978] {settings.py:253} INFO - settings.configure_orm(): Using pool settings. pool_size=5, max_overflow=10, pool_recycle=1800, pid=2258
[2020-02-25 13:41:25,983] {scheduler_job.py:153} INFO - Started process (PID=2258) to work on /usr/local/airflow/dags/kits5555os999.py
[2020-02-25 13:41:25,989] {scheduler_job.py:1560} INFO - Processing file /usr/local/airflow/dags/kits5555os999.py for tasks to queue
[2020-02-25 13:41:25,989] {logging_mixin.py:112} INFO - [2020-02-25 13:41:25,989] {dagbag.py:403} INFO - Filling up the DagBag from /usr/local/airflow/dags/kits5555os999.py
[2020-02-25 13:41:25,997] {scheduler_job.py:1572} INFO - DAG(s) dict_keys(['kits5555os999']) retrieved from /usr/local/airflow/dags/kits5555os999.py
[2020-02-25 13:41:26,068] {scheduler_job.py:1282} INFO - Processing kits5555os999
[2020-02-25 13:41:26,079] {scheduler_job.py:446} INFO - Skipping SLA check for <DAG: kits5555os999> because no tasks in DAG have SLAs
[2020-02-25 13:41:26,085] {scheduler_job.py:161} INFO - Processing /usr/local/airflow/dags/kits5555os999.py took 0.102 seconds
[2020-02-25 13:41:32,105] {logging_mixin.py:112} INFO - [2020-02-25 13:41:32,105] {settings.py:253} INFO - settings.configure_orm(): Using pool settings. pool_size=5, max_overflow=10, pool_recycle=1800, pid=2323
[2020-02-25 13:41:32,110] {scheduler_job.py:153} INFO - Started process (PID=2323) to work on /usr/local/airflow/dags/kits5555os999.py
[2020-02-25 13:41:32,116] {scheduler_job.py:1560} INFO - Processing file /usr/local/airflow/dags/kits5555os999.py for tasks to queue
[2020-02-25 13:41:32,116] {logging_mixin.py:112} INFO - [2020-02-25 13:41:32,116] {dagbag.py:403} INFO - Filling up the DagBag from /usr/local/airflow/dags/kits5555os999.py
[2020-02-25 13:41:32,125] {scheduler_job.py:1572} INFO - DAG(s) dict_keys(['kits5555os999']) retrieved from /usr/local/airflow/dags/kits5555os999.py
[2020-02-25 13:41:32,199] {scheduler_job.py:1282} INFO - Processing kits5555os999
[2020-02-25 13:41:32,212] {scheduler_job.py:446} INFO - Skipping SLA check for <DAG: kits5555os999> because no tasks in DAG have SLAs
[2020-02-25 13:41:32,220] {scheduler_job.py:161} INFO - Processing /usr/local/airflow/dags/kits5555os999.py took 0.110 seconds
[2020-02-25 13:41:38,251] {logging_mixin.py:112} INFO - [2020-02-25 13:41:38,250] {settings.py:253} INFO - settings.configure_orm(): Using pool settings. pool_size=5, max_overflow=10, pool_recycle=1800, pid=2383
[2020-02-25 13:41:38,255] {scheduler_job.py:153} INFO - Started process (PID=2383) to work on /usr/local/airflow/dags/kits5555os999.py
[2020-02-25 13:41:38,259] {scheduler_job.py:1560} INFO - Processing file /usr/local/airflow/dags/kits5555os999.py for tasks to queue
[2020-02-25 13:41:38,260] {logging_mixin.py:112} INFO - [2020-02-25 13:41:38,260] {dagbag.py:403} INFO - Filling up the DagBag from /usr/local/airflow/dags/kits5555os999.py
[2020-02-25 13:41:38,268] {scheduler_job.py:1572} INFO - DAG(s) dict_keys(['kits5555os999']) retrieved from /usr/local/airflow/dags/kits5555os999.py
[2020-02-25 13:41:38,333] {scheduler_job.py:1282} INFO - Processing kits5555os999
[2020-02-25 13:41:38,344] {scheduler_job.py:446} INFO - Skipping SLA check for <DAG: kits5555os999> because no tasks in DAG have SLAs
[2020-02-25 13:41:38,351] {scheduler_job.py:161} INFO - Processing /usr/local/airflow/dags/kits5555os999.py took 0.096 seconds
[2020-02-25 13:41:44,371] {logging_mixin.py:112} INFO - [2020-02-25 13:41:44,370] {settings.py:253} INFO - settings.configure_orm(): Using pool settings. pool_size=5, max_overflow=10, pool_recycle=1800, pid=2443
[2020-02-25 13:41:44,376] {scheduler_job.py:153} INFO - Started process (PID=2443) to work on /usr/local/airflow/dags/kits5555os999.py
[2020-02-25 13:41:44,381] {scheduler_job.py:1560} INFO - Processing file /usr/local/airflow/dags/kits5555os999.py for tasks to queue
[2020-02-25 13:41:44,382] {logging_mixin.py:112} INFO - [2020-02-25 13:41:44,381] {dagbag.py:403} INFO - Filling up the DagBag from /usr/local/airflow/dags/kits5555os999.py
[2020-02-25 13:41:44,391] {scheduler_job.py:1572} INFO - DAG(s) dict_keys(['kits5555os999']) retrieved from /usr/local/airflow/dags/kits5555os999.py
[2020-02-25 13:41:44,456] {scheduler_job.py:1282} INFO - Processing kits5555os999
[2020-02-25 13:41:44,466] {scheduler_job.py:446} INFO - Skipping SLA check for <DAG: kits5555os999> because no tasks in DAG have SLAs
[2020-02-25 13:41:44,472] {scheduler_job.py:161} INFO - Processing /usr/local/airflow/dags/kits5555os999.py took 0.096 seconds
[2020-02-25 13:41:50,500] {logging_mixin.py:112} INFO - [2020-02-25 13:41:50,500] {settings.py:253} INFO - settings.configure_orm(): Using pool settings. pool_size=5, max_overflow=10, pool_recycle=1800, pid=2509
[2020-02-25 13:41:50,504] {scheduler_job.py:153} INFO - Started process (PID=2509) to work on /usr/local/airflow/dags/kits5555os999.py
[2020-02-25 13:41:50,510] {scheduler_job.py:1560} INFO - Processing file /usr/local/airflow/dags/kits5555os999.py for tasks to queue
[2020-02-25 13:41:50,511] {logging_mixin.py:112} INFO - [2020-02-25 13:41:50,511] {dagbag.py:403} INFO - Filling up the DagBag from /usr/local/airflow/dags/kits5555os999.py
[2020-02-25 13:41:50,520] {scheduler_job.py:1572} INFO - DAG(s) dict_keys(['kits5555os999']) retrieved from /usr/local/airflow/dags/kits5555os999.py
[2020-02-25 13:41:50,584] {scheduler_job.py:1282} INFO - Processing kits5555os999
[2020-02-25 13:41:50,594] {scheduler_job.py:446} INFO - Skipping SLA check for <DAG: kits5555os999> because no tasks in DAG have SLAs
[2020-02-25 13:41:50,601] {scheduler_job.py:161} INFO - Processing /usr/local/airflow/dags/kits5555os999.py took 0.096 seconds
[2020-02-25 13:41:56,639] {logging_mixin.py:112} INFO - [2020-02-25 13:41:56,638] {settings.py:253} INFO - settings.configure_orm(): Using pool settings. pool_size=5, max_overflow=10, pool_recycle=1800, pid=2569
[2020-02-25 13:41:56,643] {scheduler_job.py:153} INFO - Started process (PID=2569) to work on /usr/local/airflow/dags/kits5555os999.py
[2020-02-25 13:41:56,648] {scheduler_job.py:1560} INFO - Processing file /usr/local/airflow/dags/kits5555os999.py for tasks to queue
[2020-02-25 13:41:56,648] {logging_mixin.py:112} INFO - [2020-02-25 13:41:56,648] {dagbag.py:403} INFO - Filling up the DagBag from /usr/local/airflow/dags/kits5555os999.py
[2020-02-25 13:41:56,656] {scheduler_job.py:1572} INFO - DAG(s) dict_keys(['kits5555os999']) retrieved from /usr/local/airflow/dags/kits5555os999.py
[2020-02-25 13:41:56,726] {scheduler_job.py:1282} INFO - Processing kits5555os999
[2020-02-25 13:41:56,738] {scheduler_job.py:446} INFO - Skipping SLA check for <DAG: kits5555os999> because no tasks in DAG have SLAs
[2020-02-25 13:41:56,746] {scheduler_job.py:161} INFO - Processing /usr/local/airflow/dags/kits5555os999.py took 0.102 seconds
[2020-02-25 13:42:02,759] {logging_mixin.py:112} INFO - [2020-02-25 13:42:02,759] {settings.py:253} INFO - settings.configure_orm(): Using pool settings. pool_size=5, max_overflow=10, pool_recycle=1800, pid=2635
[2020-02-25 13:42:02,765] {scheduler_job.py:153} INFO - Started process (PID=2635) to work on /usr/local/airflow/dags/kits5555os999.py
[2020-02-25 13:42:02,769] {scheduler_job.py:1560} INFO - Processing file /usr/local/airflow/dags/kits5555os999.py for tasks to queue
[2020-02-25 13:42:02,770] {logging_mixin.py:112} INFO - [2020-02-25 13:42:02,770] {dagbag.py:403} INFO - Filling up the DagBag from /usr/local/airflow/dags/kits5555os999.py
[2020-02-25 13:42:02,778] {scheduler_job.py:1572} INFO - DAG(s) dict_keys(['kits5555os999']) retrieved from /usr/local/airflow/dags/kits5555os999.py
[2020-02-25 13:42:02,844] {scheduler_job.py:1282} INFO - Processing kits5555os999
[2020-02-25 13:42:02,854] {scheduler_job.py:446} INFO - Skipping SLA check for <DAG: kits5555os999> because no tasks in DAG have SLAs
[2020-02-25 13:42:02,860] {scheduler_job.py:161} INFO - Processing /usr/local/airflow/dags/kits5555os999.py took 0.096 seconds
[2020-02-25 13:42:08,903] {logging_mixin.py:112} INFO - [2020-02-25 13:42:08,903] {settings.py:253} INFO - settings.configure_orm(): Using pool settings. pool_size=5, max_overflow=10, pool_recycle=1800, pid=2694
[2020-02-25 13:42:08,908] {scheduler_job.py:153} INFO - Started process (PID=2694) to work on /usr/local/airflow/dags/kits5555os999.py
[2020-02-25 13:42:08,912] {scheduler_job.py:1560} INFO - Processing file /usr/local/airflow/dags/kits5555os999.py for tasks to queue
[2020-02-25 13:42:08,913] {logging_mixin.py:112} INFO - [2020-02-25 13:42:08,913] {dagbag.py:403} INFO - Filling up the DagBag from /usr/local/airflow/dags/kits5555os999.py
[2020-02-25 13:42:08,923] {scheduler_job.py:1572} INFO - DAG(s) dict_keys(['kits5555os999']) retrieved from /usr/local/airflow/dags/kits5555os999.py
[2020-02-25 13:42:08,993] {scheduler_job.py:1282} INFO - Processing kits5555os999
[2020-02-25 13:42:09,003] {scheduler_job.py:446} INFO - Skipping SLA check for <DAG: kits5555os999> because no tasks in DAG have SLAs
[2020-02-25 13:42:09,010] {scheduler_job.py:161} INFO - Processing /usr/local/airflow/dags/kits5555os999.py took 0.103 seconds
[2020-02-25 13:42:15,023] {logging_mixin.py:112} INFO - [2020-02-25 13:42:15,022] {settings.py:253} INFO - settings.configure_orm(): Using pool settings. pool_size=5, max_overflow=10, pool_recycle=1800, pid=2754
[2020-02-25 13:42:15,026] {scheduler_job.py:153} INFO - Started process (PID=2754) to work on /usr/local/airflow/dags/kits5555os999.py
[2020-02-25 13:42:15,030] {scheduler_job.py:1560} INFO - Processing file /usr/local/airflow/dags/kits5555os999.py for tasks to queue
[2020-02-25 13:42:15,031] {logging_mixin.py:112} INFO - [2020-02-25 13:42:15,031] {dagbag.py:403} INFO - Filling up the DagBag from /usr/local/airflow/dags/kits5555os999.py
[2020-02-25 13:42:15,039] {scheduler_job.py:1572} INFO - DAG(s) dict_keys(['kits5555os999']) retrieved from /usr/local/airflow/dags/kits5555os999.py
[2020-02-25 13:42:15,117] {scheduler_job.py:1282} INFO - Processing kits5555os999
[2020-02-25 13:42:15,128] {scheduler_job.py:446} INFO - Skipping SLA check for <DAG: kits5555os999> because no tasks in DAG have SLAs
[2020-02-25 13:42:15,134] {scheduler_job.py:161} INFO - Processing /usr/local/airflow/dags/kits5555os999.py took 0.107 seconds
[2020-02-25 13:42:21,233] {logging_mixin.py:112} INFO - [2020-02-25 13:42:21,221] {settings.py:253} INFO - settings.configure_orm(): Using pool settings. pool_size=5, max_overflow=10, pool_recycle=1800, pid=2820
[2020-02-25 13:42:21,271] {scheduler_job.py:153} INFO - Started process (PID=2820) to work on /usr/local/airflow/dags/kits5555os999.py
[2020-02-25 13:42:21,296] {scheduler_job.py:1560} INFO - Processing file /usr/local/airflow/dags/kits5555os999.py for tasks to queue
[2020-02-25 13:42:21,297] {logging_mixin.py:112} INFO - [2020-02-25 13:42:21,297] {dagbag.py:403} INFO - Filling up the DagBag from /usr/local/airflow/dags/kits5555os999.py
[2020-02-25 13:42:21,330] {scheduler_job.py:1572} INFO - DAG(s) dict_keys(['kits5555os999']) retrieved from /usr/local/airflow/dags/kits5555os999.py
[2020-02-25 13:42:21,418] {scheduler_job.py:1282} INFO - Processing kits5555os999
[2020-02-25 13:42:21,439] {scheduler_job.py:446} INFO - Skipping SLA check for <DAG: kits5555os999> because no tasks in DAG have SLAs
[2020-02-25 13:42:21,457] {scheduler_job.py:161} INFO - Processing /usr/local/airflow/dags/kits5555os999.py took 0.187 seconds
[2020-02-25 13:42:27,311] {logging_mixin.py:112} INFO - [2020-02-25 13:42:27,311] {settings.py:253} INFO - settings.configure_orm(): Using pool settings. pool_size=5, max_overflow=10, pool_recycle=1800, pid=2881
[2020-02-25 13:42:27,316] {scheduler_job.py:153} INFO - Started process (PID=2881) to work on /usr/local/airflow/dags/kits5555os999.py
[2020-02-25 13:42:27,320] {scheduler_job.py:1560} INFO - Processing file /usr/local/airflow/dags/kits5555os999.py for tasks to queue
[2020-02-25 13:42:27,321] {logging_mixin.py:112} INFO - [2020-02-25 13:42:27,321] {dagbag.py:403} INFO - Filling up the DagBag from /usr/local/airflow/dags/kits5555os999.py
[2020-02-25 13:42:27,328] {scheduler_job.py:1572} INFO - DAG(s) dict_keys(['kits5555os999']) retrieved from /usr/local/airflow/dags/kits5555os999.py
[2020-02-25 13:42:27,398] {scheduler_job.py:1282} INFO - Processing kits5555os999
[2020-02-25 13:42:27,413] {scheduler_job.py:446} INFO - Skipping SLA check for <DAG: kits5555os999> because no tasks in DAG have SLAs
[2020-02-25 13:42:27,420] {scheduler_job.py:161} INFO - Processing /usr/local/airflow/dags/kits5555os999.py took 0.104 seconds
[2020-02-25 13:42:33,432] {logging_mixin.py:112} INFO - [2020-02-25 13:42:33,432] {settings.py:253} INFO - settings.configure_orm(): Using pool settings. pool_size=5, max_overflow=10, pool_recycle=1800, pid=2946
[2020-02-25 13:42:33,437] {scheduler_job.py:153} INFO - Started process (PID=2946) to work on /usr/local/airflow/dags/kits5555os999.py
[2020-02-25 13:42:33,443] {scheduler_job.py:1560} INFO - Processing file /usr/local/airflow/dags/kits5555os999.py for tasks to queue
[2020-02-25 13:42:33,443] {logging_mixin.py:112} INFO - [2020-02-25 13:42:33,443] {dagbag.py:403} INFO - Filling up the DagBag from /usr/local/airflow/dags/kits5555os999.py
[2020-02-25 13:42:33,451] {scheduler_job.py:1572} INFO - DAG(s) dict_keys(['kits5555os999']) retrieved from /usr/local/airflow/dags/kits5555os999.py
[2020-02-25 13:42:33,528] {scheduler_job.py:1282} INFO - Processing kits5555os999
[2020-02-25 13:42:33,542] {scheduler_job.py:446} INFO - Skipping SLA check for <DAG: kits5555os999> because no tasks in DAG have SLAs
[2020-02-25 13:42:33,550] {scheduler_job.py:161} INFO - Processing /usr/local/airflow/dags/kits5555os999.py took 0.113 seconds
[2020-02-25 13:42:39,561] {logging_mixin.py:112} INFO - [2020-02-25 13:42:39,560] {settings.py:253} INFO - settings.configure_orm(): Using pool settings. pool_size=5, max_overflow=10, pool_recycle=1800, pid=3006
[2020-02-25 13:42:39,566] {scheduler_job.py:153} INFO - Started process (PID=3006) to work on /usr/local/airflow/dags/kits5555os999.py
[2020-02-25 13:42:39,570] {scheduler_job.py:1560} INFO - Processing file /usr/local/airflow/dags/kits5555os999.py for tasks to queue
[2020-02-25 13:42:39,570] {logging_mixin.py:112} INFO - [2020-02-25 13:42:39,570] {dagbag.py:403} INFO - Filling up the DagBag from /usr/local/airflow/dags/kits5555os999.py
[2020-02-25 13:42:39,578] {scheduler_job.py:1572} INFO - DAG(s) dict_keys(['kits5555os999']) retrieved from /usr/local/airflow/dags/kits5555os999.py
[2020-02-25 13:42:39,661] {scheduler_job.py:1282} INFO - Processing kits5555os999
[2020-02-25 13:42:39,673] {scheduler_job.py:446} INFO - Skipping SLA check for <DAG: kits5555os999> because no tasks in DAG have SLAs
[2020-02-25 13:42:39,680] {scheduler_job.py:161} INFO - Processing /usr/local/airflow/dags/kits5555os999.py took 0.114 seconds
[2020-02-25 13:42:45,679] {logging_mixin.py:112} INFO - [2020-02-25 13:42:45,679] {settings.py:253} INFO - settings.configure_orm(): Using pool settings. pool_size=5, max_overflow=10, pool_recycle=1800, pid=3066
[2020-02-25 13:42:45,683] {scheduler_job.py:153} INFO - Started process (PID=3066) to work on /usr/local/airflow/dags/kits5555os999.py
[2020-02-25 13:42:45,687] {scheduler_job.py:1560} INFO - Processing file /usr/local/airflow/dags/kits5555os999.py for tasks to queue
[2020-02-25 13:42:45,688] {logging_mixin.py:112} INFO - [2020-02-25 13:42:45,688] {dagbag.py:403} INFO - Filling up the DagBag from /usr/local/airflow/dags/kits5555os999.py
[2020-02-25 13:42:45,695] {scheduler_job.py:1572} INFO - DAG(s) dict_keys(['kits5555os999']) retrieved from /usr/local/airflow/dags/kits5555os999.py
[2020-02-25 13:42:45,765] {scheduler_job.py:1282} INFO - Processing kits5555os999
[2020-02-25 13:42:45,774] {scheduler_job.py:446} INFO - Skipping SLA check for <DAG: kits5555os999> because no tasks in DAG have SLAs
[2020-02-25 13:42:45,788] {scheduler_job.py:161} INFO - Processing /usr/local/airflow/dags/kits5555os999.py took 0.104 seconds
[2020-02-25 13:42:51,819] {logging_mixin.py:112} INFO - [2020-02-25 13:42:51,819] {settings.py:253} INFO - settings.configure_orm(): Using pool settings. pool_size=5, max_overflow=10, pool_recycle=1800, pid=3132
[2020-02-25 13:42:51,825] {scheduler_job.py:153} INFO - Started process (PID=3132) to work on /usr/local/airflow/dags/kits5555os999.py
[2020-02-25 13:42:51,830] {scheduler_job.py:1560} INFO - Processing file /usr/local/airflow/dags/kits5555os999.py for tasks to queue
[2020-02-25 13:42:51,831] {logging_mixin.py:112} INFO - [2020-02-25 13:42:51,830] {dagbag.py:403} INFO - Filling up the DagBag from /usr/local/airflow/dags/kits5555os999.py
[2020-02-25 13:42:51,840] {scheduler_job.py:1572} INFO - DAG(s) dict_keys(['kits5555os999']) retrieved from /usr/local/airflow/dags/kits5555os999.py
[2020-02-25 13:42:51,943] {scheduler_job.py:1282} INFO - Processing kits5555os999
[2020-02-25 13:42:51,956] {scheduler_job.py:446} INFO - Skipping SLA check for <DAG: kits5555os999> because no tasks in DAG have SLAs
[2020-02-25 13:42:51,963] {scheduler_job.py:161} INFO - Processing /usr/local/airflow/dags/kits5555os999.py took 0.138 seconds
[2020-02-25 13:42:57,967] {logging_mixin.py:112} INFO - [2020-02-25 13:42:57,967] {settings.py:253} INFO - settings.configure_orm(): Using pool settings. pool_size=5, max_overflow=10, pool_recycle=1800, pid=3192
[2020-02-25 13:42:57,972] {scheduler_job.py:153} INFO - Started process (PID=3192) to work on /usr/local/airflow/dags/kits5555os999.py
[2020-02-25 13:42:57,978] {scheduler_job.py:1560} INFO - Processing file /usr/local/airflow/dags/kits5555os999.py for tasks to queue
[2020-02-25 13:42:57,979] {logging_mixin.py:112} INFO - [2020-02-25 13:42:57,978] {dagbag.py:403} INFO - Filling up the DagBag from /usr/local/airflow/dags/kits5555os999.py
[2020-02-25 13:42:57,989] {scheduler_job.py:1572} INFO - DAG(s) dict_keys(['kits5555os999']) retrieved from /usr/local/airflow/dags/kits5555os999.py
[2020-02-25 13:42:58,101] {scheduler_job.py:1282} INFO - Processing kits5555os999
[2020-02-25 13:42:58,112] {scheduler_job.py:446} INFO - Skipping SLA check for <DAG: kits5555os999> because no tasks in DAG have SLAs
[2020-02-25 13:42:58,119] {scheduler_job.py:161} INFO - Processing /usr/local/airflow/dags/kits5555os999.py took 0.147 seconds
[2020-02-25 13:43:04,099] {logging_mixin.py:112} INFO - [2020-02-25 13:43:04,099] {settings.py:253} INFO - settings.configure_orm(): Using pool settings. pool_size=5, max_overflow=10, pool_recycle=1800, pid=3257
[2020-02-25 13:43:04,103] {scheduler_job.py:153} INFO - Started process (PID=3257) to work on /usr/local/airflow/dags/kits5555os999.py
[2020-02-25 13:43:04,107] {scheduler_job.py:1560} INFO - Processing file /usr/local/airflow/dags/kits5555os999.py for tasks to queue
[2020-02-25 13:43:04,108] {logging_mixin.py:112} INFO - [2020-02-25 13:43:04,108] {dagbag.py:403} INFO - Filling up the DagBag from /usr/local/airflow/dags/kits5555os999.py
[2020-02-25 13:43:04,116] {scheduler_job.py:1572} INFO - DAG(s) dict_keys(['kits5555os999']) retrieved from /usr/local/airflow/dags/kits5555os999.py
[2020-02-25 13:43:04,188] {scheduler_job.py:1282} INFO - Processing kits5555os999
[2020-02-25 13:43:04,197] {scheduler_job.py:446} INFO - Skipping SLA check for <DAG: kits5555os999> because no tasks in DAG have SLAs
[2020-02-25 13:43:04,204] {scheduler_job.py:161} INFO - Processing /usr/local/airflow/dags/kits5555os999.py took 0.100 seconds
[2020-02-25 13:43:12,262] {logging_mixin.py:112} INFO - [2020-02-25 13:43:12,261] {settings.py:253} INFO - settings.configure_orm(): Using pool settings. pool_size=5, max_overflow=10, pool_recycle=1800, pid=3334
[2020-02-25 13:43:12,266] {scheduler_job.py:153} INFO - Started process (PID=3334) to work on /usr/local/airflow/dags/kits5555os999.py
[2020-02-25 13:43:12,270] {scheduler_job.py:1560} INFO - Processing file /usr/local/airflow/dags/kits5555os999.py for tasks to queue
[2020-02-25 13:43:12,271] {logging_mixin.py:112} INFO - [2020-02-25 13:43:12,271] {dagbag.py:403} INFO - Filling up the DagBag from /usr/local/airflow/dags/kits5555os999.py
[2020-02-25 13:43:12,279] {scheduler_job.py:1572} INFO - DAG(s) dict_keys(['kits5555os999']) retrieved from /usr/local/airflow/dags/kits5555os999.py
[2020-02-25 13:43:12,345] {scheduler_job.py:1282} INFO - Processing kits5555os999
[2020-02-25 13:43:12,354] {scheduler_job.py:446} INFO - Skipping SLA check for <DAG: kits5555os999> because no tasks in DAG have SLAs
[2020-02-25 13:43:12,360] {scheduler_job.py:161} INFO - Processing /usr/local/airflow/dags/kits5555os999.py took 0.095 seconds
[2020-02-25 13:43:20,428] {logging_mixin.py:112} INFO - [2020-02-25 13:43:20,427] {settings.py:253} INFO - settings.configure_orm(): Using pool settings. pool_size=5, max_overflow=10, pool_recycle=1800, pid=3419
[2020-02-25 13:43:20,433] {scheduler_job.py:153} INFO - Started process (PID=3419) to work on /usr/local/airflow/dags/kits5555os999.py
[2020-02-25 13:43:20,440] {scheduler_job.py:1560} INFO - Processing file /usr/local/airflow/dags/kits5555os999.py for tasks to queue
[2020-02-25 13:43:20,440] {logging_mixin.py:112} INFO - [2020-02-25 13:43:20,440] {dagbag.py:403} INFO - Filling up the DagBag from /usr/local/airflow/dags/kits5555os999.py
[2020-02-25 13:43:20,449] {scheduler_job.py:1572} INFO - DAG(s) dict_keys(['kits5555os999']) retrieved from /usr/local/airflow/dags/kits5555os999.py
[2020-02-25 13:43:20,520] {scheduler_job.py:1282} INFO - Processing kits5555os999
[2020-02-25 13:43:20,530] {scheduler_job.py:446} INFO - Skipping SLA check for <DAG: kits5555os999> because no tasks in DAG have SLAs
[2020-02-25 13:43:20,537] {scheduler_job.py:161} INFO - Processing /usr/local/airflow/dags/kits5555os999.py took 0.104 seconds
[2020-02-25 13:43:28,617] {logging_mixin.py:112} INFO - [2020-02-25 13:43:28,616] {settings.py:253} INFO - settings.configure_orm(): Using pool settings. pool_size=5, max_overflow=10, pool_recycle=1800, pid=3500
[2020-02-25 13:43:28,621] {scheduler_job.py:153} INFO - Started process (PID=3500) to work on /usr/local/airflow/dags/kits5555os999.py
[2020-02-25 13:43:28,626] {scheduler_job.py:1560} INFO - Processing file /usr/local/airflow/dags/kits5555os999.py for tasks to queue
[2020-02-25 13:43:28,627] {logging_mixin.py:112} INFO - [2020-02-25 13:43:28,627] {dagbag.py:403} INFO - Filling up the DagBag from /usr/local/airflow/dags/kits5555os999.py
[2020-02-25 13:43:28,635] {scheduler_job.py:1572} INFO - DAG(s) dict_keys(['kits5555os999']) retrieved from /usr/local/airflow/dags/kits5555os999.py
[2020-02-25 13:43:28,702] {scheduler_job.py:1282} INFO - Processing kits5555os999
[2020-02-25 13:43:28,714] {scheduler_job.py:446} INFO - Skipping SLA check for <DAG: kits5555os999> because no tasks in DAG have SLAs
[2020-02-25 13:43:28,720] {scheduler_job.py:161} INFO - Processing /usr/local/airflow/dags/kits5555os999.py took 0.099 seconds
[2020-02-25 13:43:36,770] {logging_mixin.py:112} INFO - [2020-02-25 13:43:36,769] {settings.py:253} INFO - settings.configure_orm(): Using pool settings. pool_size=5, max_overflow=10, pool_recycle=1800, pid=3585
[2020-02-25 13:43:36,775] {scheduler_job.py:153} INFO - Started process (PID=3585) to work on /usr/local/airflow/dags/kits5555os999.py
[2020-02-25 13:43:36,780] {scheduler_job.py:1560} INFO - Processing file /usr/local/airflow/dags/kits5555os999.py for tasks to queue
[2020-02-25 13:43:36,781] {logging_mixin.py:112} INFO - [2020-02-25 13:43:36,781] {dagbag.py:403} INFO - Filling up the DagBag from /usr/local/airflow/dags/kits5555os999.py
[2020-02-25 13:43:36,790] {scheduler_job.py:1572} INFO - DAG(s) dict_keys(['kits5555os999']) retrieved from /usr/local/airflow/dags/kits5555os999.py
[2020-02-25 13:43:36,868] {scheduler_job.py:1282} INFO - Processing kits5555os999
[2020-02-25 13:43:36,877] {scheduler_job.py:446} INFO - Skipping SLA check for <DAG: kits5555os999> because no tasks in DAG have SLAs
[2020-02-25 13:43:36,884] {scheduler_job.py:161} INFO - Processing /usr/local/airflow/dags/kits5555os999.py took 0.109 seconds
[2020-02-25 13:43:44,952] {logging_mixin.py:112} INFO - [2020-02-25 13:43:44,950] {settings.py:253} INFO - settings.configure_orm(): Using pool settings. pool_size=5, max_overflow=10, pool_recycle=1800, pid=3665
[2020-02-25 13:43:44,957] {scheduler_job.py:153} INFO - Started process (PID=3665) to work on /usr/local/airflow/dags/kits5555os999.py
[2020-02-25 13:43:44,961] {scheduler_job.py:1560} INFO - Processing file /usr/local/airflow/dags/kits5555os999.py for tasks to queue
[2020-02-25 13:43:44,962] {logging_mixin.py:112} INFO - [2020-02-25 13:43:44,962] {dagbag.py:403} INFO - Filling up the DagBag from /usr/local/airflow/dags/kits5555os999.py
[2020-02-25 13:43:44,970] {scheduler_job.py:1572} INFO - DAG(s) dict_keys(['kits5555os999']) retrieved from /usr/local/airflow/dags/kits5555os999.py
[2020-02-25 13:43:45,037] {scheduler_job.py:1282} INFO - Processing kits5555os999
[2020-02-25 13:43:45,058] {scheduler_job.py:446} INFO - Skipping SLA check for <DAG: kits5555os999> because no tasks in DAG have SLAs
[2020-02-25 13:43:45,067] {scheduler_job.py:161} INFO - Processing /usr/local/airflow/dags/kits5555os999.py took 0.111 seconds
[2020-02-25 13:43:53,134] {logging_mixin.py:112} INFO - [2020-02-25 13:43:53,134] {settings.py:253} INFO - settings.configure_orm(): Using pool settings. pool_size=5, max_overflow=10, pool_recycle=1800, pid=3751
[2020-02-25 13:43:53,139] {scheduler_job.py:153} INFO - Started process (PID=3751) to work on /usr/local/airflow/dags/kits5555os999.py
[2020-02-25 13:43:53,143] {scheduler_job.py:1560} INFO - Processing file /usr/local/airflow/dags/kits5555os999.py for tasks to queue
[2020-02-25 13:43:53,144] {logging_mixin.py:112} INFO - [2020-02-25 13:43:53,144] {dagbag.py:403} INFO - Filling up the DagBag from /usr/local/airflow/dags/kits5555os999.py
[2020-02-25 13:43:53,151] {scheduler_job.py:1572} INFO - DAG(s) dict_keys(['kits5555os999']) retrieved from /usr/local/airflow/dags/kits5555os999.py
[2020-02-25 13:43:53,222] {scheduler_job.py:1282} INFO - Processing kits5555os999
[2020-02-25 13:43:53,232] {scheduler_job.py:446} INFO - Skipping SLA check for <DAG: kits5555os999> because no tasks in DAG have SLAs
[2020-02-25 13:43:53,239] {scheduler_job.py:161} INFO - Processing /usr/local/airflow/dags/kits5555os999.py took 0.099 seconds
[2020-02-25 13:44:01,322] {logging_mixin.py:112} INFO - [2020-02-25 13:44:01,321] {settings.py:253} INFO - settings.configure_orm(): Using pool settings. pool_size=5, max_overflow=10, pool_recycle=1800, pid=3832
[2020-02-25 13:44:01,327] {scheduler_job.py:153} INFO - Started process (PID=3832) to work on /usr/local/airflow/dags/kits5555os999.py
[2020-02-25 13:44:01,332] {scheduler_job.py:1560} INFO - Processing file /usr/local/airflow/dags/kits5555os999.py for tasks to queue
[2020-02-25 13:44:01,332] {logging_mixin.py:112} INFO - [2020-02-25 13:44:01,332] {dagbag.py:403} INFO - Filling up the DagBag from /usr/local/airflow/dags/kits5555os999.py
[2020-02-25 13:44:01,345] {scheduler_job.py:1572} INFO - DAG(s) dict_keys(['kits5555os999']) retrieved from /usr/local/airflow/dags/kits5555os999.py
[2020-02-25 13:44:01,406] {scheduler_job.py:1282} INFO - Processing kits5555os999
[2020-02-25 13:44:01,414] {scheduler_job.py:446} INFO - Skipping SLA check for <DAG: kits5555os999> because no tasks in DAG have SLAs
[2020-02-25 13:44:01,420] {scheduler_job.py:161} INFO - Processing /usr/local/airflow/dags/kits5555os999.py took 0.093 seconds
[2020-02-25 13:44:09,501] {logging_mixin.py:112} INFO - [2020-02-25 13:44:09,501] {settings.py:253} INFO - settings.configure_orm(): Using pool settings. pool_size=5, max_overflow=10, pool_recycle=1800, pid=3919
[2020-02-25 13:44:09,507] {scheduler_job.py:153} INFO - Started process (PID=3919) to work on /usr/local/airflow/dags/kits5555os999.py
[2020-02-25 13:44:09,513] {scheduler_job.py:1560} INFO - Processing file /usr/local/airflow/dags/kits5555os999.py for tasks to queue
[2020-02-25 13:44:09,514] {logging_mixin.py:112} INFO - [2020-02-25 13:44:09,513] {dagbag.py:403} INFO - Filling up the DagBag from /usr/local/airflow/dags/kits5555os999.py
[2020-02-25 13:44:09,528] {scheduler_job.py:1572} INFO - DAG(s) dict_keys(['kits5555os999']) retrieved from /usr/local/airflow/dags/kits5555os999.py
[2020-02-25 13:44:09,606] {scheduler_job.py:1282} INFO - Processing kits5555os999
[2020-02-25 13:44:09,615] {scheduler_job.py:446} INFO - Skipping SLA check for <DAG: kits5555os999> because no tasks in DAG have SLAs
[2020-02-25 13:44:09,621] {scheduler_job.py:161} INFO - Processing /usr/local/airflow/dags/kits5555os999.py took 0.114 seconds
[2020-02-25 13:44:17,660] {logging_mixin.py:112} INFO - [2020-02-25 13:44:17,659] {settings.py:253} INFO - settings.configure_orm(): Using pool settings. pool_size=5, max_overflow=10, pool_recycle=1800, pid=3999
[2020-02-25 13:44:17,665] {scheduler_job.py:153} INFO - Started process (PID=3999) to work on /usr/local/airflow/dags/kits5555os999.py
[2020-02-25 13:44:17,669] {scheduler_job.py:1560} INFO - Processing file /usr/local/airflow/dags/kits5555os999.py for tasks to queue
[2020-02-25 13:44:17,669] {logging_mixin.py:112} INFO - [2020-02-25 13:44:17,669] {dagbag.py:403} INFO - Filling up the DagBag from /usr/local/airflow/dags/kits5555os999.py
[2020-02-25 13:44:17,681] {scheduler_job.py:1572} INFO - DAG(s) dict_keys(['kits5555os999']) retrieved from /usr/local/airflow/dags/kits5555os999.py
[2020-02-25 13:44:17,749] {scheduler_job.py:1282} INFO - Processing kits5555os999
[2020-02-25 13:44:17,758] {scheduler_job.py:446} INFO - Skipping SLA check for <DAG: kits5555os999> because no tasks in DAG have SLAs
[2020-02-25 13:44:17,763] {scheduler_job.py:161} INFO - Processing /usr/local/airflow/dags/kits5555os999.py took 0.099 seconds
[2020-02-25 13:44:25,831] {logging_mixin.py:112} INFO - [2020-02-25 13:44:25,830] {settings.py:253} INFO - settings.configure_orm(): Using pool settings. pool_size=5, max_overflow=10, pool_recycle=1800, pid=4084
[2020-02-25 13:44:25,837] {scheduler_job.py:153} INFO - Started process (PID=4084) to work on /usr/local/airflow/dags/kits5555os999.py
[2020-02-25 13:44:25,848] {scheduler_job.py:1560} INFO - Processing file /usr/local/airflow/dags/kits5555os999.py for tasks to queue
[2020-02-25 13:44:25,848] {logging_mixin.py:112} INFO - [2020-02-25 13:44:25,848] {dagbag.py:403} INFO - Filling up the DagBag from /usr/local/airflow/dags/kits5555os999.py
[2020-02-25 13:44:25,856] {scheduler_job.py:1572} INFO - DAG(s) dict_keys(['kits5555os999']) retrieved from /usr/local/airflow/dags/kits5555os999.py
[2020-02-25 13:44:25,933] {scheduler_job.py:1282} INFO - Processing kits5555os999
[2020-02-25 13:44:25,944] {scheduler_job.py:446} INFO - Skipping SLA check for <DAG: kits5555os999> because no tasks in DAG have SLAs
[2020-02-25 13:44:25,949] {scheduler_job.py:161} INFO - Processing /usr/local/airflow/dags/kits5555os999.py took 0.112 seconds
[2020-02-25 13:44:34,028] {logging_mixin.py:112} INFO - [2020-02-25 13:44:34,027] {settings.py:253} INFO - settings.configure_orm(): Using pool settings. pool_size=5, max_overflow=10, pool_recycle=1800, pid=4165
[2020-02-25 13:44:34,032] {scheduler_job.py:153} INFO - Started process (PID=4165) to work on /usr/local/airflow/dags/kits5555os999.py
[2020-02-25 13:44:34,036] {scheduler_job.py:1560} INFO - Processing file /usr/local/airflow/dags/kits5555os999.py for tasks to queue
[2020-02-25 13:44:34,037] {logging_mixin.py:112} INFO - [2020-02-25 13:44:34,037] {dagbag.py:403} INFO - Filling up the DagBag from /usr/local/airflow/dags/kits5555os999.py
[2020-02-25 13:44:34,050] {scheduler_job.py:1572} INFO - DAG(s) dict_keys(['kits5555os999']) retrieved from /usr/local/airflow/dags/kits5555os999.py
[2020-02-25 13:44:34,128] {scheduler_job.py:1282} INFO - Processing kits5555os999
[2020-02-25 13:44:34,139] {scheduler_job.py:446} INFO - Skipping SLA check for <DAG: kits5555os999> because no tasks in DAG have SLAs
[2020-02-25 13:44:34,145] {scheduler_job.py:161} INFO - Processing /usr/local/airflow/dags/kits5555os999.py took 0.113 seconds
[2020-02-25 13:44:42,219] {logging_mixin.py:112} INFO - [2020-02-25 13:44:42,219] {settings.py:253} INFO - settings.configure_orm(): Using pool settings. pool_size=5, max_overflow=10, pool_recycle=1800, pid=4253
[2020-02-25 13:44:42,225] {scheduler_job.py:153} INFO - Started process (PID=4253) to work on /usr/local/airflow/dags/kits5555os999.py
[2020-02-25 13:44:42,230] {scheduler_job.py:1560} INFO - Processing file /usr/local/airflow/dags/kits5555os999.py for tasks to queue
[2020-02-25 13:44:42,231] {logging_mixin.py:112} INFO - [2020-02-25 13:44:42,231] {dagbag.py:403} INFO - Filling up the DagBag from /usr/local/airflow/dags/kits5555os999.py
[2020-02-25 13:44:42,240] {scheduler_job.py:1572} INFO - DAG(s) dict_keys(['kits5555os999']) retrieved from /usr/local/airflow/dags/kits5555os999.py
[2020-02-25 13:44:42,312] {scheduler_job.py:1282} INFO - Processing kits5555os999
[2020-02-25 13:44:42,324] {scheduler_job.py:446} INFO - Skipping SLA check for <DAG: kits5555os999> because no tasks in DAG have SLAs
[2020-02-25 13:44:42,330] {scheduler_job.py:161} INFO - Processing /usr/local/airflow/dags/kits5555os999.py took 0.105 seconds
[2020-02-25 13:44:50,395] {logging_mixin.py:112} INFO - [2020-02-25 13:44:50,393] {settings.py:253} INFO - settings.configure_orm(): Using pool settings. pool_size=5, max_overflow=10, pool_recycle=1800, pid=4333
[2020-02-25 13:44:50,400] {scheduler_job.py:153} INFO - Started process (PID=4333) to work on /usr/local/airflow/dags/kits5555os999.py
[2020-02-25 13:44:50,406] {scheduler_job.py:1560} INFO - Processing file /usr/local/airflow/dags/kits5555os999.py for tasks to queue
[2020-02-25 13:44:50,407] {logging_mixin.py:112} INFO - [2020-02-25 13:44:50,406] {dagbag.py:403} INFO - Filling up the DagBag from /usr/local/airflow/dags/kits5555os999.py
[2020-02-25 13:44:50,415] {scheduler_job.py:1572} INFO - DAG(s) dict_keys(['kits5555os999']) retrieved from /usr/local/airflow/dags/kits5555os999.py
[2020-02-25 13:44:50,480] {scheduler_job.py:1282} INFO - Processing kits5555os999
[2020-02-25 13:44:50,489] {scheduler_job.py:446} INFO - Skipping SLA check for <DAG: kits5555os999> because no tasks in DAG have SLAs
[2020-02-25 13:44:50,495] {scheduler_job.py:161} INFO - Processing /usr/local/airflow/dags/kits5555os999.py took 0.096 seconds
[2020-02-25 13:44:58,549] {logging_mixin.py:112} INFO - [2020-02-25 13:44:58,549] {settings.py:253} INFO - settings.configure_orm(): Using pool settings. pool_size=5, max_overflow=10, pool_recycle=1800, pid=4420
[2020-02-25 13:44:58,554] {scheduler_job.py:153} INFO - Started process (PID=4420) to work on /usr/local/airflow/dags/kits5555os999.py
[2020-02-25 13:44:58,559] {scheduler_job.py:1560} INFO - Processing file /usr/local/airflow/dags/kits5555os999.py for tasks to queue
[2020-02-25 13:44:58,559] {logging_mixin.py:112} INFO - [2020-02-25 13:44:58,559] {dagbag.py:403} INFO - Filling up the DagBag from /usr/local/airflow/dags/kits5555os999.py
[2020-02-25 13:44:58,568] {scheduler_job.py:1572} INFO - DAG(s) dict_keys(['kits5555os999']) retrieved from /usr/local/airflow/dags/kits5555os999.py
[2020-02-25 13:44:58,636] {scheduler_job.py:1282} INFO - Processing kits5555os999
[2020-02-25 13:44:58,647] {scheduler_job.py:446} INFO - Skipping SLA check for <DAG: kits5555os999> because no tasks in DAG have SLAs
[2020-02-25 13:44:58,652] {scheduler_job.py:161} INFO - Processing /usr/local/airflow/dags/kits5555os999.py took 0.099 seconds
[2020-02-25 13:45:06,738] {logging_mixin.py:112} INFO - [2020-02-25 13:45:06,737] {settings.py:253} INFO - settings.configure_orm(): Using pool settings. pool_size=5, max_overflow=10, pool_recycle=1800, pid=4506
[2020-02-25 13:45:06,744] {scheduler_job.py:153} INFO - Started process (PID=4506) to work on /usr/local/airflow/dags/kits5555os999.py
[2020-02-25 13:45:06,753] {scheduler_job.py:1560} INFO - Processing file /usr/local/airflow/dags/kits5555os999.py for tasks to queue
[2020-02-25 13:45:06,754] {logging_mixin.py:112} INFO - [2020-02-25 13:45:06,753] {dagbag.py:403} INFO - Filling up the DagBag from /usr/local/airflow/dags/kits5555os999.py
[2020-02-25 13:45:06,770] {scheduler_job.py:1572} INFO - DAG(s) dict_keys(['kits5555os999']) retrieved from /usr/local/airflow/dags/kits5555os999.py
[2020-02-25 13:45:06,857] {scheduler_job.py:1282} INFO - Processing kits5555os999
[2020-02-25 13:45:06,870] {scheduler_job.py:446} INFO - Skipping SLA check for <DAG: kits5555os999> because no tasks in DAG have SLAs
[2020-02-25 13:45:06,877] {scheduler_job.py:161} INFO - Processing /usr/local/airflow/dags/kits5555os999.py took 0.134 seconds
[2020-02-25 13:45:14,897] {logging_mixin.py:112} INFO - [2020-02-25 13:45:14,897] {settings.py:253} INFO - settings.configure_orm(): Using pool settings. pool_size=5, max_overflow=10, pool_recycle=1800, pid=4586
[2020-02-25 13:45:14,903] {scheduler_job.py:153} INFO - Started process (PID=4586) to work on /usr/local/airflow/dags/kits5555os999.py
[2020-02-25 13:45:14,908] {scheduler_job.py:1560} INFO - Processing file /usr/local/airflow/dags/kits5555os999.py for tasks to queue
[2020-02-25 13:45:14,908] {logging_mixin.py:112} INFO - [2020-02-25 13:45:14,908] {dagbag.py:403} INFO - Filling up the DagBag from /usr/local/airflow/dags/kits5555os999.py
[2020-02-25 13:45:14,917] {scheduler_job.py:1572} INFO - DAG(s) dict_keys(['kits5555os999']) retrieved from /usr/local/airflow/dags/kits5555os999.py
[2020-02-25 13:45:14,987] {scheduler_job.py:1282} INFO - Processing kits5555os999
[2020-02-25 13:45:14,998] {scheduler_job.py:446} INFO - Skipping SLA check for <DAG: kits5555os999> because no tasks in DAG have SLAs
[2020-02-25 13:45:15,005] {scheduler_job.py:161} INFO - Processing /usr/local/airflow/dags/kits5555os999.py took 0.103 seconds
[2020-02-25 13:45:23,071] {logging_mixin.py:112} INFO - [2020-02-25 13:45:23,071] {settings.py:253} INFO - settings.configure_orm(): Using pool settings. pool_size=5, max_overflow=10, pool_recycle=1800, pid=4671
[2020-02-25 13:45:23,075] {scheduler_job.py:153} INFO - Started process (PID=4671) to work on /usr/local/airflow/dags/kits5555os999.py
[2020-02-25 13:45:23,081] {scheduler_job.py:1560} INFO - Processing file /usr/local/airflow/dags/kits5555os999.py for tasks to queue
[2020-02-25 13:45:23,082] {logging_mixin.py:112} INFO - [2020-02-25 13:45:23,082] {dagbag.py:403} INFO - Filling up the DagBag from /usr/local/airflow/dags/kits5555os999.py
[2020-02-25 13:45:23,089] {scheduler_job.py:1572} INFO - DAG(s) dict_keys(['kits5555os999']) retrieved from /usr/local/airflow/dags/kits5555os999.py
[2020-02-25 13:45:23,157] {scheduler_job.py:1282} INFO - Processing kits5555os999
[2020-02-25 13:45:23,166] {scheduler_job.py:446} INFO - Skipping SLA check for <DAG: kits5555os999> because no tasks in DAG have SLAs
[2020-02-25 13:45:23,173] {scheduler_job.py:161} INFO - Processing /usr/local/airflow/dags/kits5555os999.py took 0.097 seconds
[2020-02-25 13:45:31,238] {logging_mixin.py:112} INFO - [2020-02-25 13:45:31,238] {settings.py:253} INFO - settings.configure_orm(): Using pool settings. pool_size=5, max_overflow=10, pool_recycle=1800, pid=4752
[2020-02-25 13:45:31,243] {scheduler_job.py:153} INFO - Started process (PID=4752) to work on /usr/local/airflow/dags/kits5555os999.py
[2020-02-25 13:45:31,249] {scheduler_job.py:1560} INFO - Processing file /usr/local/airflow/dags/kits5555os999.py for tasks to queue
[2020-02-25 13:45:31,250] {logging_mixin.py:112} INFO - [2020-02-25 13:45:31,249] {dagbag.py:403} INFO - Filling up the DagBag from /usr/local/airflow/dags/kits5555os999.py
[2020-02-25 13:45:31,257] {scheduler_job.py:1572} INFO - DAG(s) dict_keys(['kits5555os999']) retrieved from /usr/local/airflow/dags/kits5555os999.py
[2020-02-25 13:45:31,325] {scheduler_job.py:1282} INFO - Processing kits5555os999
[2020-02-25 13:45:31,335] {scheduler_job.py:446} INFO - Skipping SLA check for <DAG: kits5555os999> because no tasks in DAG have SLAs
[2020-02-25 13:45:31,342] {scheduler_job.py:161} INFO - Processing /usr/local/airflow/dags/kits5555os999.py took 0.099 seconds
[2020-02-25 13:45:39,395] {logging_mixin.py:112} INFO - [2020-02-25 13:45:39,395] {settings.py:253} INFO - settings.configure_orm(): Using pool settings. pool_size=5, max_overflow=10, pool_recycle=1800, pid=4838
[2020-02-25 13:45:39,401] {scheduler_job.py:153} INFO - Started process (PID=4838) to work on /usr/local/airflow/dags/kits5555os999.py
[2020-02-25 13:45:39,408] {scheduler_job.py:1560} INFO - Processing file /usr/local/airflow/dags/kits5555os999.py for tasks to queue
[2020-02-25 13:45:39,408] {logging_mixin.py:112} INFO - [2020-02-25 13:45:39,408] {dagbag.py:403} INFO - Filling up the DagBag from /usr/local/airflow/dags/kits5555os999.py
[2020-02-25 13:45:39,422] {scheduler_job.py:1572} INFO - DAG(s) dict_keys(['kits5555os999']) retrieved from /usr/local/airflow/dags/kits5555os999.py
[2020-02-25 13:45:39,486] {scheduler_job.py:1282} INFO - Processing kits5555os999
[2020-02-25 13:45:39,496] {scheduler_job.py:446} INFO - Skipping SLA check for <DAG: kits5555os999> because no tasks in DAG have SLAs
[2020-02-25 13:45:39,502] {scheduler_job.py:161} INFO - Processing /usr/local/airflow/dags/kits5555os999.py took 0.101 seconds
[2020-02-25 13:45:47,580] {logging_mixin.py:112} INFO - [2020-02-25 13:45:47,579] {settings.py:253} INFO - settings.configure_orm(): Using pool settings. pool_size=5, max_overflow=10, pool_recycle=1800, pid=4918
[2020-02-25 13:45:47,587] {scheduler_job.py:153} INFO - Started process (PID=4918) to work on /usr/local/airflow/dags/kits5555os999.py
[2020-02-25 13:45:47,592] {scheduler_job.py:1560} INFO - Processing file /usr/local/airflow/dags/kits5555os999.py for tasks to queue
[2020-02-25 13:45:47,593] {logging_mixin.py:112} INFO - [2020-02-25 13:45:47,592] {dagbag.py:403} INFO - Filling up the DagBag from /usr/local/airflow/dags/kits5555os999.py
[2020-02-25 13:45:47,602] {scheduler_job.py:1572} INFO - DAG(s) dict_keys(['kits5555os999']) retrieved from /usr/local/airflow/dags/kits5555os999.py
[2020-02-25 13:45:47,679] {scheduler_job.py:1282} INFO - Processing kits5555os999
[2020-02-25 13:45:47,689] {scheduler_job.py:446} INFO - Skipping SLA check for <DAG: kits5555os999> because no tasks in DAG have SLAs
[2020-02-25 13:45:47,696] {scheduler_job.py:161} INFO - Processing /usr/local/airflow/dags/kits5555os999.py took 0.110 seconds
[2020-02-25 13:45:55,747] {logging_mixin.py:112} INFO - [2020-02-25 13:45:55,747] {settings.py:253} INFO - settings.configure_orm(): Using pool settings. pool_size=5, max_overflow=10, pool_recycle=1800, pid=5003
[2020-02-25 13:45:55,752] {scheduler_job.py:153} INFO - Started process (PID=5003) to work on /usr/local/airflow/dags/kits5555os999.py
[2020-02-25 13:45:55,757] {scheduler_job.py:1560} INFO - Processing file /usr/local/airflow/dags/kits5555os999.py for tasks to queue
[2020-02-25 13:45:55,758] {logging_mixin.py:112} INFO - [2020-02-25 13:45:55,758] {dagbag.py:403} INFO - Filling up the DagBag from /usr/local/airflow/dags/kits5555os999.py
[2020-02-25 13:45:55,766] {scheduler_job.py:1572} INFO - DAG(s) dict_keys(['kits5555os999']) retrieved from /usr/local/airflow/dags/kits5555os999.py
[2020-02-25 13:45:55,833] {scheduler_job.py:1282} INFO - Processing kits5555os999
[2020-02-25 13:45:55,844] {scheduler_job.py:446} INFO - Skipping SLA check for <DAG: kits5555os999> because no tasks in DAG have SLAs
[2020-02-25 13:45:55,850] {scheduler_job.py:161} INFO - Processing /usr/local/airflow/dags/kits5555os999.py took 0.098 seconds
[2020-02-25 13:46:03,914] {logging_mixin.py:112} INFO - [2020-02-25 13:46:03,913] {settings.py:253} INFO - settings.configure_orm(): Using pool settings. pool_size=5, max_overflow=10, pool_recycle=1800, pid=5084
[2020-02-25 13:46:03,919] {scheduler_job.py:153} INFO - Started process (PID=5084) to work on /usr/local/airflow/dags/kits5555os999.py
[2020-02-25 13:46:03,925] {scheduler_job.py:1560} INFO - Processing file /usr/local/airflow/dags/kits5555os999.py for tasks to queue
[2020-02-25 13:46:03,925] {logging_mixin.py:112} INFO - [2020-02-25 13:46:03,925] {dagbag.py:403} INFO - Filling up the DagBag from /usr/local/airflow/dags/kits5555os999.py
[2020-02-25 13:46:03,935] {scheduler_job.py:1572} INFO - DAG(s) dict_keys(['kits5555os999']) retrieved from /usr/local/airflow/dags/kits5555os999.py
[2020-02-25 13:46:04,012] {scheduler_job.py:1282} INFO - Processing kits5555os999
[2020-02-25 13:46:04,022] {scheduler_job.py:446} INFO - Skipping SLA check for <DAG: kits5555os999> because no tasks in DAG have SLAs
[2020-02-25 13:46:04,029] {scheduler_job.py:161} INFO - Processing /usr/local/airflow/dags/kits5555os999.py took 0.109 seconds
[2020-02-25 13:46:12,102] {logging_mixin.py:112} INFO - [2020-02-25 13:46:12,101] {settings.py:253} INFO - settings.configure_orm(): Using pool settings. pool_size=5, max_overflow=10, pool_recycle=1800, pid=5169
[2020-02-25 13:46:12,107] {scheduler_job.py:153} INFO - Started process (PID=5169) to work on /usr/local/airflow/dags/kits5555os999.py
[2020-02-25 13:46:12,112] {scheduler_job.py:1560} INFO - Processing file /usr/local/airflow/dags/kits5555os999.py for tasks to queue
[2020-02-25 13:46:12,113] {logging_mixin.py:112} INFO - [2020-02-25 13:46:12,113] {dagbag.py:403} INFO - Filling up the DagBag from /usr/local/airflow/dags/kits5555os999.py
[2020-02-25 13:46:12,123] {scheduler_job.py:1572} INFO - DAG(s) dict_keys(['kits5555os999']) retrieved from /usr/local/airflow/dags/kits5555os999.py
[2020-02-25 13:46:12,226] {scheduler_job.py:1282} INFO - Processing kits5555os999
[2020-02-25 13:46:12,238] {scheduler_job.py:446} INFO - Skipping SLA check for <DAG: kits5555os999> because no tasks in DAG have SLAs
[2020-02-25 13:46:12,246] {scheduler_job.py:161} INFO - Processing /usr/local/airflow/dags/kits5555os999.py took 0.139 seconds
[2020-02-25 13:46:20,272] {logging_mixin.py:112} INFO - [2020-02-25 13:46:20,272] {settings.py:253} INFO - settings.configure_orm(): Using pool settings. pool_size=5, max_overflow=10, pool_recycle=1800, pid=5249
[2020-02-25 13:46:20,281] {scheduler_job.py:153} INFO - Started process (PID=5249) to work on /usr/local/airflow/dags/kits5555os999.py
[2020-02-25 13:46:20,288] {scheduler_job.py:1560} INFO - Processing file /usr/local/airflow/dags/kits5555os999.py for tasks to queue
[2020-02-25 13:46:20,289] {logging_mixin.py:112} INFO - [2020-02-25 13:46:20,289] {dagbag.py:403} INFO - Filling up the DagBag from /usr/local/airflow/dags/kits5555os999.py
[2020-02-25 13:46:20,302] {scheduler_job.py:1572} INFO - DAG(s) dict_keys(['kits5555os999']) retrieved from /usr/local/airflow/dags/kits5555os999.py
[2020-02-25 13:46:20,405] {scheduler_job.py:1282} INFO - Processing kits5555os999
[2020-02-25 13:46:20,418] {scheduler_job.py:446} INFO - Skipping SLA check for <DAG: kits5555os999> because no tasks in DAG have SLAs
[2020-02-25 13:46:20,424] {scheduler_job.py:161} INFO - Processing /usr/local/airflow/dags/kits5555os999.py took 0.143 seconds
[2020-02-25 13:46:28,520] {logging_mixin.py:112} INFO - [2020-02-25 13:46:28,519] {settings.py:253} INFO - settings.configure_orm(): Using pool settings. pool_size=5, max_overflow=10, pool_recycle=1800, pid=5354
[2020-02-25 13:46:28,528] {scheduler_job.py:153} INFO - Started process (PID=5354) to work on /usr/local/airflow/dags/kits5555os999.py
[2020-02-25 13:46:28,539] {scheduler_job.py:1560} INFO - Processing file /usr/local/airflow/dags/kits5555os999.py for tasks to queue
[2020-02-25 13:46:28,542] {logging_mixin.py:112} INFO - [2020-02-25 13:46:28,541] {dagbag.py:403} INFO - Filling up the DagBag from /usr/local/airflow/dags/kits5555os999.py
[2020-02-25 13:46:28,558] {scheduler_job.py:1572} INFO - DAG(s) dict_keys(['kits5555os999']) retrieved from /usr/local/airflow/dags/kits5555os999.py
[2020-02-25 13:46:28,678] {scheduler_job.py:1282} INFO - Processing kits5555os999
[2020-02-25 13:46:28,694] {scheduler_job.py:446} INFO - Skipping SLA check for <DAG: kits5555os999> because no tasks in DAG have SLAs
[2020-02-25 13:46:28,707] {scheduler_job.py:161} INFO - Processing /usr/local/airflow/dags/kits5555os999.py took 0.179 seconds
[2020-02-25 13:46:36,737] {logging_mixin.py:112} INFO - [2020-02-25 13:46:36,736] {settings.py:253} INFO - settings.configure_orm(): Using pool settings. pool_size=5, max_overflow=10, pool_recycle=1800, pid=5436
[2020-02-25 13:46:36,747] {scheduler_job.py:153} INFO - Started process (PID=5436) to work on /usr/local/airflow/dags/kits5555os999.py
[2020-02-25 13:46:36,756] {scheduler_job.py:1560} INFO - Processing file /usr/local/airflow/dags/kits5555os999.py for tasks to queue
[2020-02-25 13:46:36,757] {logging_mixin.py:112} INFO - [2020-02-25 13:46:36,756] {dagbag.py:403} INFO - Filling up the DagBag from /usr/local/airflow/dags/kits5555os999.py
[2020-02-25 13:46:36,831] {scheduler_job.py:1572} INFO - DAG(s) dict_keys(['kits5555os999']) retrieved from /usr/local/airflow/dags/kits5555os999.py
[2020-02-25 13:46:37,024] {scheduler_job.py:1282} INFO - Processing kits5555os999
[2020-02-25 13:46:37,067] {scheduler_job.py:446} INFO - Skipping SLA check for <DAG: kits5555os999> because no tasks in DAG have SLAs
[2020-02-25 13:46:37,094] {scheduler_job.py:161} INFO - Processing /usr/local/airflow/dags/kits5555os999.py took 0.348 seconds
[2020-02-25 13:46:44,956] {logging_mixin.py:112} INFO - [2020-02-25 13:46:44,955] {settings.py:253} INFO - settings.configure_orm(): Using pool settings. pool_size=5, max_overflow=10, pool_recycle=1800, pid=5540
[2020-02-25 13:46:44,961] {scheduler_job.py:153} INFO - Started process (PID=5540) to work on /usr/local/airflow/dags/kits5555os999.py
[2020-02-25 13:46:44,968] {scheduler_job.py:1560} INFO - Processing file /usr/local/airflow/dags/kits5555os999.py for tasks to queue
[2020-02-25 13:46:44,969] {logging_mixin.py:112} INFO - [2020-02-25 13:46:44,969] {dagbag.py:403} INFO - Filling up the DagBag from /usr/local/airflow/dags/kits5555os999.py
[2020-02-25 13:46:44,978] {scheduler_job.py:1572} INFO - DAG(s) dict_keys(['kits5555os999']) retrieved from /usr/local/airflow/dags/kits5555os999.py
[2020-02-25 13:46:45,068] {scheduler_job.py:1282} INFO - Processing kits5555os999
[2020-02-25 13:46:45,078] {scheduler_job.py:446} INFO - Skipping SLA check for <DAG: kits5555os999> because no tasks in DAG have SLAs
[2020-02-25 13:46:45,084] {scheduler_job.py:161} INFO - Processing /usr/local/airflow/dags/kits5555os999.py took 0.123 seconds
[2020-02-25 13:46:53,195] {logging_mixin.py:112} INFO - [2020-02-25 13:46:53,195] {settings.py:253} INFO - settings.configure_orm(): Using pool settings. pool_size=5, max_overflow=10, pool_recycle=1800, pid=5620
[2020-02-25 13:46:53,200] {scheduler_job.py:153} INFO - Started process (PID=5620) to work on /usr/local/airflow/dags/kits5555os999.py
[2020-02-25 13:46:53,206] {scheduler_job.py:1560} INFO - Processing file /usr/local/airflow/dags/kits5555os999.py for tasks to queue
[2020-02-25 13:46:53,206] {logging_mixin.py:112} INFO - [2020-02-25 13:46:53,206] {dagbag.py:403} INFO - Filling up the DagBag from /usr/local/airflow/dags/kits5555os999.py
[2020-02-25 13:46:53,218] {scheduler_job.py:1572} INFO - DAG(s) dict_keys(['kits5555os999']) retrieved from /usr/local/airflow/dags/kits5555os999.py
[2020-02-25 13:46:53,311] {scheduler_job.py:1282} INFO - Processing kits5555os999
[2020-02-25 13:46:53,323] {scheduler_job.py:446} INFO - Skipping SLA check for <DAG: kits5555os999> because no tasks in DAG have SLAs
[2020-02-25 13:46:53,335] {scheduler_job.py:161} INFO - Processing /usr/local/airflow/dags/kits5555os999.py took 0.135 seconds
[2020-02-25 13:47:01,323] {logging_mixin.py:112} INFO - [2020-02-25 13:47:01,323] {settings.py:253} INFO - settings.configure_orm(): Using pool settings. pool_size=5, max_overflow=10, pool_recycle=1800, pid=5706
[2020-02-25 13:47:01,328] {scheduler_job.py:153} INFO - Started process (PID=5706) to work on /usr/local/airflow/dags/kits5555os999.py
[2020-02-25 13:47:01,334] {scheduler_job.py:1560} INFO - Processing file /usr/local/airflow/dags/kits5555os999.py for tasks to queue
[2020-02-25 13:47:01,335] {logging_mixin.py:112} INFO - [2020-02-25 13:47:01,335] {dagbag.py:403} INFO - Filling up the DagBag from /usr/local/airflow/dags/kits5555os999.py
[2020-02-25 13:47:01,344] {scheduler_job.py:1572} INFO - DAG(s) dict_keys(['kits5555os999']) retrieved from /usr/local/airflow/dags/kits5555os999.py
[2020-02-25 13:47:01,424] {scheduler_job.py:1282} INFO - Processing kits5555os999
[2020-02-25 13:47:01,434] {scheduler_job.py:446} INFO - Skipping SLA check for <DAG: kits5555os999> because no tasks in DAG have SLAs
[2020-02-25 13:47:01,441] {scheduler_job.py:161} INFO - Processing /usr/local/airflow/dags/kits5555os999.py took 0.112 seconds
[2020-02-25 13:47:09,496] {logging_mixin.py:112} INFO - [2020-02-25 13:47:09,496] {settings.py:253} INFO - settings.configure_orm(): Using pool settings. pool_size=5, max_overflow=10, pool_recycle=1800, pid=5787
[2020-02-25 13:47:09,501] {scheduler_job.py:153} INFO - Started process (PID=5787) to work on /usr/local/airflow/dags/kits5555os999.py
[2020-02-25 13:47:09,506] {scheduler_job.py:1560} INFO - Processing file /usr/local/airflow/dags/kits5555os999.py for tasks to queue
[2020-02-25 13:47:09,507] {logging_mixin.py:112} INFO - [2020-02-25 13:47:09,507] {dagbag.py:403} INFO - Filling up the DagBag from /usr/local/airflow/dags/kits5555os999.py
[2020-02-25 13:47:09,515] {scheduler_job.py:1572} INFO - DAG(s) dict_keys(['kits5555os999']) retrieved from /usr/local/airflow/dags/kits5555os999.py
[2020-02-25 13:47:09,591] {scheduler_job.py:1282} INFO - Processing kits5555os999
[2020-02-25 13:47:09,603] {scheduler_job.py:446} INFO - Skipping SLA check for <DAG: kits5555os999> because no tasks in DAG have SLAs
[2020-02-25 13:47:09,610] {scheduler_job.py:161} INFO - Processing /usr/local/airflow/dags/kits5555os999.py took 0.108 seconds
[2020-02-25 13:47:17,682] {logging_mixin.py:112} INFO - [2020-02-25 13:47:17,682] {settings.py:253} INFO - settings.configure_orm(): Using pool settings. pool_size=5, max_overflow=10, pool_recycle=1800, pid=5872
[2020-02-25 13:47:17,688] {scheduler_job.py:153} INFO - Started process (PID=5872) to work on /usr/local/airflow/dags/kits5555os999.py
[2020-02-25 13:47:17,693] {scheduler_job.py:1560} INFO - Processing file /usr/local/airflow/dags/kits5555os999.py for tasks to queue
[2020-02-25 13:47:17,694] {logging_mixin.py:112} INFO - [2020-02-25 13:47:17,694] {dagbag.py:403} INFO - Filling up the DagBag from /usr/local/airflow/dags/kits5555os999.py
[2020-02-25 13:47:17,702] {scheduler_job.py:1572} INFO - DAG(s) dict_keys(['kits5555os999']) retrieved from /usr/local/airflow/dags/kits5555os999.py
[2020-02-25 13:47:17,776] {scheduler_job.py:1282} INFO - Processing kits5555os999
[2020-02-25 13:47:17,789] {scheduler_job.py:446} INFO - Skipping SLA check for <DAG: kits5555os999> because no tasks in DAG have SLAs
[2020-02-25 13:47:17,800] {scheduler_job.py:161} INFO - Processing /usr/local/airflow/dags/kits5555os999.py took 0.112 seconds
[2020-02-25 13:47:25,847] {logging_mixin.py:112} INFO - [2020-02-25 13:47:25,846] {settings.py:253} INFO - settings.configure_orm(): Using pool settings. pool_size=5, max_overflow=10, pool_recycle=1800, pid=5957
[2020-02-25 13:47:25,851] {scheduler_job.py:153} INFO - Started process (PID=5957) to work on /usr/local/airflow/dags/kits5555os999.py
[2020-02-25 13:47:25,857] {scheduler_job.py:1560} INFO - Processing file /usr/local/airflow/dags/kits5555os999.py for tasks to queue
[2020-02-25 13:47:25,857] {logging_mixin.py:112} INFO - [2020-02-25 13:47:25,857] {dagbag.py:403} INFO - Filling up the DagBag from /usr/local/airflow/dags/kits5555os999.py
[2020-02-25 13:47:25,867] {scheduler_job.py:1572} INFO - DAG(s) dict_keys(['kits5555os999']) retrieved from /usr/local/airflow/dags/kits5555os999.py
[2020-02-25 13:47:25,935] {scheduler_job.py:1282} INFO - Processing kits5555os999
[2020-02-25 13:47:25,946] {scheduler_job.py:446} INFO - Skipping SLA check for <DAG: kits5555os999> because no tasks in DAG have SLAs
[2020-02-25 13:47:25,956] {scheduler_job.py:161} INFO - Processing /usr/local/airflow/dags/kits5555os999.py took 0.104 seconds
[2020-02-25 13:47:34,021] {logging_mixin.py:112} INFO - [2020-02-25 13:47:34,021] {settings.py:253} INFO - settings.configure_orm(): Using pool settings. pool_size=5, max_overflow=10, pool_recycle=1800, pid=6044
[2020-02-25 13:47:34,026] {scheduler_job.py:153} INFO - Started process (PID=6044) to work on /usr/local/airflow/dags/kits5555os999.py
[2020-02-25 13:47:34,031] {scheduler_job.py:1560} INFO - Processing file /usr/local/airflow/dags/kits5555os999.py for tasks to queue
[2020-02-25 13:47:34,031] {logging_mixin.py:112} INFO - [2020-02-25 13:47:34,031] {dagbag.py:403} INFO - Filling up the DagBag from /usr/local/airflow/dags/kits5555os999.py
[2020-02-25 13:47:34,040] {scheduler_job.py:1572} INFO - DAG(s) dict_keys(['kits5555os999']) retrieved from /usr/local/airflow/dags/kits5555os999.py
[2020-02-25 13:47:34,122] {scheduler_job.py:1282} INFO - Processing kits5555os999
[2020-02-25 13:47:34,134] {scheduler_job.py:446} INFO - Skipping SLA check for <DAG: kits5555os999> because no tasks in DAG have SLAs
[2020-02-25 13:47:34,140] {scheduler_job.py:161} INFO - Processing /usr/local/airflow/dags/kits5555os999.py took 0.114 seconds
[2020-02-25 13:47:42,193] {logging_mixin.py:112} INFO - [2020-02-25 13:47:42,192] {settings.py:253} INFO - settings.configure_orm(): Using pool settings. pool_size=5, max_overflow=10, pool_recycle=1800, pid=6125
[2020-02-25 13:47:42,197] {scheduler_job.py:153} INFO - Started process (PID=6125) to work on /usr/local/airflow/dags/kits5555os999.py
[2020-02-25 13:47:42,201] {scheduler_job.py:1560} INFO - Processing file /usr/local/airflow/dags/kits5555os999.py for tasks to queue
[2020-02-25 13:47:42,201] {logging_mixin.py:112} INFO - [2020-02-25 13:47:42,201] {dagbag.py:403} INFO - Filling up the DagBag from /usr/local/airflow/dags/kits5555os999.py
[2020-02-25 13:47:42,210] {scheduler_job.py:1572} INFO - DAG(s) dict_keys(['kits5555os999']) retrieved from /usr/local/airflow/dags/kits5555os999.py
[2020-02-25 13:47:42,278] {scheduler_job.py:1282} INFO - Processing kits5555os999
[2020-02-25 13:47:42,289] {scheduler_job.py:446} INFO - Skipping SLA check for <DAG: kits5555os999> because no tasks in DAG have SLAs
[2020-02-25 13:47:42,295] {scheduler_job.py:161} INFO - Processing /usr/local/airflow/dags/kits5555os999.py took 0.099 seconds
[2020-02-25 13:47:50,370] {logging_mixin.py:112} INFO - [2020-02-25 13:47:50,369] {settings.py:253} INFO - settings.configure_orm(): Using pool settings. pool_size=5, max_overflow=10, pool_recycle=1800, pid=6212
[2020-02-25 13:47:50,376] {scheduler_job.py:153} INFO - Started process (PID=6212) to work on /usr/local/airflow/dags/kits5555os999.py
[2020-02-25 13:47:50,383] {scheduler_job.py:1560} INFO - Processing file /usr/local/airflow/dags/kits5555os999.py for tasks to queue
[2020-02-25 13:47:50,383] {logging_mixin.py:112} INFO - [2020-02-25 13:47:50,383] {dagbag.py:403} INFO - Filling up the DagBag from /usr/local/airflow/dags/kits5555os999.py
[2020-02-25 13:47:50,391] {scheduler_job.py:1572} INFO - DAG(s) dict_keys(['kits5555os999']) retrieved from /usr/local/airflow/dags/kits5555os999.py
[2020-02-25 13:47:50,464] {scheduler_job.py:1282} INFO - Processing kits5555os999
[2020-02-25 13:47:50,474] {scheduler_job.py:446} INFO - Skipping SLA check for <DAG: kits5555os999> because no tasks in DAG have SLAs
[2020-02-25 13:47:50,483] {scheduler_job.py:161} INFO - Processing /usr/local/airflow/dags/kits5555os999.py took 0.107 seconds
[2020-02-25 13:47:58,544] {logging_mixin.py:112} INFO - [2020-02-25 13:47:58,543] {settings.py:253} INFO - settings.configure_orm(): Using pool settings. pool_size=5, max_overflow=10, pool_recycle=1800, pid=6298
[2020-02-25 13:47:58,549] {scheduler_job.py:153} INFO - Started process (PID=6298) to work on /usr/local/airflow/dags/kits5555os999.py
[2020-02-25 13:47:58,557] {scheduler_job.py:1560} INFO - Processing file /usr/local/airflow/dags/kits5555os999.py for tasks to queue
[2020-02-25 13:47:58,558] {logging_mixin.py:112} INFO - [2020-02-25 13:47:58,557] {dagbag.py:403} INFO - Filling up the DagBag from /usr/local/airflow/dags/kits5555os999.py
[2020-02-25 13:47:58,567] {scheduler_job.py:1572} INFO - DAG(s) dict_keys(['kits5555os999']) retrieved from /usr/local/airflow/dags/kits5555os999.py
[2020-02-25 13:47:58,631] {scheduler_job.py:1282} INFO - Processing kits5555os999
[2020-02-25 13:47:58,640] {scheduler_job.py:446} INFO - Skipping SLA check for <DAG: kits5555os999> because no tasks in DAG have SLAs
[2020-02-25 13:47:58,646] {scheduler_job.py:161} INFO - Processing /usr/local/airflow/dags/kits5555os999.py took 0.097 seconds
