[2020-02-25 13:43:08,180] {logging_mixin.py:112} INFO - [2020-02-25 13:43:08,180] {settings.py:253} INFO - settings.configure_orm(): Using pool settings. pool_size=5, max_overflow=10, pool_recycle=1800, pid=3294
[2020-02-25 13:43:08,185] {scheduler_job.py:153} INFO - Started process (PID=3294) to work on /usr/local/airflow/dags/moeeei.py
[2020-02-25 13:43:08,190] {scheduler_job.py:1560} INFO - Processing file /usr/local/airflow/dags/moeeei.py for tasks to queue
[2020-02-25 13:43:08,191] {logging_mixin.py:112} INFO - [2020-02-25 13:43:08,191] {dagbag.py:403} INFO - Filling up the DagBag from /usr/local/airflow/dags/moeeei.py
[2020-02-25 13:43:08,200] {scheduler_job.py:1572} INFO - DAG(s) dict_keys(['moeeei']) retrieved from /usr/local/airflow/dags/moeeei.py
[2020-02-25 13:43:08,231] {logging_mixin.py:112} INFO - [2020-02-25 13:43:08,231] {dag.py:1485} INFO - Creating ORM DAG for moeeei
[2020-02-25 13:43:08,257] {scheduler_job.py:161} INFO - Processing /usr/local/airflow/dags/moeeei.py took 0.071 seconds
[2020-02-25 13:43:16,343] {logging_mixin.py:112} INFO - [2020-02-25 13:43:16,343] {settings.py:253} INFO - settings.configure_orm(): Using pool settings. pool_size=5, max_overflow=10, pool_recycle=1800, pid=3374
[2020-02-25 13:43:16,348] {scheduler_job.py:153} INFO - Started process (PID=3374) to work on /usr/local/airflow/dags/moeeei.py
[2020-02-25 13:43:16,353] {scheduler_job.py:1560} INFO - Processing file /usr/local/airflow/dags/moeeei.py for tasks to queue
[2020-02-25 13:43:16,355] {logging_mixin.py:112} INFO - [2020-02-25 13:43:16,354] {dagbag.py:403} INFO - Filling up the DagBag from /usr/local/airflow/dags/moeeei.py
[2020-02-25 13:43:16,363] {scheduler_job.py:1572} INFO - DAG(s) dict_keys(['moeeei']) retrieved from /usr/local/airflow/dags/moeeei.py
[2020-02-25 13:43:16,417] {scheduler_job.py:161} INFO - Processing /usr/local/airflow/dags/moeeei.py took 0.068 seconds
[2020-02-25 13:43:24,521] {logging_mixin.py:112} INFO - [2020-02-25 13:43:24,520] {settings.py:253} INFO - settings.configure_orm(): Using pool settings. pool_size=5, max_overflow=10, pool_recycle=1800, pid=3460
[2020-02-25 13:43:24,526] {scheduler_job.py:153} INFO - Started process (PID=3460) to work on /usr/local/airflow/dags/moeeei.py
[2020-02-25 13:43:24,533] {scheduler_job.py:1560} INFO - Processing file /usr/local/airflow/dags/moeeei.py for tasks to queue
[2020-02-25 13:43:24,535] {logging_mixin.py:112} INFO - [2020-02-25 13:43:24,534] {dagbag.py:403} INFO - Filling up the DagBag from /usr/local/airflow/dags/moeeei.py
[2020-02-25 13:43:24,545] {scheduler_job.py:1572} INFO - DAG(s) dict_keys(['moeeei']) retrieved from /usr/local/airflow/dags/moeeei.py
[2020-02-25 13:43:24,644] {scheduler_job.py:161} INFO - Processing /usr/local/airflow/dags/moeeei.py took 0.117 seconds
[2020-02-25 13:43:32,692] {logging_mixin.py:112} INFO - [2020-02-25 13:43:32,692] {settings.py:253} INFO - settings.configure_orm(): Using pool settings. pool_size=5, max_overflow=10, pool_recycle=1800, pid=3540
[2020-02-25 13:43:32,697] {scheduler_job.py:153} INFO - Started process (PID=3540) to work on /usr/local/airflow/dags/moeeei.py
[2020-02-25 13:43:32,701] {scheduler_job.py:1560} INFO - Processing file /usr/local/airflow/dags/moeeei.py for tasks to queue
[2020-02-25 13:43:32,701] {logging_mixin.py:112} INFO - [2020-02-25 13:43:32,701] {dagbag.py:403} INFO - Filling up the DagBag from /usr/local/airflow/dags/moeeei.py
[2020-02-25 13:43:32,709] {scheduler_job.py:1572} INFO - DAG(s) dict_keys(['moeeei']) retrieved from /usr/local/airflow/dags/moeeei.py
[2020-02-25 13:43:32,760] {scheduler_job.py:161} INFO - Processing /usr/local/airflow/dags/moeeei.py took 0.063 seconds
[2020-02-25 13:43:40,870] {logging_mixin.py:112} INFO - [2020-02-25 13:43:40,869] {settings.py:253} INFO - settings.configure_orm(): Using pool settings. pool_size=5, max_overflow=10, pool_recycle=1800, pid=3625
[2020-02-25 13:43:40,877] {scheduler_job.py:153} INFO - Started process (PID=3625) to work on /usr/local/airflow/dags/moeeei.py
[2020-02-25 13:43:40,882] {scheduler_job.py:1560} INFO - Processing file /usr/local/airflow/dags/moeeei.py for tasks to queue
[2020-02-25 13:43:40,883] {logging_mixin.py:112} INFO - [2020-02-25 13:43:40,883] {dagbag.py:403} INFO - Filling up the DagBag from /usr/local/airflow/dags/moeeei.py
[2020-02-25 13:43:40,890] {scheduler_job.py:1572} INFO - DAG(s) dict_keys(['moeeei']) retrieved from /usr/local/airflow/dags/moeeei.py
[2020-02-25 13:43:40,942] {scheduler_job.py:161} INFO - Processing /usr/local/airflow/dags/moeeei.py took 0.066 seconds
[2020-02-25 13:43:49,039] {logging_mixin.py:112} INFO - [2020-02-25 13:43:49,039] {settings.py:253} INFO - settings.configure_orm(): Using pool settings. pool_size=5, max_overflow=10, pool_recycle=1800, pid=3711
[2020-02-25 13:43:49,047] {scheduler_job.py:153} INFO - Started process (PID=3711) to work on /usr/local/airflow/dags/moeeei.py
[2020-02-25 13:43:49,064] {scheduler_job.py:1560} INFO - Processing file /usr/local/airflow/dags/moeeei.py for tasks to queue
[2020-02-25 13:43:49,065] {logging_mixin.py:112} INFO - [2020-02-25 13:43:49,065] {dagbag.py:403} INFO - Filling up the DagBag from /usr/local/airflow/dags/moeeei.py
[2020-02-25 13:43:49,076] {scheduler_job.py:1572} INFO - DAG(s) dict_keys(['moeeei']) retrieved from /usr/local/airflow/dags/moeeei.py
[2020-02-25 13:43:49,143] {scheduler_job.py:161} INFO - Processing /usr/local/airflow/dags/moeeei.py took 0.096 seconds
[2020-02-25 13:43:57,233] {logging_mixin.py:112} INFO - [2020-02-25 13:43:57,232] {settings.py:253} INFO - settings.configure_orm(): Using pool settings. pool_size=5, max_overflow=10, pool_recycle=1800, pid=3792
[2020-02-25 13:43:57,238] {scheduler_job.py:153} INFO - Started process (PID=3792) to work on /usr/local/airflow/dags/moeeei.py
[2020-02-25 13:43:57,244] {scheduler_job.py:1560} INFO - Processing file /usr/local/airflow/dags/moeeei.py for tasks to queue
[2020-02-25 13:43:57,245] {logging_mixin.py:112} INFO - [2020-02-25 13:43:57,244] {dagbag.py:403} INFO - Filling up the DagBag from /usr/local/airflow/dags/moeeei.py
[2020-02-25 13:43:57,253] {scheduler_job.py:1572} INFO - DAG(s) dict_keys(['moeeei']) retrieved from /usr/local/airflow/dags/moeeei.py
[2020-02-25 13:43:57,314] {scheduler_job.py:161} INFO - Processing /usr/local/airflow/dags/moeeei.py took 0.076 seconds
[2020-02-25 13:44:05,408] {logging_mixin.py:112} INFO - [2020-02-25 13:44:05,408] {settings.py:253} INFO - settings.configure_orm(): Using pool settings. pool_size=5, max_overflow=10, pool_recycle=1800, pid=3879
[2020-02-25 13:44:05,413] {scheduler_job.py:153} INFO - Started process (PID=3879) to work on /usr/local/airflow/dags/moeeei.py
[2020-02-25 13:44:05,418] {scheduler_job.py:1560} INFO - Processing file /usr/local/airflow/dags/moeeei.py for tasks to queue
[2020-02-25 13:44:05,419] {logging_mixin.py:112} INFO - [2020-02-25 13:44:05,419] {dagbag.py:403} INFO - Filling up the DagBag from /usr/local/airflow/dags/moeeei.py
[2020-02-25 13:44:05,434] {scheduler_job.py:1572} INFO - DAG(s) dict_keys(['moeeei']) retrieved from /usr/local/airflow/dags/moeeei.py
[2020-02-25 13:44:05,483] {scheduler_job.py:161} INFO - Processing /usr/local/airflow/dags/moeeei.py took 0.070 seconds
[2020-02-25 13:44:13,584] {logging_mixin.py:112} INFO - [2020-02-25 13:44:13,584] {settings.py:253} INFO - settings.configure_orm(): Using pool settings. pool_size=5, max_overflow=10, pool_recycle=1800, pid=3959
[2020-02-25 13:44:13,589] {scheduler_job.py:153} INFO - Started process (PID=3959) to work on /usr/local/airflow/dags/moeeei.py
[2020-02-25 13:44:13,593] {scheduler_job.py:1560} INFO - Processing file /usr/local/airflow/dags/moeeei.py for tasks to queue
[2020-02-25 13:44:13,594] {logging_mixin.py:112} INFO - [2020-02-25 13:44:13,594] {dagbag.py:403} INFO - Filling up the DagBag from /usr/local/airflow/dags/moeeei.py
[2020-02-25 13:44:13,605] {scheduler_job.py:1572} INFO - DAG(s) dict_keys(['moeeei']) retrieved from /usr/local/airflow/dags/moeeei.py
[2020-02-25 13:44:13,655] {scheduler_job.py:161} INFO - Processing /usr/local/airflow/dags/moeeei.py took 0.066 seconds
[2020-02-25 13:44:21,752] {logging_mixin.py:112} INFO - [2020-02-25 13:44:21,751] {settings.py:253} INFO - settings.configure_orm(): Using pool settings. pool_size=5, max_overflow=10, pool_recycle=1800, pid=4044
[2020-02-25 13:44:21,756] {scheduler_job.py:153} INFO - Started process (PID=4044) to work on /usr/local/airflow/dags/moeeei.py
[2020-02-25 13:44:21,765] {scheduler_job.py:1560} INFO - Processing file /usr/local/airflow/dags/moeeei.py for tasks to queue
[2020-02-25 13:44:21,766] {logging_mixin.py:112} INFO - [2020-02-25 13:44:21,766] {dagbag.py:403} INFO - Filling up the DagBag from /usr/local/airflow/dags/moeeei.py
[2020-02-25 13:44:21,773] {scheduler_job.py:1572} INFO - DAG(s) dict_keys(['moeeei']) retrieved from /usr/local/airflow/dags/moeeei.py
[2020-02-25 13:44:21,823] {scheduler_job.py:161} INFO - Processing /usr/local/airflow/dags/moeeei.py took 0.067 seconds
[2020-02-25 13:44:29,949] {logging_mixin.py:112} INFO - [2020-02-25 13:44:29,948] {settings.py:253} INFO - settings.configure_orm(): Using pool settings. pool_size=5, max_overflow=10, pool_recycle=1800, pid=4125
[2020-02-25 13:44:29,964] {scheduler_job.py:153} INFO - Started process (PID=4125) to work on /usr/local/airflow/dags/moeeei.py
[2020-02-25 13:44:29,979] {scheduler_job.py:1560} INFO - Processing file /usr/local/airflow/dags/moeeei.py for tasks to queue
[2020-02-25 13:44:29,980] {logging_mixin.py:112} INFO - [2020-02-25 13:44:29,980] {dagbag.py:403} INFO - Filling up the DagBag from /usr/local/airflow/dags/moeeei.py
[2020-02-25 13:44:30,005] {scheduler_job.py:1572} INFO - DAG(s) dict_keys(['moeeei']) retrieved from /usr/local/airflow/dags/moeeei.py
[2020-02-25 13:44:30,163] {scheduler_job.py:161} INFO - Processing /usr/local/airflow/dags/moeeei.py took 0.200 seconds
[2020-02-25 13:44:38,134] {logging_mixin.py:112} INFO - [2020-02-25 13:44:38,133] {settings.py:253} INFO - settings.configure_orm(): Using pool settings. pool_size=5, max_overflow=10, pool_recycle=1800, pid=4213
[2020-02-25 13:44:38,139] {scheduler_job.py:153} INFO - Started process (PID=4213) to work on /usr/local/airflow/dags/moeeei.py
[2020-02-25 13:44:38,147] {scheduler_job.py:1560} INFO - Processing file /usr/local/airflow/dags/moeeei.py for tasks to queue
[2020-02-25 13:44:38,149] {logging_mixin.py:112} INFO - [2020-02-25 13:44:38,148] {dagbag.py:403} INFO - Filling up the DagBag from /usr/local/airflow/dags/moeeei.py
[2020-02-25 13:44:38,164] {scheduler_job.py:1572} INFO - DAG(s) dict_keys(['moeeei']) retrieved from /usr/local/airflow/dags/moeeei.py
[2020-02-25 13:44:38,226] {scheduler_job.py:161} INFO - Processing /usr/local/airflow/dags/moeeei.py took 0.087 seconds
[2020-02-25 13:44:46,299] {logging_mixin.py:112} INFO - [2020-02-25 13:44:46,298] {settings.py:253} INFO - settings.configure_orm(): Using pool settings. pool_size=5, max_overflow=10, pool_recycle=1800, pid=4293
[2020-02-25 13:44:46,304] {scheduler_job.py:153} INFO - Started process (PID=4293) to work on /usr/local/airflow/dags/moeeei.py
[2020-02-25 13:44:46,310] {scheduler_job.py:1560} INFO - Processing file /usr/local/airflow/dags/moeeei.py for tasks to queue
[2020-02-25 13:44:46,311] {logging_mixin.py:112} INFO - [2020-02-25 13:44:46,310] {dagbag.py:403} INFO - Filling up the DagBag from /usr/local/airflow/dags/moeeei.py
[2020-02-25 13:44:46,320] {scheduler_job.py:1572} INFO - DAG(s) dict_keys(['moeeei']) retrieved from /usr/local/airflow/dags/moeeei.py
[2020-02-25 13:44:46,377] {scheduler_job.py:161} INFO - Processing /usr/local/airflow/dags/moeeei.py took 0.073 seconds
[2020-02-25 13:44:54,467] {logging_mixin.py:112} INFO - [2020-02-25 13:44:54,467] {settings.py:253} INFO - settings.configure_orm(): Using pool settings. pool_size=5, max_overflow=10, pool_recycle=1800, pid=4380
[2020-02-25 13:44:54,472] {scheduler_job.py:153} INFO - Started process (PID=4380) to work on /usr/local/airflow/dags/moeeei.py
[2020-02-25 13:44:54,476] {scheduler_job.py:1560} INFO - Processing file /usr/local/airflow/dags/moeeei.py for tasks to queue
[2020-02-25 13:44:54,477] {logging_mixin.py:112} INFO - [2020-02-25 13:44:54,477] {dagbag.py:403} INFO - Filling up the DagBag from /usr/local/airflow/dags/moeeei.py
[2020-02-25 13:44:54,484] {scheduler_job.py:1572} INFO - DAG(s) dict_keys(['moeeei']) retrieved from /usr/local/airflow/dags/moeeei.py
[2020-02-25 13:44:54,536] {scheduler_job.py:161} INFO - Processing /usr/local/airflow/dags/moeeei.py took 0.064 seconds
[2020-02-25 13:45:02,641] {logging_mixin.py:112} INFO - [2020-02-25 13:45:02,640] {settings.py:253} INFO - settings.configure_orm(): Using pool settings. pool_size=5, max_overflow=10, pool_recycle=1800, pid=4461
[2020-02-25 13:45:02,646] {scheduler_job.py:153} INFO - Started process (PID=4461) to work on /usr/local/airflow/dags/moeeei.py
[2020-02-25 13:45:02,651] {scheduler_job.py:1560} INFO - Processing file /usr/local/airflow/dags/moeeei.py for tasks to queue
[2020-02-25 13:45:02,651] {logging_mixin.py:112} INFO - [2020-02-25 13:45:02,651] {dagbag.py:403} INFO - Filling up the DagBag from /usr/local/airflow/dags/moeeei.py
[2020-02-25 13:45:02,660] {scheduler_job.py:1572} INFO - DAG(s) dict_keys(['moeeei']) retrieved from /usr/local/airflow/dags/moeeei.py
[2020-02-25 13:45:02,723] {scheduler_job.py:161} INFO - Processing /usr/local/airflow/dags/moeeei.py took 0.077 seconds
[2020-02-25 13:45:10,806] {logging_mixin.py:112} INFO - [2020-02-25 13:45:10,805] {settings.py:253} INFO - settings.configure_orm(): Using pool settings. pool_size=5, max_overflow=10, pool_recycle=1800, pid=4546
[2020-02-25 13:45:10,811] {scheduler_job.py:153} INFO - Started process (PID=4546) to work on /usr/local/airflow/dags/moeeei.py
[2020-02-25 13:45:10,816] {scheduler_job.py:1560} INFO - Processing file /usr/local/airflow/dags/moeeei.py for tasks to queue
[2020-02-25 13:45:10,816] {logging_mixin.py:112} INFO - [2020-02-25 13:45:10,816] {dagbag.py:403} INFO - Filling up the DagBag from /usr/local/airflow/dags/moeeei.py
[2020-02-25 13:45:10,825] {scheduler_job.py:1572} INFO - DAG(s) dict_keys(['moeeei']) retrieved from /usr/local/airflow/dags/moeeei.py
[2020-02-25 13:45:10,880] {scheduler_job.py:161} INFO - Processing /usr/local/airflow/dags/moeeei.py took 0.070 seconds
[2020-02-25 13:45:18,976] {logging_mixin.py:112} INFO - [2020-02-25 13:45:18,976] {settings.py:253} INFO - settings.configure_orm(): Using pool settings. pool_size=5, max_overflow=10, pool_recycle=1800, pid=4626
[2020-02-25 13:45:18,980] {scheduler_job.py:153} INFO - Started process (PID=4626) to work on /usr/local/airflow/dags/moeeei.py
[2020-02-25 13:45:18,985] {scheduler_job.py:1560} INFO - Processing file /usr/local/airflow/dags/moeeei.py for tasks to queue
[2020-02-25 13:45:18,986] {logging_mixin.py:112} INFO - [2020-02-25 13:45:18,986] {dagbag.py:403} INFO - Filling up the DagBag from /usr/local/airflow/dags/moeeei.py
[2020-02-25 13:45:18,996] {scheduler_job.py:1572} INFO - DAG(s) dict_keys(['moeeei']) retrieved from /usr/local/airflow/dags/moeeei.py
[2020-02-25 13:45:19,043] {scheduler_job.py:161} INFO - Processing /usr/local/airflow/dags/moeeei.py took 0.063 seconds
[2020-02-25 13:45:27,142] {logging_mixin.py:112} INFO - [2020-02-25 13:45:27,142] {settings.py:253} INFO - settings.configure_orm(): Using pool settings. pool_size=5, max_overflow=10, pool_recycle=1800, pid=4711
[2020-02-25 13:45:27,148] {scheduler_job.py:153} INFO - Started process (PID=4711) to work on /usr/local/airflow/dags/moeeei.py
[2020-02-25 13:45:27,153] {scheduler_job.py:1560} INFO - Processing file /usr/local/airflow/dags/moeeei.py for tasks to queue
[2020-02-25 13:45:27,154] {logging_mixin.py:112} INFO - [2020-02-25 13:45:27,154] {dagbag.py:403} INFO - Filling up the DagBag from /usr/local/airflow/dags/moeeei.py
[2020-02-25 13:45:27,161] {scheduler_job.py:1572} INFO - DAG(s) dict_keys(['moeeei']) retrieved from /usr/local/airflow/dags/moeeei.py
[2020-02-25 13:45:27,209] {scheduler_job.py:161} INFO - Processing /usr/local/airflow/dags/moeeei.py took 0.061 seconds
[2020-02-25 13:45:35,320] {logging_mixin.py:112} INFO - [2020-02-25 13:45:35,319] {settings.py:253} INFO - settings.configure_orm(): Using pool settings. pool_size=5, max_overflow=10, pool_recycle=1800, pid=4792
[2020-02-25 13:45:35,324] {scheduler_job.py:153} INFO - Started process (PID=4792) to work on /usr/local/airflow/dags/moeeei.py
[2020-02-25 13:45:35,330] {scheduler_job.py:1560} INFO - Processing file /usr/local/airflow/dags/moeeei.py for tasks to queue
[2020-02-25 13:45:35,331] {logging_mixin.py:112} INFO - [2020-02-25 13:45:35,330] {dagbag.py:403} INFO - Filling up the DagBag from /usr/local/airflow/dags/moeeei.py
[2020-02-25 13:45:35,338] {scheduler_job.py:1572} INFO - DAG(s) dict_keys(['moeeei']) retrieved from /usr/local/airflow/dags/moeeei.py
[2020-02-25 13:45:35,394] {scheduler_job.py:161} INFO - Processing /usr/local/airflow/dags/moeeei.py took 0.069 seconds
[2020-02-25 13:45:43,497] {logging_mixin.py:112} INFO - [2020-02-25 13:45:43,496] {settings.py:253} INFO - settings.configure_orm(): Using pool settings. pool_size=5, max_overflow=10, pool_recycle=1800, pid=4878
[2020-02-25 13:45:43,502] {scheduler_job.py:153} INFO - Started process (PID=4878) to work on /usr/local/airflow/dags/moeeei.py
[2020-02-25 13:45:43,508] {scheduler_job.py:1560} INFO - Processing file /usr/local/airflow/dags/moeeei.py for tasks to queue
[2020-02-25 13:45:43,508] {logging_mixin.py:112} INFO - [2020-02-25 13:45:43,508] {dagbag.py:403} INFO - Filling up the DagBag from /usr/local/airflow/dags/moeeei.py
[2020-02-25 13:45:43,516] {scheduler_job.py:1572} INFO - DAG(s) dict_keys(['moeeei']) retrieved from /usr/local/airflow/dags/moeeei.py
[2020-02-25 13:45:43,573] {scheduler_job.py:161} INFO - Processing /usr/local/airflow/dags/moeeei.py took 0.071 seconds
[2020-02-25 13:45:51,672] {logging_mixin.py:112} INFO - [2020-02-25 13:45:51,672] {settings.py:253} INFO - settings.configure_orm(): Using pool settings. pool_size=5, max_overflow=10, pool_recycle=1800, pid=4958
[2020-02-25 13:45:51,677] {scheduler_job.py:153} INFO - Started process (PID=4958) to work on /usr/local/airflow/dags/moeeei.py
[2020-02-25 13:45:51,682] {scheduler_job.py:1560} INFO - Processing file /usr/local/airflow/dags/moeeei.py for tasks to queue
[2020-02-25 13:45:51,683] {logging_mixin.py:112} INFO - [2020-02-25 13:45:51,683] {dagbag.py:403} INFO - Filling up the DagBag from /usr/local/airflow/dags/moeeei.py
[2020-02-25 13:45:51,692] {scheduler_job.py:1572} INFO - DAG(s) dict_keys(['moeeei']) retrieved from /usr/local/airflow/dags/moeeei.py
[2020-02-25 13:45:51,745] {scheduler_job.py:161} INFO - Processing /usr/local/airflow/dags/moeeei.py took 0.068 seconds
[2020-02-25 13:45:59,824] {logging_mixin.py:112} INFO - [2020-02-25 13:45:59,823] {settings.py:253} INFO - settings.configure_orm(): Using pool settings. pool_size=5, max_overflow=10, pool_recycle=1800, pid=5043
[2020-02-25 13:45:59,829] {scheduler_job.py:153} INFO - Started process (PID=5043) to work on /usr/local/airflow/dags/moeeei.py
[2020-02-25 13:45:59,834] {scheduler_job.py:1560} INFO - Processing file /usr/local/airflow/dags/moeeei.py for tasks to queue
[2020-02-25 13:45:59,835] {logging_mixin.py:112} INFO - [2020-02-25 13:45:59,835] {dagbag.py:403} INFO - Filling up the DagBag from /usr/local/airflow/dags/moeeei.py
[2020-02-25 13:45:59,844] {scheduler_job.py:1572} INFO - DAG(s) dict_keys(['moeeei']) retrieved from /usr/local/airflow/dags/moeeei.py
[2020-02-25 13:45:59,899] {scheduler_job.py:161} INFO - Processing /usr/local/airflow/dags/moeeei.py took 0.070 seconds
[2020-02-25 13:46:08,000] {logging_mixin.py:112} INFO - [2020-02-25 13:46:07,999] {settings.py:253} INFO - settings.configure_orm(): Using pool settings. pool_size=5, max_overflow=10, pool_recycle=1800, pid=5124
[2020-02-25 13:46:08,004] {scheduler_job.py:153} INFO - Started process (PID=5124) to work on /usr/local/airflow/dags/moeeei.py
[2020-02-25 13:46:08,009] {scheduler_job.py:1560} INFO - Processing file /usr/local/airflow/dags/moeeei.py for tasks to queue
[2020-02-25 13:46:08,010] {logging_mixin.py:112} INFO - [2020-02-25 13:46:08,010] {dagbag.py:403} INFO - Filling up the DagBag from /usr/local/airflow/dags/moeeei.py
[2020-02-25 13:46:08,017] {scheduler_job.py:1572} INFO - DAG(s) dict_keys(['moeeei']) retrieved from /usr/local/airflow/dags/moeeei.py
[2020-02-25 13:46:08,082] {scheduler_job.py:161} INFO - Processing /usr/local/airflow/dags/moeeei.py took 0.078 seconds
[2020-02-25 13:46:16,184] {logging_mixin.py:112} INFO - [2020-02-25 13:46:16,183] {settings.py:253} INFO - settings.configure_orm(): Using pool settings. pool_size=5, max_overflow=10, pool_recycle=1800, pid=5209
[2020-02-25 13:46:16,188] {scheduler_job.py:153} INFO - Started process (PID=5209) to work on /usr/local/airflow/dags/moeeei.py
[2020-02-25 13:46:16,193] {scheduler_job.py:1560} INFO - Processing file /usr/local/airflow/dags/moeeei.py for tasks to queue
[2020-02-25 13:46:16,194] {logging_mixin.py:112} INFO - [2020-02-25 13:46:16,193] {dagbag.py:403} INFO - Filling up the DagBag from /usr/local/airflow/dags/moeeei.py
[2020-02-25 13:46:16,202] {scheduler_job.py:1572} INFO - DAG(s) dict_keys(['moeeei']) retrieved from /usr/local/airflow/dags/moeeei.py
[2020-02-25 13:46:16,255] {scheduler_job.py:161} INFO - Processing /usr/local/airflow/dags/moeeei.py took 0.066 seconds
[2020-02-25 13:46:24,393] {logging_mixin.py:112} INFO - [2020-02-25 13:46:24,392] {settings.py:253} INFO - settings.configure_orm(): Using pool settings. pool_size=5, max_overflow=10, pool_recycle=1800, pid=5295
[2020-02-25 13:46:24,417] {scheduler_job.py:153} INFO - Started process (PID=5295) to work on /usr/local/airflow/dags/moeeei.py
[2020-02-25 13:46:24,424] {scheduler_job.py:1560} INFO - Processing file /usr/local/airflow/dags/moeeei.py for tasks to queue
[2020-02-25 13:46:24,426] {logging_mixin.py:112} INFO - [2020-02-25 13:46:24,425] {dagbag.py:403} INFO - Filling up the DagBag from /usr/local/airflow/dags/moeeei.py
[2020-02-25 13:46:24,445] {scheduler_job.py:1572} INFO - DAG(s) dict_keys(['moeeei']) retrieved from /usr/local/airflow/dags/moeeei.py
[2020-02-25 13:46:24,576] {scheduler_job.py:161} INFO - Processing /usr/local/airflow/dags/moeeei.py took 0.159 seconds
[2020-02-25 13:46:32,628] {logging_mixin.py:112} INFO - [2020-02-25 13:46:32,627] {settings.py:253} INFO - settings.configure_orm(): Using pool settings. pool_size=5, max_overflow=10, pool_recycle=1800, pid=5394
[2020-02-25 13:46:32,632] {scheduler_job.py:153} INFO - Started process (PID=5394) to work on /usr/local/airflow/dags/moeeei.py
[2020-02-25 13:46:32,637] {scheduler_job.py:1560} INFO - Processing file /usr/local/airflow/dags/moeeei.py for tasks to queue
[2020-02-25 13:46:32,638] {logging_mixin.py:112} INFO - [2020-02-25 13:46:32,638] {dagbag.py:403} INFO - Filling up the DagBag from /usr/local/airflow/dags/moeeei.py
[2020-02-25 13:46:32,651] {scheduler_job.py:1572} INFO - DAG(s) dict_keys(['moeeei']) retrieved from /usr/local/airflow/dags/moeeei.py
[2020-02-25 13:46:32,700] {scheduler_job.py:161} INFO - Processing /usr/local/airflow/dags/moeeei.py took 0.068 seconds
[2020-02-25 13:46:40,874] {logging_mixin.py:112} INFO - [2020-02-25 13:46:40,873] {settings.py:253} INFO - settings.configure_orm(): Using pool settings. pool_size=5, max_overflow=10, pool_recycle=1800, pid=5500
[2020-02-25 13:46:40,885] {scheduler_job.py:153} INFO - Started process (PID=5500) to work on /usr/local/airflow/dags/moeeei.py
[2020-02-25 13:46:40,893] {scheduler_job.py:1560} INFO - Processing file /usr/local/airflow/dags/moeeei.py for tasks to queue
[2020-02-25 13:46:40,895] {logging_mixin.py:112} INFO - [2020-02-25 13:46:40,895] {dagbag.py:403} INFO - Filling up the DagBag from /usr/local/airflow/dags/moeeei.py
[2020-02-25 13:46:40,908] {scheduler_job.py:1572} INFO - DAG(s) dict_keys(['moeeei']) retrieved from /usr/local/airflow/dags/moeeei.py
[2020-02-25 13:46:40,985] {scheduler_job.py:161} INFO - Processing /usr/local/airflow/dags/moeeei.py took 0.100 seconds
[2020-02-25 13:46:49,082] {logging_mixin.py:112} INFO - [2020-02-25 13:46:49,081] {settings.py:253} INFO - settings.configure_orm(): Using pool settings. pool_size=5, max_overflow=10, pool_recycle=1800, pid=5580
[2020-02-25 13:46:49,106] {scheduler_job.py:153} INFO - Started process (PID=5580) to work on /usr/local/airflow/dags/moeeei.py
[2020-02-25 13:46:49,123] {scheduler_job.py:1560} INFO - Processing file /usr/local/airflow/dags/moeeei.py for tasks to queue
[2020-02-25 13:46:49,124] {logging_mixin.py:112} INFO - [2020-02-25 13:46:49,123] {dagbag.py:403} INFO - Filling up the DagBag from /usr/local/airflow/dags/moeeei.py
[2020-02-25 13:46:49,141] {scheduler_job.py:1572} INFO - DAG(s) dict_keys(['moeeei']) retrieved from /usr/local/airflow/dags/moeeei.py
[2020-02-25 13:46:49,244] {scheduler_job.py:161} INFO - Processing /usr/local/airflow/dags/moeeei.py took 0.146 seconds
[2020-02-25 13:46:57,242] {logging_mixin.py:112} INFO - [2020-02-25 13:46:57,241] {settings.py:253} INFO - settings.configure_orm(): Using pool settings. pool_size=5, max_overflow=10, pool_recycle=1800, pid=5666
[2020-02-25 13:46:57,246] {scheduler_job.py:153} INFO - Started process (PID=5666) to work on /usr/local/airflow/dags/moeeei.py
[2020-02-25 13:46:57,251] {scheduler_job.py:1560} INFO - Processing file /usr/local/airflow/dags/moeeei.py for tasks to queue
[2020-02-25 13:46:57,252] {logging_mixin.py:112} INFO - [2020-02-25 13:46:57,252] {dagbag.py:403} INFO - Filling up the DagBag from /usr/local/airflow/dags/moeeei.py
[2020-02-25 13:46:57,260] {scheduler_job.py:1572} INFO - DAG(s) dict_keys(['moeeei']) retrieved from /usr/local/airflow/dags/moeeei.py
[2020-02-25 13:46:57,320] {scheduler_job.py:161} INFO - Processing /usr/local/airflow/dags/moeeei.py took 0.074 seconds
[2020-02-25 13:47:05,418] {logging_mixin.py:112} INFO - [2020-02-25 13:47:05,417] {settings.py:253} INFO - settings.configure_orm(): Using pool settings. pool_size=5, max_overflow=10, pool_recycle=1800, pid=5746
[2020-02-25 13:47:05,423] {scheduler_job.py:153} INFO - Started process (PID=5746) to work on /usr/local/airflow/dags/moeeei.py
[2020-02-25 13:47:05,431] {scheduler_job.py:1560} INFO - Processing file /usr/local/airflow/dags/moeeei.py for tasks to queue
[2020-02-25 13:47:05,432] {logging_mixin.py:112} INFO - [2020-02-25 13:47:05,432] {dagbag.py:403} INFO - Filling up the DagBag from /usr/local/airflow/dags/moeeei.py
[2020-02-25 13:47:05,440] {scheduler_job.py:1572} INFO - DAG(s) dict_keys(['moeeei']) retrieved from /usr/local/airflow/dags/moeeei.py
[2020-02-25 13:47:05,494] {scheduler_job.py:161} INFO - Processing /usr/local/airflow/dags/moeeei.py took 0.070 seconds
[2020-02-25 13:47:13,604] {logging_mixin.py:112} INFO - [2020-02-25 13:47:13,603] {settings.py:253} INFO - settings.configure_orm(): Using pool settings. pool_size=5, max_overflow=10, pool_recycle=1800, pid=5832
[2020-02-25 13:47:13,609] {scheduler_job.py:153} INFO - Started process (PID=5832) to work on /usr/local/airflow/dags/moeeei.py
[2020-02-25 13:47:13,614] {scheduler_job.py:1560} INFO - Processing file /usr/local/airflow/dags/moeeei.py for tasks to queue
[2020-02-25 13:47:13,614] {logging_mixin.py:112} INFO - [2020-02-25 13:47:13,614] {dagbag.py:403} INFO - Filling up the DagBag from /usr/local/airflow/dags/moeeei.py
[2020-02-25 13:47:13,622] {scheduler_job.py:1572} INFO - DAG(s) dict_keys(['moeeei']) retrieved from /usr/local/airflow/dags/moeeei.py
[2020-02-25 13:47:13,669] {scheduler_job.py:161} INFO - Processing /usr/local/airflow/dags/moeeei.py took 0.060 seconds
[2020-02-25 13:47:21,762] {logging_mixin.py:112} INFO - [2020-02-25 13:47:21,762] {settings.py:253} INFO - settings.configure_orm(): Using pool settings. pool_size=5, max_overflow=10, pool_recycle=1800, pid=5912
[2020-02-25 13:47:21,768] {scheduler_job.py:153} INFO - Started process (PID=5912) to work on /usr/local/airflow/dags/moeeei.py
[2020-02-25 13:47:21,773] {scheduler_job.py:1560} INFO - Processing file /usr/local/airflow/dags/moeeei.py for tasks to queue
[2020-02-25 13:47:21,774] {logging_mixin.py:112} INFO - [2020-02-25 13:47:21,774] {dagbag.py:403} INFO - Filling up the DagBag from /usr/local/airflow/dags/moeeei.py
[2020-02-25 13:47:21,781] {scheduler_job.py:1572} INFO - DAG(s) dict_keys(['moeeei']) retrieved from /usr/local/airflow/dags/moeeei.py
[2020-02-25 13:47:21,836] {scheduler_job.py:161} INFO - Processing /usr/local/airflow/dags/moeeei.py took 0.069 seconds
[2020-02-25 13:47:29,928] {logging_mixin.py:112} INFO - [2020-02-25 13:47:29,927] {settings.py:253} INFO - settings.configure_orm(): Using pool settings. pool_size=5, max_overflow=10, pool_recycle=1800, pid=6004
[2020-02-25 13:47:29,932] {scheduler_job.py:153} INFO - Started process (PID=6004) to work on /usr/local/airflow/dags/moeeei.py
[2020-02-25 13:47:29,937] {scheduler_job.py:1560} INFO - Processing file /usr/local/airflow/dags/moeeei.py for tasks to queue
[2020-02-25 13:47:29,937] {logging_mixin.py:112} INFO - [2020-02-25 13:47:29,937] {dagbag.py:403} INFO - Filling up the DagBag from /usr/local/airflow/dags/moeeei.py
[2020-02-25 13:47:29,946] {scheduler_job.py:1572} INFO - DAG(s) dict_keys(['moeeei']) retrieved from /usr/local/airflow/dags/moeeei.py
[2020-02-25 13:47:30,006] {scheduler_job.py:161} INFO - Processing /usr/local/airflow/dags/moeeei.py took 0.073 seconds
[2020-02-25 13:47:38,113] {logging_mixin.py:112} INFO - [2020-02-25 13:47:38,113] {settings.py:253} INFO - settings.configure_orm(): Using pool settings. pool_size=5, max_overflow=10, pool_recycle=1800, pid=6084
[2020-02-25 13:47:38,118] {scheduler_job.py:153} INFO - Started process (PID=6084) to work on /usr/local/airflow/dags/moeeei.py
[2020-02-25 13:47:38,123] {scheduler_job.py:1560} INFO - Processing file /usr/local/airflow/dags/moeeei.py for tasks to queue
[2020-02-25 13:47:38,124] {logging_mixin.py:112} INFO - [2020-02-25 13:47:38,123] {dagbag.py:403} INFO - Filling up the DagBag from /usr/local/airflow/dags/moeeei.py
[2020-02-25 13:47:38,133] {scheduler_job.py:1572} INFO - DAG(s) dict_keys(['moeeei']) retrieved from /usr/local/airflow/dags/moeeei.py
[2020-02-25 13:47:38,185] {scheduler_job.py:161} INFO - Processing /usr/local/airflow/dags/moeeei.py took 0.067 seconds
[2020-02-25 13:47:46,288] {logging_mixin.py:112} INFO - [2020-02-25 13:47:46,288] {settings.py:253} INFO - settings.configure_orm(): Using pool settings. pool_size=5, max_overflow=10, pool_recycle=1800, pid=6171
[2020-02-25 13:47:46,293] {scheduler_job.py:153} INFO - Started process (PID=6171) to work on /usr/local/airflow/dags/moeeei.py
[2020-02-25 13:47:46,299] {scheduler_job.py:1560} INFO - Processing file /usr/local/airflow/dags/moeeei.py for tasks to queue
[2020-02-25 13:47:46,300] {logging_mixin.py:112} INFO - [2020-02-25 13:47:46,299] {dagbag.py:403} INFO - Filling up the DagBag from /usr/local/airflow/dags/moeeei.py
[2020-02-25 13:47:46,307] {scheduler_job.py:1572} INFO - DAG(s) dict_keys(['moeeei']) retrieved from /usr/local/airflow/dags/moeeei.py
[2020-02-25 13:47:46,359] {scheduler_job.py:161} INFO - Processing /usr/local/airflow/dags/moeeei.py took 0.066 seconds
[2020-02-25 13:47:54,456] {logging_mixin.py:112} INFO - [2020-02-25 13:47:54,455] {settings.py:253} INFO - settings.configure_orm(): Using pool settings. pool_size=5, max_overflow=10, pool_recycle=1800, pid=6252
[2020-02-25 13:47:54,461] {scheduler_job.py:153} INFO - Started process (PID=6252) to work on /usr/local/airflow/dags/moeeei.py
[2020-02-25 13:47:54,466] {scheduler_job.py:1560} INFO - Processing file /usr/local/airflow/dags/moeeei.py for tasks to queue
[2020-02-25 13:47:54,467] {logging_mixin.py:112} INFO - [2020-02-25 13:47:54,467] {dagbag.py:403} INFO - Filling up the DagBag from /usr/local/airflow/dags/moeeei.py
[2020-02-25 13:47:54,474] {scheduler_job.py:1572} INFO - DAG(s) dict_keys(['moeeei']) retrieved from /usr/local/airflow/dags/moeeei.py
[2020-02-25 13:47:54,533] {scheduler_job.py:161} INFO - Processing /usr/local/airflow/dags/moeeei.py took 0.072 seconds
