[2020-02-25 13:38:04,851] {logging_mixin.py:112} INFO - [2020-02-25 13:38:04,851] {settings.py:253} INFO - settings.configure_orm(): Using pool settings. pool_size=5, max_overflow=10, pool_recycle=1800, pid=205
[2020-02-25 13:38:04,856] {scheduler_job.py:153} INFO - Started process (PID=205) to work on /usr/local/airflow/dags/mouni.py
[2020-02-25 13:38:04,865] {scheduler_job.py:1560} INFO - Processing file /usr/local/airflow/dags/mouni.py for tasks to queue
[2020-02-25 13:38:04,865] {logging_mixin.py:112} INFO - [2020-02-25 13:38:04,865] {dagbag.py:403} INFO - Filling up the DagBag from /usr/local/airflow/dags/mouni.py
[2020-02-25 13:38:04,879] {scheduler_job.py:1572} INFO - DAG(s) dict_keys(['mouni']) retrieved from /usr/local/airflow/dags/mouni.py
[2020-02-25 13:38:04,960] {scheduler_job.py:1282} INFO - Processing mouni
[2020-02-25 13:38:04,969] {scheduler_job.py:446} INFO - Skipping SLA check for <DAG: mouni> because no tasks in DAG have SLAs
[2020-02-25 13:38:04,976] {scheduler_job.py:161} INFO - Processing /usr/local/airflow/dags/mouni.py took 0.120 seconds
[2020-02-25 13:38:10,983] {logging_mixin.py:112} INFO - [2020-02-25 13:38:10,983] {settings.py:253} INFO - settings.configure_orm(): Using pool settings. pool_size=5, max_overflow=10, pool_recycle=1800, pid=273
[2020-02-25 13:38:10,987] {scheduler_job.py:153} INFO - Started process (PID=273) to work on /usr/local/airflow/dags/mouni.py
[2020-02-25 13:38:10,992] {scheduler_job.py:1560} INFO - Processing file /usr/local/airflow/dags/mouni.py for tasks to queue
[2020-02-25 13:38:10,992] {logging_mixin.py:112} INFO - [2020-02-25 13:38:10,992] {dagbag.py:403} INFO - Filling up the DagBag from /usr/local/airflow/dags/mouni.py
[2020-02-25 13:38:11,002] {scheduler_job.py:1572} INFO - DAG(s) dict_keys(['mouni']) retrieved from /usr/local/airflow/dags/mouni.py
[2020-02-25 13:38:11,120] {scheduler_job.py:1282} INFO - Processing mouni
[2020-02-25 13:38:11,130] {scheduler_job.py:446} INFO - Skipping SLA check for <DAG: mouni> because no tasks in DAG have SLAs
[2020-02-25 13:38:11,138] {scheduler_job.py:161} INFO - Processing /usr/local/airflow/dags/mouni.py took 0.151 seconds
[2020-02-25 13:38:17,117] {logging_mixin.py:112} INFO - [2020-02-25 13:38:17,117] {settings.py:253} INFO - settings.configure_orm(): Using pool settings. pool_size=5, max_overflow=10, pool_recycle=1800, pid=340
[2020-02-25 13:38:17,122] {scheduler_job.py:153} INFO - Started process (PID=340) to work on /usr/local/airflow/dags/mouni.py
[2020-02-25 13:38:17,126] {scheduler_job.py:1560} INFO - Processing file /usr/local/airflow/dags/mouni.py for tasks to queue
[2020-02-25 13:38:17,127] {logging_mixin.py:112} INFO - [2020-02-25 13:38:17,127] {dagbag.py:403} INFO - Filling up the DagBag from /usr/local/airflow/dags/mouni.py
[2020-02-25 13:38:17,135] {scheduler_job.py:1572} INFO - DAG(s) dict_keys(['mouni']) retrieved from /usr/local/airflow/dags/mouni.py
[2020-02-25 13:38:17,197] {scheduler_job.py:1282} INFO - Processing mouni
[2020-02-25 13:38:17,206] {scheduler_job.py:446} INFO - Skipping SLA check for <DAG: mouni> because no tasks in DAG have SLAs
[2020-02-25 13:38:17,214] {scheduler_job.py:161} INFO - Processing /usr/local/airflow/dags/mouni.py took 0.092 seconds
[2020-02-25 13:38:23,251] {logging_mixin.py:112} INFO - [2020-02-25 13:38:23,250] {settings.py:253} INFO - settings.configure_orm(): Using pool settings. pool_size=5, max_overflow=10, pool_recycle=1800, pid=407
[2020-02-25 13:38:23,254] {scheduler_job.py:153} INFO - Started process (PID=407) to work on /usr/local/airflow/dags/mouni.py
[2020-02-25 13:38:23,258] {scheduler_job.py:1560} INFO - Processing file /usr/local/airflow/dags/mouni.py for tasks to queue
[2020-02-25 13:38:23,259] {logging_mixin.py:112} INFO - [2020-02-25 13:38:23,259] {dagbag.py:403} INFO - Filling up the DagBag from /usr/local/airflow/dags/mouni.py
[2020-02-25 13:38:23,268] {scheduler_job.py:1572} INFO - DAG(s) dict_keys(['mouni']) retrieved from /usr/local/airflow/dags/mouni.py
[2020-02-25 13:38:23,337] {scheduler_job.py:1282} INFO - Processing mouni
[2020-02-25 13:38:23,351] {scheduler_job.py:446} INFO - Skipping SLA check for <DAG: mouni> because no tasks in DAG have SLAs
[2020-02-25 13:38:23,358] {scheduler_job.py:161} INFO - Processing /usr/local/airflow/dags/mouni.py took 0.104 seconds
[2020-02-25 13:38:29,365] {logging_mixin.py:112} INFO - [2020-02-25 13:38:29,365] {settings.py:253} INFO - settings.configure_orm(): Using pool settings. pool_size=5, max_overflow=10, pool_recycle=1800, pid=467
[2020-02-25 13:38:29,370] {scheduler_job.py:153} INFO - Started process (PID=467) to work on /usr/local/airflow/dags/mouni.py
[2020-02-25 13:38:29,374] {scheduler_job.py:1560} INFO - Processing file /usr/local/airflow/dags/mouni.py for tasks to queue
[2020-02-25 13:38:29,375] {logging_mixin.py:112} INFO - [2020-02-25 13:38:29,374] {dagbag.py:403} INFO - Filling up the DagBag from /usr/local/airflow/dags/mouni.py
[2020-02-25 13:38:29,385] {scheduler_job.py:1572} INFO - DAG(s) dict_keys(['mouni']) retrieved from /usr/local/airflow/dags/mouni.py
[2020-02-25 13:38:29,457] {scheduler_job.py:1282} INFO - Processing mouni
[2020-02-25 13:38:29,468] {scheduler_job.py:446} INFO - Skipping SLA check for <DAG: mouni> because no tasks in DAG have SLAs
[2020-02-25 13:38:29,478] {scheduler_job.py:161} INFO - Processing /usr/local/airflow/dags/mouni.py took 0.108 seconds
[2020-02-25 13:38:35,502] {logging_mixin.py:112} INFO - [2020-02-25 13:38:35,501] {settings.py:253} INFO - settings.configure_orm(): Using pool settings. pool_size=5, max_overflow=10, pool_recycle=1800, pid=526
[2020-02-25 13:38:35,507] {scheduler_job.py:153} INFO - Started process (PID=526) to work on /usr/local/airflow/dags/mouni.py
[2020-02-25 13:38:35,512] {scheduler_job.py:1560} INFO - Processing file /usr/local/airflow/dags/mouni.py for tasks to queue
[2020-02-25 13:38:35,513] {logging_mixin.py:112} INFO - [2020-02-25 13:38:35,513] {dagbag.py:403} INFO - Filling up the DagBag from /usr/local/airflow/dags/mouni.py
[2020-02-25 13:38:35,521] {scheduler_job.py:1572} INFO - DAG(s) dict_keys(['mouni']) retrieved from /usr/local/airflow/dags/mouni.py
[2020-02-25 13:38:35,598] {scheduler_job.py:1282} INFO - Processing mouni
[2020-02-25 13:38:35,609] {scheduler_job.py:446} INFO - Skipping SLA check for <DAG: mouni> because no tasks in DAG have SLAs
[2020-02-25 13:38:35,615] {scheduler_job.py:161} INFO - Processing /usr/local/airflow/dags/mouni.py took 0.108 seconds
[2020-02-25 13:38:41,620] {logging_mixin.py:112} INFO - [2020-02-25 13:38:41,619] {settings.py:253} INFO - settings.configure_orm(): Using pool settings. pool_size=5, max_overflow=10, pool_recycle=1800, pid=599
[2020-02-25 13:38:41,624] {scheduler_job.py:153} INFO - Started process (PID=599) to work on /usr/local/airflow/dags/mouni.py
[2020-02-25 13:38:41,629] {scheduler_job.py:1560} INFO - Processing file /usr/local/airflow/dags/mouni.py for tasks to queue
[2020-02-25 13:38:41,630] {logging_mixin.py:112} INFO - [2020-02-25 13:38:41,630] {dagbag.py:403} INFO - Filling up the DagBag from /usr/local/airflow/dags/mouni.py
[2020-02-25 13:38:41,638] {scheduler_job.py:1572} INFO - DAG(s) dict_keys(['mouni']) retrieved from /usr/local/airflow/dags/mouni.py
[2020-02-25 13:38:41,704] {scheduler_job.py:1282} INFO - Processing mouni
[2020-02-25 13:38:41,712] {scheduler_job.py:446} INFO - Skipping SLA check for <DAG: mouni> because no tasks in DAG have SLAs
[2020-02-25 13:38:41,719] {scheduler_job.py:161} INFO - Processing /usr/local/airflow/dags/mouni.py took 0.095 seconds
[2020-02-25 13:38:49,751] {logging_mixin.py:112} INFO - [2020-02-25 13:38:49,750] {settings.py:253} INFO - settings.configure_orm(): Using pool settings. pool_size=5, max_overflow=10, pool_recycle=1800, pid=659
[2020-02-25 13:38:49,756] {scheduler_job.py:153} INFO - Started process (PID=659) to work on /usr/local/airflow/dags/mouni.py
[2020-02-25 13:38:49,760] {scheduler_job.py:1560} INFO - Processing file /usr/local/airflow/dags/mouni.py for tasks to queue
[2020-02-25 13:38:49,760] {logging_mixin.py:112} INFO - [2020-02-25 13:38:49,760] {dagbag.py:403} INFO - Filling up the DagBag from /usr/local/airflow/dags/mouni.py
[2020-02-25 13:38:49,769] {scheduler_job.py:1572} INFO - DAG(s) dict_keys(['mouni']) retrieved from /usr/local/airflow/dags/mouni.py
[2020-02-25 13:38:49,834] {scheduler_job.py:1282} INFO - Processing mouni
[2020-02-25 13:38:49,843] {scheduler_job.py:446} INFO - Skipping SLA check for <DAG: mouni> because no tasks in DAG have SLAs
[2020-02-25 13:38:49,850] {scheduler_job.py:161} INFO - Processing /usr/local/airflow/dags/mouni.py took 0.095 seconds
[2020-02-25 13:38:55,879] {logging_mixin.py:112} INFO - [2020-02-25 13:38:55,878] {settings.py:253} INFO - settings.configure_orm(): Using pool settings. pool_size=5, max_overflow=10, pool_recycle=1800, pid=725
[2020-02-25 13:38:55,883] {scheduler_job.py:153} INFO - Started process (PID=725) to work on /usr/local/airflow/dags/mouni.py
[2020-02-25 13:38:55,887] {scheduler_job.py:1560} INFO - Processing file /usr/local/airflow/dags/mouni.py for tasks to queue
[2020-02-25 13:38:55,888] {logging_mixin.py:112} INFO - [2020-02-25 13:38:55,888] {dagbag.py:403} INFO - Filling up the DagBag from /usr/local/airflow/dags/mouni.py
[2020-02-25 13:38:55,896] {scheduler_job.py:1572} INFO - DAG(s) dict_keys(['mouni']) retrieved from /usr/local/airflow/dags/mouni.py
[2020-02-25 13:38:55,959] {scheduler_job.py:1282} INFO - Processing mouni
[2020-02-25 13:38:55,971] {scheduler_job.py:446} INFO - Skipping SLA check for <DAG: mouni> because no tasks in DAG have SLAs
[2020-02-25 13:38:55,977] {scheduler_job.py:161} INFO - Processing /usr/local/airflow/dags/mouni.py took 0.094 seconds
[2020-02-25 13:39:01,995] {logging_mixin.py:112} INFO - [2020-02-25 13:39:01,994] {settings.py:253} INFO - settings.configure_orm(): Using pool settings. pool_size=5, max_overflow=10, pool_recycle=1800, pid=791
[2020-02-25 13:39:02,000] {scheduler_job.py:153} INFO - Started process (PID=791) to work on /usr/local/airflow/dags/mouni.py
[2020-02-25 13:39:02,004] {scheduler_job.py:1560} INFO - Processing file /usr/local/airflow/dags/mouni.py for tasks to queue
[2020-02-25 13:39:02,005] {logging_mixin.py:112} INFO - [2020-02-25 13:39:02,005] {dagbag.py:403} INFO - Filling up the DagBag from /usr/local/airflow/dags/mouni.py
[2020-02-25 13:39:02,014] {scheduler_job.py:1572} INFO - DAG(s) dict_keys(['mouni']) retrieved from /usr/local/airflow/dags/mouni.py
[2020-02-25 13:39:02,089] {scheduler_job.py:1282} INFO - Processing mouni
[2020-02-25 13:39:02,100] {scheduler_job.py:446} INFO - Skipping SLA check for <DAG: mouni> because no tasks in DAG have SLAs
[2020-02-25 13:39:02,106] {scheduler_job.py:161} INFO - Processing /usr/local/airflow/dags/mouni.py took 0.107 seconds
[2020-02-25 13:39:08,135] {logging_mixin.py:112} INFO - [2020-02-25 13:39:08,134] {settings.py:253} INFO - settings.configure_orm(): Using pool settings. pool_size=5, max_overflow=10, pool_recycle=1800, pid=852
[2020-02-25 13:39:08,139] {scheduler_job.py:153} INFO - Started process (PID=852) to work on /usr/local/airflow/dags/mouni.py
[2020-02-25 13:39:08,143] {scheduler_job.py:1560} INFO - Processing file /usr/local/airflow/dags/mouni.py for tasks to queue
[2020-02-25 13:39:08,144] {logging_mixin.py:112} INFO - [2020-02-25 13:39:08,144] {dagbag.py:403} INFO - Filling up the DagBag from /usr/local/airflow/dags/mouni.py
[2020-02-25 13:39:08,152] {scheduler_job.py:1572} INFO - DAG(s) dict_keys(['mouni']) retrieved from /usr/local/airflow/dags/mouni.py
[2020-02-25 13:39:08,213] {scheduler_job.py:1282} INFO - Processing mouni
[2020-02-25 13:39:08,222] {scheduler_job.py:446} INFO - Skipping SLA check for <DAG: mouni> because no tasks in DAG have SLAs
[2020-02-25 13:39:08,230] {scheduler_job.py:161} INFO - Processing /usr/local/airflow/dags/mouni.py took 0.091 seconds
[2020-02-25 13:39:14,262] {logging_mixin.py:112} INFO - [2020-02-25 13:39:14,261] {settings.py:253} INFO - settings.configure_orm(): Using pool settings. pool_size=5, max_overflow=10, pool_recycle=1800, pid=918
[2020-02-25 13:39:14,267] {scheduler_job.py:153} INFO - Started process (PID=918) to work on /usr/local/airflow/dags/mouni.py
[2020-02-25 13:39:14,272] {scheduler_job.py:1560} INFO - Processing file /usr/local/airflow/dags/mouni.py for tasks to queue
[2020-02-25 13:39:14,272] {logging_mixin.py:112} INFO - [2020-02-25 13:39:14,272] {dagbag.py:403} INFO - Filling up the DagBag from /usr/local/airflow/dags/mouni.py
[2020-02-25 13:39:14,284] {scheduler_job.py:1572} INFO - DAG(s) dict_keys(['mouni']) retrieved from /usr/local/airflow/dags/mouni.py
[2020-02-25 13:39:14,353] {scheduler_job.py:1282} INFO - Processing mouni
[2020-02-25 13:39:14,364] {scheduler_job.py:446} INFO - Skipping SLA check for <DAG: mouni> because no tasks in DAG have SLAs
[2020-02-25 13:39:14,371] {scheduler_job.py:161} INFO - Processing /usr/local/airflow/dags/mouni.py took 0.104 seconds
[2020-02-25 13:39:20,376] {logging_mixin.py:112} INFO - [2020-02-25 13:39:20,375] {settings.py:253} INFO - settings.configure_orm(): Using pool settings. pool_size=5, max_overflow=10, pool_recycle=1800, pid=978
[2020-02-25 13:39:20,380] {scheduler_job.py:153} INFO - Started process (PID=978) to work on /usr/local/airflow/dags/mouni.py
[2020-02-25 13:39:20,383] {scheduler_job.py:1560} INFO - Processing file /usr/local/airflow/dags/mouni.py for tasks to queue
[2020-02-25 13:39:20,384] {logging_mixin.py:112} INFO - [2020-02-25 13:39:20,384] {dagbag.py:403} INFO - Filling up the DagBag from /usr/local/airflow/dags/mouni.py
[2020-02-25 13:39:20,392] {scheduler_job.py:1572} INFO - DAG(s) dict_keys(['mouni']) retrieved from /usr/local/airflow/dags/mouni.py
[2020-02-25 13:39:20,460] {scheduler_job.py:1282} INFO - Processing mouni
[2020-02-25 13:39:20,471] {scheduler_job.py:446} INFO - Skipping SLA check for <DAG: mouni> because no tasks in DAG have SLAs
[2020-02-25 13:39:20,478] {scheduler_job.py:161} INFO - Processing /usr/local/airflow/dags/mouni.py took 0.099 seconds
[2020-02-25 13:39:26,504] {logging_mixin.py:112} INFO - [2020-02-25 13:39:26,504] {settings.py:253} INFO - settings.configure_orm(): Using pool settings. pool_size=5, max_overflow=10, pool_recycle=1800, pid=1043
[2020-02-25 13:39:26,509] {scheduler_job.py:153} INFO - Started process (PID=1043) to work on /usr/local/airflow/dags/mouni.py
[2020-02-25 13:39:26,514] {scheduler_job.py:1560} INFO - Processing file /usr/local/airflow/dags/mouni.py for tasks to queue
[2020-02-25 13:39:26,515] {logging_mixin.py:112} INFO - [2020-02-25 13:39:26,515] {dagbag.py:403} INFO - Filling up the DagBag from /usr/local/airflow/dags/mouni.py
[2020-02-25 13:39:26,523] {scheduler_job.py:1572} INFO - DAG(s) dict_keys(['mouni']) retrieved from /usr/local/airflow/dags/mouni.py
[2020-02-25 13:39:26,585] {scheduler_job.py:1282} INFO - Processing mouni
[2020-02-25 13:39:26,597] {scheduler_job.py:446} INFO - Skipping SLA check for <DAG: mouni> because no tasks in DAG have SLAs
[2020-02-25 13:39:26,602] {scheduler_job.py:161} INFO - Processing /usr/local/airflow/dags/mouni.py took 0.093 seconds
[2020-02-25 13:39:32,631] {logging_mixin.py:112} INFO - [2020-02-25 13:39:32,631] {settings.py:253} INFO - settings.configure_orm(): Using pool settings. pool_size=5, max_overflow=10, pool_recycle=1800, pid=1103
[2020-02-25 13:39:32,635] {scheduler_job.py:153} INFO - Started process (PID=1103) to work on /usr/local/airflow/dags/mouni.py
[2020-02-25 13:39:32,643] {scheduler_job.py:1560} INFO - Processing file /usr/local/airflow/dags/mouni.py for tasks to queue
[2020-02-25 13:39:32,644] {logging_mixin.py:112} INFO - [2020-02-25 13:39:32,644] {dagbag.py:403} INFO - Filling up the DagBag from /usr/local/airflow/dags/mouni.py
[2020-02-25 13:39:32,666] {scheduler_job.py:1572} INFO - DAG(s) dict_keys(['mouni']) retrieved from /usr/local/airflow/dags/mouni.py
[2020-02-25 13:39:32,756] {scheduler_job.py:1282} INFO - Processing mouni
[2020-02-25 13:39:32,768] {scheduler_job.py:446} INFO - Skipping SLA check for <DAG: mouni> because no tasks in DAG have SLAs
[2020-02-25 13:39:32,774] {scheduler_job.py:161} INFO - Processing /usr/local/airflow/dags/mouni.py took 0.139 seconds
[2020-02-25 13:39:38,770] {logging_mixin.py:112} INFO - [2020-02-25 13:39:38,769] {settings.py:253} INFO - settings.configure_orm(): Using pool settings. pool_size=5, max_overflow=10, pool_recycle=1800, pid=1163
[2020-02-25 13:39:38,775] {scheduler_job.py:153} INFO - Started process (PID=1163) to work on /usr/local/airflow/dags/mouni.py
[2020-02-25 13:39:38,779] {scheduler_job.py:1560} INFO - Processing file /usr/local/airflow/dags/mouni.py for tasks to queue
[2020-02-25 13:39:38,780] {logging_mixin.py:112} INFO - [2020-02-25 13:39:38,780] {dagbag.py:403} INFO - Filling up the DagBag from /usr/local/airflow/dags/mouni.py
[2020-02-25 13:39:38,788] {scheduler_job.py:1572} INFO - DAG(s) dict_keys(['mouni']) retrieved from /usr/local/airflow/dags/mouni.py
[2020-02-25 13:39:38,860] {scheduler_job.py:1282} INFO - Processing mouni
[2020-02-25 13:39:38,872] {scheduler_job.py:446} INFO - Skipping SLA check for <DAG: mouni> because no tasks in DAG have SLAs
[2020-02-25 13:39:38,879] {scheduler_job.py:161} INFO - Processing /usr/local/airflow/dags/mouni.py took 0.104 seconds
[2020-02-25 13:39:44,896] {logging_mixin.py:112} INFO - [2020-02-25 13:39:44,896] {settings.py:253} INFO - settings.configure_orm(): Using pool settings. pool_size=5, max_overflow=10, pool_recycle=1800, pid=1229
[2020-02-25 13:39:44,900] {scheduler_job.py:153} INFO - Started process (PID=1229) to work on /usr/local/airflow/dags/mouni.py
[2020-02-25 13:39:44,905] {scheduler_job.py:1560} INFO - Processing file /usr/local/airflow/dags/mouni.py for tasks to queue
[2020-02-25 13:39:44,906] {logging_mixin.py:112} INFO - [2020-02-25 13:39:44,906] {dagbag.py:403} INFO - Filling up the DagBag from /usr/local/airflow/dags/mouni.py
[2020-02-25 13:39:44,914] {scheduler_job.py:1572} INFO - DAG(s) dict_keys(['mouni']) retrieved from /usr/local/airflow/dags/mouni.py
[2020-02-25 13:39:44,977] {scheduler_job.py:1282} INFO - Processing mouni
[2020-02-25 13:39:44,987] {scheduler_job.py:446} INFO - Skipping SLA check for <DAG: mouni> because no tasks in DAG have SLAs
[2020-02-25 13:39:44,994] {scheduler_job.py:161} INFO - Processing /usr/local/airflow/dags/mouni.py took 0.094 seconds
[2020-02-25 13:39:51,015] {logging_mixin.py:112} INFO - [2020-02-25 13:39:51,015] {settings.py:253} INFO - settings.configure_orm(): Using pool settings. pool_size=5, max_overflow=10, pool_recycle=1800, pid=1289
[2020-02-25 13:39:51,019] {scheduler_job.py:153} INFO - Started process (PID=1289) to work on /usr/local/airflow/dags/mouni.py
[2020-02-25 13:39:51,023] {scheduler_job.py:1560} INFO - Processing file /usr/local/airflow/dags/mouni.py for tasks to queue
[2020-02-25 13:39:51,024] {logging_mixin.py:112} INFO - [2020-02-25 13:39:51,024] {dagbag.py:403} INFO - Filling up the DagBag from /usr/local/airflow/dags/mouni.py
[2020-02-25 13:39:51,031] {scheduler_job.py:1572} INFO - DAG(s) dict_keys(['mouni']) retrieved from /usr/local/airflow/dags/mouni.py
[2020-02-25 13:39:51,096] {scheduler_job.py:1282} INFO - Processing mouni
[2020-02-25 13:39:51,104] {scheduler_job.py:446} INFO - Skipping SLA check for <DAG: mouni> because no tasks in DAG have SLAs
[2020-02-25 13:39:51,109] {scheduler_job.py:161} INFO - Processing /usr/local/airflow/dags/mouni.py took 0.090 seconds
[2020-02-25 13:39:57,151] {logging_mixin.py:112} INFO - [2020-02-25 13:39:57,150] {settings.py:253} INFO - settings.configure_orm(): Using pool settings. pool_size=5, max_overflow=10, pool_recycle=1800, pid=1354
[2020-02-25 13:39:57,155] {scheduler_job.py:153} INFO - Started process (PID=1354) to work on /usr/local/airflow/dags/mouni.py
[2020-02-25 13:39:57,160] {scheduler_job.py:1560} INFO - Processing file /usr/local/airflow/dags/mouni.py for tasks to queue
[2020-02-25 13:39:57,161] {logging_mixin.py:112} INFO - [2020-02-25 13:39:57,161] {dagbag.py:403} INFO - Filling up the DagBag from /usr/local/airflow/dags/mouni.py
[2020-02-25 13:39:57,170] {scheduler_job.py:1572} INFO - DAG(s) dict_keys(['mouni']) retrieved from /usr/local/airflow/dags/mouni.py
[2020-02-25 13:39:57,241] {scheduler_job.py:1282} INFO - Processing mouni
[2020-02-25 13:39:57,253] {scheduler_job.py:446} INFO - Skipping SLA check for <DAG: mouni> because no tasks in DAG have SLAs
[2020-02-25 13:39:57,261] {scheduler_job.py:161} INFO - Processing /usr/local/airflow/dags/mouni.py took 0.105 seconds
[2020-02-25 13:40:03,276] {logging_mixin.py:112} INFO - [2020-02-25 13:40:03,276] {settings.py:253} INFO - settings.configure_orm(): Using pool settings. pool_size=5, max_overflow=10, pool_recycle=1800, pid=1414
[2020-02-25 13:40:03,280] {scheduler_job.py:153} INFO - Started process (PID=1414) to work on /usr/local/airflow/dags/mouni.py
[2020-02-25 13:40:03,284] {scheduler_job.py:1560} INFO - Processing file /usr/local/airflow/dags/mouni.py for tasks to queue
[2020-02-25 13:40:03,285] {logging_mixin.py:112} INFO - [2020-02-25 13:40:03,285] {dagbag.py:403} INFO - Filling up the DagBag from /usr/local/airflow/dags/mouni.py
[2020-02-25 13:40:03,293] {scheduler_job.py:1572} INFO - DAG(s) dict_keys(['mouni']) retrieved from /usr/local/airflow/dags/mouni.py
[2020-02-25 13:40:03,366] {scheduler_job.py:1282} INFO - Processing mouni
[2020-02-25 13:40:03,377] {scheduler_job.py:446} INFO - Skipping SLA check for <DAG: mouni> because no tasks in DAG have SLAs
[2020-02-25 13:40:03,385] {scheduler_job.py:161} INFO - Processing /usr/local/airflow/dags/mouni.py took 0.104 seconds
[2020-02-25 13:40:09,406] {logging_mixin.py:112} INFO - [2020-02-25 13:40:09,406] {settings.py:253} INFO - settings.configure_orm(): Using pool settings. pool_size=5, max_overflow=10, pool_recycle=1800, pid=1474
[2020-02-25 13:40:09,411] {scheduler_job.py:153} INFO - Started process (PID=1474) to work on /usr/local/airflow/dags/mouni.py
[2020-02-25 13:40:09,415] {scheduler_job.py:1560} INFO - Processing file /usr/local/airflow/dags/mouni.py for tasks to queue
[2020-02-25 13:40:09,416] {logging_mixin.py:112} INFO - [2020-02-25 13:40:09,416] {dagbag.py:403} INFO - Filling up the DagBag from /usr/local/airflow/dags/mouni.py
[2020-02-25 13:40:09,426] {scheduler_job.py:1572} INFO - DAG(s) dict_keys(['mouni']) retrieved from /usr/local/airflow/dags/mouni.py
[2020-02-25 13:40:09,489] {scheduler_job.py:1282} INFO - Processing mouni
[2020-02-25 13:40:09,499] {scheduler_job.py:446} INFO - Skipping SLA check for <DAG: mouni> because no tasks in DAG have SLAs
[2020-02-25 13:40:09,505] {scheduler_job.py:161} INFO - Processing /usr/local/airflow/dags/mouni.py took 0.094 seconds
[2020-02-25 13:40:15,531] {logging_mixin.py:112} INFO - [2020-02-25 13:40:15,530] {settings.py:253} INFO - settings.configure_orm(): Using pool settings. pool_size=5, max_overflow=10, pool_recycle=1800, pid=1541
[2020-02-25 13:40:15,535] {scheduler_job.py:153} INFO - Started process (PID=1541) to work on /usr/local/airflow/dags/mouni.py
[2020-02-25 13:40:15,539] {scheduler_job.py:1560} INFO - Processing file /usr/local/airflow/dags/mouni.py for tasks to queue
[2020-02-25 13:40:15,540] {logging_mixin.py:112} INFO - [2020-02-25 13:40:15,539] {dagbag.py:403} INFO - Filling up the DagBag from /usr/local/airflow/dags/mouni.py
[2020-02-25 13:40:15,548] {scheduler_job.py:1572} INFO - DAG(s) dict_keys(['mouni']) retrieved from /usr/local/airflow/dags/mouni.py
[2020-02-25 13:40:15,615] {scheduler_job.py:1282} INFO - Processing mouni
[2020-02-25 13:40:15,626] {scheduler_job.py:446} INFO - Skipping SLA check for <DAG: mouni> because no tasks in DAG have SLAs
[2020-02-25 13:40:15,633] {scheduler_job.py:161} INFO - Processing /usr/local/airflow/dags/mouni.py took 0.098 seconds
[2020-02-25 13:40:21,651] {logging_mixin.py:112} INFO - [2020-02-25 13:40:21,651] {settings.py:253} INFO - settings.configure_orm(): Using pool settings. pool_size=5, max_overflow=10, pool_recycle=1800, pid=1601
[2020-02-25 13:40:21,657] {scheduler_job.py:153} INFO - Started process (PID=1601) to work on /usr/local/airflow/dags/mouni.py
[2020-02-25 13:40:21,662] {scheduler_job.py:1560} INFO - Processing file /usr/local/airflow/dags/mouni.py for tasks to queue
[2020-02-25 13:40:21,662] {logging_mixin.py:112} INFO - [2020-02-25 13:40:21,662] {dagbag.py:403} INFO - Filling up the DagBag from /usr/local/airflow/dags/mouni.py
[2020-02-25 13:40:21,672] {scheduler_job.py:1572} INFO - DAG(s) dict_keys(['mouni']) retrieved from /usr/local/airflow/dags/mouni.py
[2020-02-25 13:40:21,742] {scheduler_job.py:1282} INFO - Processing mouni
[2020-02-25 13:40:21,753] {scheduler_job.py:446} INFO - Skipping SLA check for <DAG: mouni> because no tasks in DAG have SLAs
[2020-02-25 13:40:21,762] {scheduler_job.py:161} INFO - Processing /usr/local/airflow/dags/mouni.py took 0.105 seconds
[2020-02-25 13:40:27,784] {logging_mixin.py:112} INFO - [2020-02-25 13:40:27,783] {settings.py:253} INFO - settings.configure_orm(): Using pool settings. pool_size=5, max_overflow=10, pool_recycle=1800, pid=1671
[2020-02-25 13:40:27,790] {scheduler_job.py:153} INFO - Started process (PID=1671) to work on /usr/local/airflow/dags/mouni.py
[2020-02-25 13:40:27,796] {scheduler_job.py:1560} INFO - Processing file /usr/local/airflow/dags/mouni.py for tasks to queue
[2020-02-25 13:40:27,797] {logging_mixin.py:112} INFO - [2020-02-25 13:40:27,797] {dagbag.py:403} INFO - Filling up the DagBag from /usr/local/airflow/dags/mouni.py
[2020-02-25 13:40:27,808] {scheduler_job.py:1572} INFO - DAG(s) dict_keys(['mouni']) retrieved from /usr/local/airflow/dags/mouni.py
[2020-02-25 13:40:27,897] {scheduler_job.py:1282} INFO - Processing mouni
[2020-02-25 13:40:27,908] {scheduler_job.py:446} INFO - Skipping SLA check for <DAG: mouni> because no tasks in DAG have SLAs
[2020-02-25 13:40:27,915] {scheduler_job.py:161} INFO - Processing /usr/local/airflow/dags/mouni.py took 0.125 seconds
[2020-02-25 13:40:33,901] {logging_mixin.py:112} INFO - [2020-02-25 13:40:33,900] {settings.py:253} INFO - settings.configure_orm(): Using pool settings. pool_size=5, max_overflow=10, pool_recycle=1800, pid=1731
[2020-02-25 13:40:33,907] {scheduler_job.py:153} INFO - Started process (PID=1731) to work on /usr/local/airflow/dags/mouni.py
[2020-02-25 13:40:33,911] {scheduler_job.py:1560} INFO - Processing file /usr/local/airflow/dags/mouni.py for tasks to queue
[2020-02-25 13:40:33,911] {logging_mixin.py:112} INFO - [2020-02-25 13:40:33,911] {dagbag.py:403} INFO - Filling up the DagBag from /usr/local/airflow/dags/mouni.py
[2020-02-25 13:40:33,919] {scheduler_job.py:1572} INFO - DAG(s) dict_keys(['mouni']) retrieved from /usr/local/airflow/dags/mouni.py
[2020-02-25 13:40:33,985] {scheduler_job.py:1282} INFO - Processing mouni
[2020-02-25 13:40:33,996] {scheduler_job.py:446} INFO - Skipping SLA check for <DAG: mouni> because no tasks in DAG have SLAs
[2020-02-25 13:40:34,001] {scheduler_job.py:161} INFO - Processing /usr/local/airflow/dags/mouni.py took 0.094 seconds
[2020-02-25 13:40:40,038] {logging_mixin.py:112} INFO - [2020-02-25 13:40:40,037] {settings.py:253} INFO - settings.configure_orm(): Using pool settings. pool_size=5, max_overflow=10, pool_recycle=1800, pid=1790
[2020-02-25 13:40:40,056] {scheduler_job.py:153} INFO - Started process (PID=1790) to work on /usr/local/airflow/dags/mouni.py
[2020-02-25 13:40:40,069] {scheduler_job.py:1560} INFO - Processing file /usr/local/airflow/dags/mouni.py for tasks to queue
[2020-02-25 13:40:40,070] {logging_mixin.py:112} INFO - [2020-02-25 13:40:40,070] {dagbag.py:403} INFO - Filling up the DagBag from /usr/local/airflow/dags/mouni.py
[2020-02-25 13:40:40,098] {scheduler_job.py:1572} INFO - DAG(s) dict_keys(['mouni']) retrieved from /usr/local/airflow/dags/mouni.py
[2020-02-25 13:40:40,205] {scheduler_job.py:1282} INFO - Processing mouni
[2020-02-25 13:40:40,215] {scheduler_job.py:446} INFO - Skipping SLA check for <DAG: mouni> because no tasks in DAG have SLAs
[2020-02-25 13:40:40,221] {scheduler_job.py:161} INFO - Processing /usr/local/airflow/dags/mouni.py took 0.165 seconds
[2020-02-25 13:40:46,172] {logging_mixin.py:112} INFO - [2020-02-25 13:40:46,172] {settings.py:253} INFO - settings.configure_orm(): Using pool settings. pool_size=5, max_overflow=10, pool_recycle=1800, pid=1856
[2020-02-25 13:40:46,177] {scheduler_job.py:153} INFO - Started process (PID=1856) to work on /usr/local/airflow/dags/mouni.py
[2020-02-25 13:40:46,181] {scheduler_job.py:1560} INFO - Processing file /usr/local/airflow/dags/mouni.py for tasks to queue
[2020-02-25 13:40:46,181] {logging_mixin.py:112} INFO - [2020-02-25 13:40:46,181] {dagbag.py:403} INFO - Filling up the DagBag from /usr/local/airflow/dags/mouni.py
[2020-02-25 13:40:46,190] {scheduler_job.py:1572} INFO - DAG(s) dict_keys(['mouni']) retrieved from /usr/local/airflow/dags/mouni.py
[2020-02-25 13:40:46,269] {scheduler_job.py:1282} INFO - Processing mouni
[2020-02-25 13:40:46,283] {scheduler_job.py:446} INFO - Skipping SLA check for <DAG: mouni> because no tasks in DAG have SLAs
[2020-02-25 13:40:46,290] {scheduler_job.py:161} INFO - Processing /usr/local/airflow/dags/mouni.py took 0.114 seconds
[2020-02-25 13:40:52,292] {logging_mixin.py:112} INFO - [2020-02-25 13:40:52,291] {settings.py:253} INFO - settings.configure_orm(): Using pool settings. pool_size=5, max_overflow=10, pool_recycle=1800, pid=1917
[2020-02-25 13:40:52,296] {scheduler_job.py:153} INFO - Started process (PID=1917) to work on /usr/local/airflow/dags/mouni.py
[2020-02-25 13:40:52,301] {scheduler_job.py:1560} INFO - Processing file /usr/local/airflow/dags/mouni.py for tasks to queue
[2020-02-25 13:40:52,301] {logging_mixin.py:112} INFO - [2020-02-25 13:40:52,301] {dagbag.py:403} INFO - Filling up the DagBag from /usr/local/airflow/dags/mouni.py
[2020-02-25 13:40:52,311] {scheduler_job.py:1572} INFO - DAG(s) dict_keys(['mouni']) retrieved from /usr/local/airflow/dags/mouni.py
[2020-02-25 13:40:52,381] {scheduler_job.py:1282} INFO - Processing mouni
[2020-02-25 13:40:52,393] {scheduler_job.py:446} INFO - Skipping SLA check for <DAG: mouni> because no tasks in DAG have SLAs
[2020-02-25 13:40:52,401] {scheduler_job.py:161} INFO - Processing /usr/local/airflow/dags/mouni.py took 0.105 seconds
[2020-02-25 13:40:58,418] {logging_mixin.py:112} INFO - [2020-02-25 13:40:58,417] {settings.py:253} INFO - settings.configure_orm(): Using pool settings. pool_size=5, max_overflow=10, pool_recycle=1800, pid=1977
[2020-02-25 13:40:58,422] {scheduler_job.py:153} INFO - Started process (PID=1977) to work on /usr/local/airflow/dags/mouni.py
[2020-02-25 13:40:58,427] {scheduler_job.py:1560} INFO - Processing file /usr/local/airflow/dags/mouni.py for tasks to queue
[2020-02-25 13:40:58,427] {logging_mixin.py:112} INFO - [2020-02-25 13:40:58,427] {dagbag.py:403} INFO - Filling up the DagBag from /usr/local/airflow/dags/mouni.py
[2020-02-25 13:40:58,435] {scheduler_job.py:1572} INFO - DAG(s) dict_keys(['mouni']) retrieved from /usr/local/airflow/dags/mouni.py
[2020-02-25 13:40:58,546] {scheduler_job.py:1282} INFO - Processing mouni
[2020-02-25 13:40:58,566] {scheduler_job.py:446} INFO - Skipping SLA check for <DAG: mouni> because no tasks in DAG have SLAs
[2020-02-25 13:40:58,573] {scheduler_job.py:161} INFO - Processing /usr/local/airflow/dags/mouni.py took 0.151 seconds
[2020-02-25 13:41:04,532] {logging_mixin.py:112} INFO - [2020-02-25 13:41:04,531] {settings.py:253} INFO - settings.configure_orm(): Using pool settings. pool_size=5, max_overflow=10, pool_recycle=1800, pid=2042
[2020-02-25 13:41:04,537] {scheduler_job.py:153} INFO - Started process (PID=2042) to work on /usr/local/airflow/dags/mouni.py
[2020-02-25 13:41:04,541] {scheduler_job.py:1560} INFO - Processing file /usr/local/airflow/dags/mouni.py for tasks to queue
[2020-02-25 13:41:04,542] {logging_mixin.py:112} INFO - [2020-02-25 13:41:04,542] {dagbag.py:403} INFO - Filling up the DagBag from /usr/local/airflow/dags/mouni.py
[2020-02-25 13:41:04,550] {scheduler_job.py:1572} INFO - DAG(s) dict_keys(['mouni']) retrieved from /usr/local/airflow/dags/mouni.py
[2020-02-25 13:41:04,613] {scheduler_job.py:1282} INFO - Processing mouni
[2020-02-25 13:41:04,621] {scheduler_job.py:446} INFO - Skipping SLA check for <DAG: mouni> because no tasks in DAG have SLAs
[2020-02-25 13:41:04,627] {scheduler_job.py:161} INFO - Processing /usr/local/airflow/dags/mouni.py took 0.090 seconds
[2020-02-25 13:41:10,668] {logging_mixin.py:112} INFO - [2020-02-25 13:41:10,667] {settings.py:253} INFO - settings.configure_orm(): Using pool settings. pool_size=5, max_overflow=10, pool_recycle=1800, pid=2101
[2020-02-25 13:41:10,672] {scheduler_job.py:153} INFO - Started process (PID=2101) to work on /usr/local/airflow/dags/mouni.py
[2020-02-25 13:41:10,675] {scheduler_job.py:1560} INFO - Processing file /usr/local/airflow/dags/mouni.py for tasks to queue
[2020-02-25 13:41:10,676] {logging_mixin.py:112} INFO - [2020-02-25 13:41:10,676] {dagbag.py:403} INFO - Filling up the DagBag from /usr/local/airflow/dags/mouni.py
[2020-02-25 13:41:10,683] {scheduler_job.py:1572} INFO - DAG(s) dict_keys(['mouni']) retrieved from /usr/local/airflow/dags/mouni.py
[2020-02-25 13:41:10,748] {scheduler_job.py:1282} INFO - Processing mouni
[2020-02-25 13:41:10,759] {scheduler_job.py:446} INFO - Skipping SLA check for <DAG: mouni> because no tasks in DAG have SLAs
[2020-02-25 13:41:10,765] {scheduler_job.py:161} INFO - Processing /usr/local/airflow/dags/mouni.py took 0.094 seconds
[2020-02-25 13:41:16,795] {logging_mixin.py:112} INFO - [2020-02-25 13:41:16,794] {settings.py:253} INFO - settings.configure_orm(): Using pool settings. pool_size=5, max_overflow=10, pool_recycle=1800, pid=2168
[2020-02-25 13:41:16,799] {scheduler_job.py:153} INFO - Started process (PID=2168) to work on /usr/local/airflow/dags/mouni.py
[2020-02-25 13:41:16,803] {scheduler_job.py:1560} INFO - Processing file /usr/local/airflow/dags/mouni.py for tasks to queue
[2020-02-25 13:41:16,804] {logging_mixin.py:112} INFO - [2020-02-25 13:41:16,804] {dagbag.py:403} INFO - Filling up the DagBag from /usr/local/airflow/dags/mouni.py
[2020-02-25 13:41:16,813] {scheduler_job.py:1572} INFO - DAG(s) dict_keys(['mouni']) retrieved from /usr/local/airflow/dags/mouni.py
[2020-02-25 13:41:16,876] {scheduler_job.py:1282} INFO - Processing mouni
[2020-02-25 13:41:16,885] {scheduler_job.py:446} INFO - Skipping SLA check for <DAG: mouni> because no tasks in DAG have SLAs
[2020-02-25 13:41:16,895] {scheduler_job.py:161} INFO - Processing /usr/local/airflow/dags/mouni.py took 0.096 seconds
[2020-02-25 13:41:22,913] {logging_mixin.py:112} INFO - [2020-02-25 13:41:22,912] {settings.py:253} INFO - settings.configure_orm(): Using pool settings. pool_size=5, max_overflow=10, pool_recycle=1800, pid=2228
[2020-02-25 13:41:22,917] {scheduler_job.py:153} INFO - Started process (PID=2228) to work on /usr/local/airflow/dags/mouni.py
[2020-02-25 13:41:22,922] {scheduler_job.py:1560} INFO - Processing file /usr/local/airflow/dags/mouni.py for tasks to queue
[2020-02-25 13:41:22,922] {logging_mixin.py:112} INFO - [2020-02-25 13:41:22,922] {dagbag.py:403} INFO - Filling up the DagBag from /usr/local/airflow/dags/mouni.py
[2020-02-25 13:41:22,931] {scheduler_job.py:1572} INFO - DAG(s) dict_keys(['mouni']) retrieved from /usr/local/airflow/dags/mouni.py
[2020-02-25 13:41:22,995] {scheduler_job.py:1282} INFO - Processing mouni
[2020-02-25 13:41:23,006] {scheduler_job.py:446} INFO - Skipping SLA check for <DAG: mouni> because no tasks in DAG have SLAs
[2020-02-25 13:41:23,013] {scheduler_job.py:161} INFO - Processing /usr/local/airflow/dags/mouni.py took 0.096 seconds
[2020-02-25 13:41:29,041] {logging_mixin.py:112} INFO - [2020-02-25 13:41:29,040] {settings.py:253} INFO - settings.configure_orm(): Using pool settings. pool_size=5, max_overflow=10, pool_recycle=1800, pid=2288
[2020-02-25 13:41:29,046] {scheduler_job.py:153} INFO - Started process (PID=2288) to work on /usr/local/airflow/dags/mouni.py
[2020-02-25 13:41:29,053] {scheduler_job.py:1560} INFO - Processing file /usr/local/airflow/dags/mouni.py for tasks to queue
[2020-02-25 13:41:29,053] {logging_mixin.py:112} INFO - [2020-02-25 13:41:29,053] {dagbag.py:403} INFO - Filling up the DagBag from /usr/local/airflow/dags/mouni.py
[2020-02-25 13:41:29,063] {scheduler_job.py:1572} INFO - DAG(s) dict_keys(['mouni']) retrieved from /usr/local/airflow/dags/mouni.py
[2020-02-25 13:41:29,135] {scheduler_job.py:1282} INFO - Processing mouni
[2020-02-25 13:41:29,147] {scheduler_job.py:446} INFO - Skipping SLA check for <DAG: mouni> because no tasks in DAG have SLAs
[2020-02-25 13:41:29,154] {scheduler_job.py:161} INFO - Processing /usr/local/airflow/dags/mouni.py took 0.108 seconds
[2020-02-25 13:41:35,169] {logging_mixin.py:112} INFO - [2020-02-25 13:41:35,168] {settings.py:253} INFO - settings.configure_orm(): Using pool settings. pool_size=5, max_overflow=10, pool_recycle=1800, pid=2353
[2020-02-25 13:41:35,174] {scheduler_job.py:153} INFO - Started process (PID=2353) to work on /usr/local/airflow/dags/mouni.py
[2020-02-25 13:41:35,180] {scheduler_job.py:1560} INFO - Processing file /usr/local/airflow/dags/mouni.py for tasks to queue
[2020-02-25 13:41:35,181] {logging_mixin.py:112} INFO - [2020-02-25 13:41:35,181] {dagbag.py:403} INFO - Filling up the DagBag from /usr/local/airflow/dags/mouni.py
[2020-02-25 13:41:35,190] {scheduler_job.py:1572} INFO - DAG(s) dict_keys(['mouni']) retrieved from /usr/local/airflow/dags/mouni.py
[2020-02-25 13:41:35,261] {scheduler_job.py:1282} INFO - Processing mouni
[2020-02-25 13:41:35,273] {scheduler_job.py:446} INFO - Skipping SLA check for <DAG: mouni> because no tasks in DAG have SLAs
[2020-02-25 13:41:35,281] {scheduler_job.py:161} INFO - Processing /usr/local/airflow/dags/mouni.py took 0.107 seconds
[2020-02-25 13:41:41,308] {logging_mixin.py:112} INFO - [2020-02-25 13:41:41,308] {settings.py:253} INFO - settings.configure_orm(): Using pool settings. pool_size=5, max_overflow=10, pool_recycle=1800, pid=2413
[2020-02-25 13:41:41,313] {scheduler_job.py:153} INFO - Started process (PID=2413) to work on /usr/local/airflow/dags/mouni.py
[2020-02-25 13:41:41,318] {scheduler_job.py:1560} INFO - Processing file /usr/local/airflow/dags/mouni.py for tasks to queue
[2020-02-25 13:41:41,318] {logging_mixin.py:112} INFO - [2020-02-25 13:41:41,318] {dagbag.py:403} INFO - Filling up the DagBag from /usr/local/airflow/dags/mouni.py
[2020-02-25 13:41:41,327] {scheduler_job.py:1572} INFO - DAG(s) dict_keys(['mouni']) retrieved from /usr/local/airflow/dags/mouni.py
[2020-02-25 13:41:41,402] {scheduler_job.py:1282} INFO - Processing mouni
[2020-02-25 13:41:41,414] {scheduler_job.py:446} INFO - Skipping SLA check for <DAG: mouni> because no tasks in DAG have SLAs
[2020-02-25 13:41:41,420] {scheduler_job.py:161} INFO - Processing /usr/local/airflow/dags/mouni.py took 0.107 seconds
[2020-02-25 13:41:47,440] {logging_mixin.py:112} INFO - [2020-02-25 13:41:47,439] {settings.py:253} INFO - settings.configure_orm(): Using pool settings. pool_size=5, max_overflow=10, pool_recycle=1800, pid=2478
[2020-02-25 13:41:47,445] {scheduler_job.py:153} INFO - Started process (PID=2478) to work on /usr/local/airflow/dags/mouni.py
[2020-02-25 13:41:47,449] {scheduler_job.py:1560} INFO - Processing file /usr/local/airflow/dags/mouni.py for tasks to queue
[2020-02-25 13:41:47,450] {logging_mixin.py:112} INFO - [2020-02-25 13:41:47,450] {dagbag.py:403} INFO - Filling up the DagBag from /usr/local/airflow/dags/mouni.py
[2020-02-25 13:41:47,458] {scheduler_job.py:1572} INFO - DAG(s) dict_keys(['mouni']) retrieved from /usr/local/airflow/dags/mouni.py
[2020-02-25 13:41:47,520] {scheduler_job.py:1282} INFO - Processing mouni
[2020-02-25 13:41:47,529] {scheduler_job.py:446} INFO - Skipping SLA check for <DAG: mouni> because no tasks in DAG have SLAs
[2020-02-25 13:41:47,537] {scheduler_job.py:161} INFO - Processing /usr/local/airflow/dags/mouni.py took 0.092 seconds
[2020-02-25 13:41:53,565] {logging_mixin.py:112} INFO - [2020-02-25 13:41:53,565] {settings.py:253} INFO - settings.configure_orm(): Using pool settings. pool_size=5, max_overflow=10, pool_recycle=1800, pid=2539
[2020-02-25 13:41:53,571] {scheduler_job.py:153} INFO - Started process (PID=2539) to work on /usr/local/airflow/dags/mouni.py
[2020-02-25 13:41:53,576] {scheduler_job.py:1560} INFO - Processing file /usr/local/airflow/dags/mouni.py for tasks to queue
[2020-02-25 13:41:53,576] {logging_mixin.py:112} INFO - [2020-02-25 13:41:53,576] {dagbag.py:403} INFO - Filling up the DagBag from /usr/local/airflow/dags/mouni.py
[2020-02-25 13:41:53,585] {scheduler_job.py:1572} INFO - DAG(s) dict_keys(['mouni']) retrieved from /usr/local/airflow/dags/mouni.py
[2020-02-25 13:41:53,662] {scheduler_job.py:1282} INFO - Processing mouni
[2020-02-25 13:41:53,676] {scheduler_job.py:446} INFO - Skipping SLA check for <DAG: mouni> because no tasks in DAG have SLAs
[2020-02-25 13:41:53,682] {scheduler_job.py:161} INFO - Processing /usr/local/airflow/dags/mouni.py took 0.111 seconds
[2020-02-25 13:41:59,702] {logging_mixin.py:112} INFO - [2020-02-25 13:41:59,701] {settings.py:253} INFO - settings.configure_orm(): Using pool settings. pool_size=5, max_overflow=10, pool_recycle=1800, pid=2599
[2020-02-25 13:41:59,706] {scheduler_job.py:153} INFO - Started process (PID=2599) to work on /usr/local/airflow/dags/mouni.py
[2020-02-25 13:41:59,710] {scheduler_job.py:1560} INFO - Processing file /usr/local/airflow/dags/mouni.py for tasks to queue
[2020-02-25 13:41:59,710] {logging_mixin.py:112} INFO - [2020-02-25 13:41:59,710] {dagbag.py:403} INFO - Filling up the DagBag from /usr/local/airflow/dags/mouni.py
[2020-02-25 13:41:59,719] {scheduler_job.py:1572} INFO - DAG(s) dict_keys(['mouni']) retrieved from /usr/local/airflow/dags/mouni.py
[2020-02-25 13:41:59,785] {scheduler_job.py:1282} INFO - Processing mouni
[2020-02-25 13:41:59,796] {scheduler_job.py:446} INFO - Skipping SLA check for <DAG: mouni> because no tasks in DAG have SLAs
[2020-02-25 13:41:59,802] {scheduler_job.py:161} INFO - Processing /usr/local/airflow/dags/mouni.py took 0.096 seconds
[2020-02-25 13:42:05,821] {logging_mixin.py:112} INFO - [2020-02-25 13:42:05,820] {settings.py:253} INFO - settings.configure_orm(): Using pool settings. pool_size=5, max_overflow=10, pool_recycle=1800, pid=2665
[2020-02-25 13:42:05,826] {scheduler_job.py:153} INFO - Started process (PID=2665) to work on /usr/local/airflow/dags/mouni.py
[2020-02-25 13:42:05,831] {scheduler_job.py:1560} INFO - Processing file /usr/local/airflow/dags/mouni.py for tasks to queue
[2020-02-25 13:42:05,831] {logging_mixin.py:112} INFO - [2020-02-25 13:42:05,831] {dagbag.py:403} INFO - Filling up the DagBag from /usr/local/airflow/dags/mouni.py
[2020-02-25 13:42:05,839] {scheduler_job.py:1572} INFO - DAG(s) dict_keys(['mouni']) retrieved from /usr/local/airflow/dags/mouni.py
[2020-02-25 13:42:05,912] {scheduler_job.py:1282} INFO - Processing mouni
[2020-02-25 13:42:05,922] {scheduler_job.py:446} INFO - Skipping SLA check for <DAG: mouni> because no tasks in DAG have SLAs
[2020-02-25 13:42:05,929] {scheduler_job.py:161} INFO - Processing /usr/local/airflow/dags/mouni.py took 0.103 seconds
[2020-02-25 13:42:11,966] {logging_mixin.py:112} INFO - [2020-02-25 13:42:11,965] {settings.py:253} INFO - settings.configure_orm(): Using pool settings. pool_size=5, max_overflow=10, pool_recycle=1800, pid=2724
[2020-02-25 13:42:11,971] {scheduler_job.py:153} INFO - Started process (PID=2724) to work on /usr/local/airflow/dags/mouni.py
[2020-02-25 13:42:11,976] {scheduler_job.py:1560} INFO - Processing file /usr/local/airflow/dags/mouni.py for tasks to queue
[2020-02-25 13:42:11,976] {logging_mixin.py:112} INFO - [2020-02-25 13:42:11,976] {dagbag.py:403} INFO - Filling up the DagBag from /usr/local/airflow/dags/mouni.py
[2020-02-25 13:42:11,984] {scheduler_job.py:1572} INFO - DAG(s) dict_keys(['mouni']) retrieved from /usr/local/airflow/dags/mouni.py
[2020-02-25 13:42:12,055] {scheduler_job.py:1282} INFO - Processing mouni
[2020-02-25 13:42:12,067] {scheduler_job.py:446} INFO - Skipping SLA check for <DAG: mouni> because no tasks in DAG have SLAs
[2020-02-25 13:42:12,078] {scheduler_job.py:161} INFO - Processing /usr/local/airflow/dags/mouni.py took 0.107 seconds
[2020-02-25 13:42:18,100] {logging_mixin.py:112} INFO - [2020-02-25 13:42:18,099] {settings.py:253} INFO - settings.configure_orm(): Using pool settings. pool_size=5, max_overflow=10, pool_recycle=1800, pid=2790
[2020-02-25 13:42:18,104] {scheduler_job.py:153} INFO - Started process (PID=2790) to work on /usr/local/airflow/dags/mouni.py
[2020-02-25 13:42:18,109] {scheduler_job.py:1560} INFO - Processing file /usr/local/airflow/dags/mouni.py for tasks to queue
[2020-02-25 13:42:18,110] {logging_mixin.py:112} INFO - [2020-02-25 13:42:18,110] {dagbag.py:403} INFO - Filling up the DagBag from /usr/local/airflow/dags/mouni.py
[2020-02-25 13:42:18,120] {scheduler_job.py:1572} INFO - DAG(s) dict_keys(['mouni']) retrieved from /usr/local/airflow/dags/mouni.py
[2020-02-25 13:42:18,188] {scheduler_job.py:1282} INFO - Processing mouni
[2020-02-25 13:42:18,199] {scheduler_job.py:446} INFO - Skipping SLA check for <DAG: mouni> because no tasks in DAG have SLAs
[2020-02-25 13:42:18,212] {scheduler_job.py:161} INFO - Processing /usr/local/airflow/dags/mouni.py took 0.108 seconds
[2020-02-25 13:42:24,238] {logging_mixin.py:112} INFO - [2020-02-25 13:42:24,238] {settings.py:253} INFO - settings.configure_orm(): Using pool settings. pool_size=5, max_overflow=10, pool_recycle=1800, pid=2851
[2020-02-25 13:42:24,242] {scheduler_job.py:153} INFO - Started process (PID=2851) to work on /usr/local/airflow/dags/mouni.py
[2020-02-25 13:42:24,246] {scheduler_job.py:1560} INFO - Processing file /usr/local/airflow/dags/mouni.py for tasks to queue
[2020-02-25 13:42:24,246] {logging_mixin.py:112} INFO - [2020-02-25 13:42:24,246] {dagbag.py:403} INFO - Filling up the DagBag from /usr/local/airflow/dags/mouni.py
[2020-02-25 13:42:24,255] {scheduler_job.py:1572} INFO - DAG(s) dict_keys(['mouni']) retrieved from /usr/local/airflow/dags/mouni.py
[2020-02-25 13:42:24,320] {scheduler_job.py:1282} INFO - Processing mouni
[2020-02-25 13:42:24,334] {scheduler_job.py:446} INFO - Skipping SLA check for <DAG: mouni> because no tasks in DAG have SLAs
[2020-02-25 13:42:24,344] {scheduler_job.py:161} INFO - Processing /usr/local/airflow/dags/mouni.py took 0.102 seconds
[2020-02-25 13:42:30,369] {logging_mixin.py:112} INFO - [2020-02-25 13:42:30,368] {settings.py:253} INFO - settings.configure_orm(): Using pool settings. pool_size=5, max_overflow=10, pool_recycle=1800, pid=2911
[2020-02-25 13:42:30,373] {scheduler_job.py:153} INFO - Started process (PID=2911) to work on /usr/local/airflow/dags/mouni.py
[2020-02-25 13:42:30,380] {scheduler_job.py:1560} INFO - Processing file /usr/local/airflow/dags/mouni.py for tasks to queue
[2020-02-25 13:42:30,381] {logging_mixin.py:112} INFO - [2020-02-25 13:42:30,380] {dagbag.py:403} INFO - Filling up the DagBag from /usr/local/airflow/dags/mouni.py
[2020-02-25 13:42:30,389] {scheduler_job.py:1572} INFO - DAG(s) dict_keys(['mouni']) retrieved from /usr/local/airflow/dags/mouni.py
[2020-02-25 13:42:30,475] {scheduler_job.py:1282} INFO - Processing mouni
[2020-02-25 13:42:30,494] {scheduler_job.py:446} INFO - Skipping SLA check for <DAG: mouni> because no tasks in DAG have SLAs
[2020-02-25 13:42:30,501] {scheduler_job.py:161} INFO - Processing /usr/local/airflow/dags/mouni.py took 0.128 seconds
[2020-02-25 13:42:36,488] {logging_mixin.py:112} INFO - [2020-02-25 13:42:36,488] {settings.py:253} INFO - settings.configure_orm(): Using pool settings. pool_size=5, max_overflow=10, pool_recycle=1800, pid=2976
[2020-02-25 13:42:36,492] {scheduler_job.py:153} INFO - Started process (PID=2976) to work on /usr/local/airflow/dags/mouni.py
[2020-02-25 13:42:36,498] {scheduler_job.py:1560} INFO - Processing file /usr/local/airflow/dags/mouni.py for tasks to queue
[2020-02-25 13:42:36,499] {logging_mixin.py:112} INFO - [2020-02-25 13:42:36,498] {dagbag.py:403} INFO - Filling up the DagBag from /usr/local/airflow/dags/mouni.py
[2020-02-25 13:42:36,506] {scheduler_job.py:1572} INFO - DAG(s) dict_keys(['mouni']) retrieved from /usr/local/airflow/dags/mouni.py
[2020-02-25 13:42:36,576] {scheduler_job.py:1282} INFO - Processing mouni
[2020-02-25 13:42:36,594] {scheduler_job.py:446} INFO - Skipping SLA check for <DAG: mouni> because no tasks in DAG have SLAs
[2020-02-25 13:42:36,603] {scheduler_job.py:161} INFO - Processing /usr/local/airflow/dags/mouni.py took 0.110 seconds
[2020-02-25 13:42:42,620] {logging_mixin.py:112} INFO - [2020-02-25 13:42:42,620] {settings.py:253} INFO - settings.configure_orm(): Using pool settings. pool_size=5, max_overflow=10, pool_recycle=1800, pid=3036
[2020-02-25 13:42:42,624] {scheduler_job.py:153} INFO - Started process (PID=3036) to work on /usr/local/airflow/dags/mouni.py
[2020-02-25 13:42:42,628] {scheduler_job.py:1560} INFO - Processing file /usr/local/airflow/dags/mouni.py for tasks to queue
[2020-02-25 13:42:42,629] {logging_mixin.py:112} INFO - [2020-02-25 13:42:42,629] {dagbag.py:403} INFO - Filling up the DagBag from /usr/local/airflow/dags/mouni.py
[2020-02-25 13:42:42,637] {scheduler_job.py:1572} INFO - DAG(s) dict_keys(['mouni']) retrieved from /usr/local/airflow/dags/mouni.py
[2020-02-25 13:42:42,713] {scheduler_job.py:1282} INFO - Processing mouni
[2020-02-25 13:42:42,723] {scheduler_job.py:446} INFO - Skipping SLA check for <DAG: mouni> because no tasks in DAG have SLAs
[2020-02-25 13:42:42,729] {scheduler_job.py:161} INFO - Processing /usr/local/airflow/dags/mouni.py took 0.106 seconds
[2020-02-25 13:42:48,754] {logging_mixin.py:112} INFO - [2020-02-25 13:42:48,753] {settings.py:253} INFO - settings.configure_orm(): Using pool settings. pool_size=5, max_overflow=10, pool_recycle=1800, pid=3101
[2020-02-25 13:42:48,758] {scheduler_job.py:153} INFO - Started process (PID=3101) to work on /usr/local/airflow/dags/mouni.py
[2020-02-25 13:42:48,763] {scheduler_job.py:1560} INFO - Processing file /usr/local/airflow/dags/mouni.py for tasks to queue
[2020-02-25 13:42:48,763] {logging_mixin.py:112} INFO - [2020-02-25 13:42:48,763] {dagbag.py:403} INFO - Filling up the DagBag from /usr/local/airflow/dags/mouni.py
[2020-02-25 13:42:48,771] {scheduler_job.py:1572} INFO - DAG(s) dict_keys(['mouni']) retrieved from /usr/local/airflow/dags/mouni.py
[2020-02-25 13:42:48,853] {scheduler_job.py:1282} INFO - Processing mouni
[2020-02-25 13:42:48,862] {scheduler_job.py:446} INFO - Skipping SLA check for <DAG: mouni> because no tasks in DAG have SLAs
[2020-02-25 13:42:48,869] {scheduler_job.py:161} INFO - Processing /usr/local/airflow/dags/mouni.py took 0.111 seconds
[2020-02-25 13:42:54,902] {logging_mixin.py:112} INFO - [2020-02-25 13:42:54,902] {settings.py:253} INFO - settings.configure_orm(): Using pool settings. pool_size=5, max_overflow=10, pool_recycle=1800, pid=3162
[2020-02-25 13:42:54,907] {scheduler_job.py:153} INFO - Started process (PID=3162) to work on /usr/local/airflow/dags/mouni.py
[2020-02-25 13:42:54,912] {scheduler_job.py:1560} INFO - Processing file /usr/local/airflow/dags/mouni.py for tasks to queue
[2020-02-25 13:42:54,913] {logging_mixin.py:112} INFO - [2020-02-25 13:42:54,912] {dagbag.py:403} INFO - Filling up the DagBag from /usr/local/airflow/dags/mouni.py
[2020-02-25 13:42:54,921] {scheduler_job.py:1572} INFO - DAG(s) dict_keys(['mouni']) retrieved from /usr/local/airflow/dags/mouni.py
[2020-02-25 13:42:54,999] {scheduler_job.py:1282} INFO - Processing mouni
[2020-02-25 13:42:55,010] {scheduler_job.py:446} INFO - Skipping SLA check for <DAG: mouni> because no tasks in DAG have SLAs
[2020-02-25 13:42:55,016] {scheduler_job.py:161} INFO - Processing /usr/local/airflow/dags/mouni.py took 0.109 seconds
[2020-02-25 13:43:01,031] {logging_mixin.py:112} INFO - [2020-02-25 13:43:01,030] {settings.py:253} INFO - settings.configure_orm(): Using pool settings. pool_size=5, max_overflow=10, pool_recycle=1800, pid=3222
[2020-02-25 13:43:01,036] {scheduler_job.py:153} INFO - Started process (PID=3222) to work on /usr/local/airflow/dags/mouni.py
[2020-02-25 13:43:01,040] {scheduler_job.py:1560} INFO - Processing file /usr/local/airflow/dags/mouni.py for tasks to queue
[2020-02-25 13:43:01,041] {logging_mixin.py:112} INFO - [2020-02-25 13:43:01,041] {dagbag.py:403} INFO - Filling up the DagBag from /usr/local/airflow/dags/mouni.py
[2020-02-25 13:43:01,064] {scheduler_job.py:1572} INFO - DAG(s) dict_keys(['mouni']) retrieved from /usr/local/airflow/dags/mouni.py
[2020-02-25 13:43:01,146] {scheduler_job.py:1282} INFO - Processing mouni
[2020-02-25 13:43:01,158] {scheduler_job.py:446} INFO - Skipping SLA check for <DAG: mouni> because no tasks in DAG have SLAs
[2020-02-25 13:43:01,165] {scheduler_job.py:161} INFO - Processing /usr/local/airflow/dags/mouni.py took 0.130 seconds
[2020-02-25 13:43:08,187] {logging_mixin.py:112} INFO - [2020-02-25 13:43:08,187] {settings.py:253} INFO - settings.configure_orm(): Using pool settings. pool_size=5, max_overflow=10, pool_recycle=1800, pid=3297
[2020-02-25 13:43:08,191] {scheduler_job.py:153} INFO - Started process (PID=3297) to work on /usr/local/airflow/dags/mouni.py
[2020-02-25 13:43:08,196] {scheduler_job.py:1560} INFO - Processing file /usr/local/airflow/dags/mouni.py for tasks to queue
[2020-02-25 13:43:08,197] {logging_mixin.py:112} INFO - [2020-02-25 13:43:08,196] {dagbag.py:403} INFO - Filling up the DagBag from /usr/local/airflow/dags/mouni.py
[2020-02-25 13:43:08,206] {scheduler_job.py:1572} INFO - DAG(s) dict_keys(['mouni']) retrieved from /usr/local/airflow/dags/mouni.py
[2020-02-25 13:43:08,276] {scheduler_job.py:1282} INFO - Processing mouni
[2020-02-25 13:43:08,286] {scheduler_job.py:446} INFO - Skipping SLA check for <DAG: mouni> because no tasks in DAG have SLAs
[2020-02-25 13:43:08,292] {scheduler_job.py:161} INFO - Processing /usr/local/airflow/dags/mouni.py took 0.101 seconds
[2020-02-25 13:43:16,347] {logging_mixin.py:112} INFO - [2020-02-25 13:43:16,346] {settings.py:253} INFO - settings.configure_orm(): Using pool settings. pool_size=5, max_overflow=10, pool_recycle=1800, pid=3377
[2020-02-25 13:43:16,351] {scheduler_job.py:153} INFO - Started process (PID=3377) to work on /usr/local/airflow/dags/mouni.py
[2020-02-25 13:43:16,356] {scheduler_job.py:1560} INFO - Processing file /usr/local/airflow/dags/mouni.py for tasks to queue
[2020-02-25 13:43:16,356] {logging_mixin.py:112} INFO - [2020-02-25 13:43:16,356] {dagbag.py:403} INFO - Filling up the DagBag from /usr/local/airflow/dags/mouni.py
[2020-02-25 13:43:16,364] {scheduler_job.py:1572} INFO - DAG(s) dict_keys(['mouni']) retrieved from /usr/local/airflow/dags/mouni.py
[2020-02-25 13:43:16,433] {scheduler_job.py:1282} INFO - Processing mouni
[2020-02-25 13:43:16,445] {scheduler_job.py:446} INFO - Skipping SLA check for <DAG: mouni> because no tasks in DAG have SLAs
[2020-02-25 13:43:16,451] {scheduler_job.py:161} INFO - Processing /usr/local/airflow/dags/mouni.py took 0.100 seconds
[2020-02-25 13:43:24,535] {logging_mixin.py:112} INFO - [2020-02-25 13:43:24,534] {settings.py:253} INFO - settings.configure_orm(): Using pool settings. pool_size=5, max_overflow=10, pool_recycle=1800, pid=3463
[2020-02-25 13:43:24,542] {scheduler_job.py:153} INFO - Started process (PID=3463) to work on /usr/local/airflow/dags/mouni.py
[2020-02-25 13:43:24,554] {scheduler_job.py:1560} INFO - Processing file /usr/local/airflow/dags/mouni.py for tasks to queue
[2020-02-25 13:43:24,555] {logging_mixin.py:112} INFO - [2020-02-25 13:43:24,555] {dagbag.py:403} INFO - Filling up the DagBag from /usr/local/airflow/dags/mouni.py
[2020-02-25 13:43:24,582] {scheduler_job.py:1572} INFO - DAG(s) dict_keys(['mouni']) retrieved from /usr/local/airflow/dags/mouni.py
[2020-02-25 13:43:24,678] {scheduler_job.py:1282} INFO - Processing mouni
[2020-02-25 13:43:24,689] {scheduler_job.py:446} INFO - Skipping SLA check for <DAG: mouni> because no tasks in DAG have SLAs
[2020-02-25 13:43:24,696] {scheduler_job.py:161} INFO - Processing /usr/local/airflow/dags/mouni.py took 0.154 seconds
[2020-02-25 13:43:32,698] {logging_mixin.py:112} INFO - [2020-02-25 13:43:32,697] {settings.py:253} INFO - settings.configure_orm(): Using pool settings. pool_size=5, max_overflow=10, pool_recycle=1800, pid=3543
[2020-02-25 13:43:32,701] {scheduler_job.py:153} INFO - Started process (PID=3543) to work on /usr/local/airflow/dags/mouni.py
[2020-02-25 13:43:32,707] {scheduler_job.py:1560} INFO - Processing file /usr/local/airflow/dags/mouni.py for tasks to queue
[2020-02-25 13:43:32,707] {logging_mixin.py:112} INFO - [2020-02-25 13:43:32,707] {dagbag.py:403} INFO - Filling up the DagBag from /usr/local/airflow/dags/mouni.py
[2020-02-25 13:43:32,715] {scheduler_job.py:1572} INFO - DAG(s) dict_keys(['mouni']) retrieved from /usr/local/airflow/dags/mouni.py
[2020-02-25 13:43:32,779] {scheduler_job.py:1282} INFO - Processing mouni
[2020-02-25 13:43:32,788] {scheduler_job.py:446} INFO - Skipping SLA check for <DAG: mouni> because no tasks in DAG have SLAs
[2020-02-25 13:43:32,793] {scheduler_job.py:161} INFO - Processing /usr/local/airflow/dags/mouni.py took 0.091 seconds
[2020-02-25 13:43:40,877] {logging_mixin.py:112} INFO - [2020-02-25 13:43:40,876] {settings.py:253} INFO - settings.configure_orm(): Using pool settings. pool_size=5, max_overflow=10, pool_recycle=1800, pid=3628
[2020-02-25 13:43:40,881] {scheduler_job.py:153} INFO - Started process (PID=3628) to work on /usr/local/airflow/dags/mouni.py
[2020-02-25 13:43:40,886] {scheduler_job.py:1560} INFO - Processing file /usr/local/airflow/dags/mouni.py for tasks to queue
[2020-02-25 13:43:40,887] {logging_mixin.py:112} INFO - [2020-02-25 13:43:40,886] {dagbag.py:403} INFO - Filling up the DagBag from /usr/local/airflow/dags/mouni.py
[2020-02-25 13:43:40,894] {scheduler_job.py:1572} INFO - DAG(s) dict_keys(['mouni']) retrieved from /usr/local/airflow/dags/mouni.py
[2020-02-25 13:43:40,960] {scheduler_job.py:1282} INFO - Processing mouni
[2020-02-25 13:43:40,973] {scheduler_job.py:446} INFO - Skipping SLA check for <DAG: mouni> because no tasks in DAG have SLAs
[2020-02-25 13:43:40,979] {scheduler_job.py:161} INFO - Processing /usr/local/airflow/dags/mouni.py took 0.098 seconds
[2020-02-25 13:43:49,053] {logging_mixin.py:112} INFO - [2020-02-25 13:43:49,052] {settings.py:253} INFO - settings.configure_orm(): Using pool settings. pool_size=5, max_overflow=10, pool_recycle=1800, pid=3714
[2020-02-25 13:43:49,057] {scheduler_job.py:153} INFO - Started process (PID=3714) to work on /usr/local/airflow/dags/mouni.py
[2020-02-25 13:43:49,061] {scheduler_job.py:1560} INFO - Processing file /usr/local/airflow/dags/mouni.py for tasks to queue
[2020-02-25 13:43:49,062] {logging_mixin.py:112} INFO - [2020-02-25 13:43:49,061] {dagbag.py:403} INFO - Filling up the DagBag from /usr/local/airflow/dags/mouni.py
[2020-02-25 13:43:49,069] {scheduler_job.py:1572} INFO - DAG(s) dict_keys(['mouni']) retrieved from /usr/local/airflow/dags/mouni.py
[2020-02-25 13:43:49,150] {scheduler_job.py:1282} INFO - Processing mouni
[2020-02-25 13:43:49,159] {scheduler_job.py:446} INFO - Skipping SLA check for <DAG: mouni> because no tasks in DAG have SLAs
[2020-02-25 13:43:49,164] {scheduler_job.py:161} INFO - Processing /usr/local/airflow/dags/mouni.py took 0.108 seconds
[2020-02-25 13:43:57,235] {logging_mixin.py:112} INFO - [2020-02-25 13:43:57,234] {settings.py:253} INFO - settings.configure_orm(): Using pool settings. pool_size=5, max_overflow=10, pool_recycle=1800, pid=3795
[2020-02-25 13:43:57,239] {scheduler_job.py:153} INFO - Started process (PID=3795) to work on /usr/local/airflow/dags/mouni.py
[2020-02-25 13:43:57,244] {scheduler_job.py:1560} INFO - Processing file /usr/local/airflow/dags/mouni.py for tasks to queue
[2020-02-25 13:43:57,245] {logging_mixin.py:112} INFO - [2020-02-25 13:43:57,244] {dagbag.py:403} INFO - Filling up the DagBag from /usr/local/airflow/dags/mouni.py
[2020-02-25 13:43:57,253] {scheduler_job.py:1572} INFO - DAG(s) dict_keys(['mouni']) retrieved from /usr/local/airflow/dags/mouni.py
[2020-02-25 13:43:57,331] {scheduler_job.py:1282} INFO - Processing mouni
[2020-02-25 13:43:57,342] {scheduler_job.py:446} INFO - Skipping SLA check for <DAG: mouni> because no tasks in DAG have SLAs
[2020-02-25 13:43:57,349] {scheduler_job.py:161} INFO - Processing /usr/local/airflow/dags/mouni.py took 0.110 seconds
[2020-02-25 13:44:05,419] {logging_mixin.py:112} INFO - [2020-02-25 13:44:05,417] {settings.py:253} INFO - settings.configure_orm(): Using pool settings. pool_size=5, max_overflow=10, pool_recycle=1800, pid=3881
[2020-02-25 13:44:05,425] {scheduler_job.py:153} INFO - Started process (PID=3881) to work on /usr/local/airflow/dags/mouni.py
[2020-02-25 13:44:05,432] {scheduler_job.py:1560} INFO - Processing file /usr/local/airflow/dags/mouni.py for tasks to queue
[2020-02-25 13:44:05,433] {logging_mixin.py:112} INFO - [2020-02-25 13:44:05,432] {dagbag.py:403} INFO - Filling up the DagBag from /usr/local/airflow/dags/mouni.py
[2020-02-25 13:44:05,444] {scheduler_job.py:1572} INFO - DAG(s) dict_keys(['mouni']) retrieved from /usr/local/airflow/dags/mouni.py
[2020-02-25 13:44:05,511] {scheduler_job.py:1282} INFO - Processing mouni
[2020-02-25 13:44:05,521] {scheduler_job.py:446} INFO - Skipping SLA check for <DAG: mouni> because no tasks in DAG have SLAs
[2020-02-25 13:44:05,526] {scheduler_job.py:161} INFO - Processing /usr/local/airflow/dags/mouni.py took 0.101 seconds
[2020-02-25 13:44:13,590] {logging_mixin.py:112} INFO - [2020-02-25 13:44:13,590] {settings.py:253} INFO - settings.configure_orm(): Using pool settings. pool_size=5, max_overflow=10, pool_recycle=1800, pid=3962
[2020-02-25 13:44:13,594] {scheduler_job.py:153} INFO - Started process (PID=3962) to work on /usr/local/airflow/dags/mouni.py
[2020-02-25 13:44:13,598] {scheduler_job.py:1560} INFO - Processing file /usr/local/airflow/dags/mouni.py for tasks to queue
[2020-02-25 13:44:13,599] {logging_mixin.py:112} INFO - [2020-02-25 13:44:13,598] {dagbag.py:403} INFO - Filling up the DagBag from /usr/local/airflow/dags/mouni.py
[2020-02-25 13:44:13,610] {scheduler_job.py:1572} INFO - DAG(s) dict_keys(['mouni']) retrieved from /usr/local/airflow/dags/mouni.py
[2020-02-25 13:44:13,677] {scheduler_job.py:1282} INFO - Processing mouni
[2020-02-25 13:44:13,686] {scheduler_job.py:446} INFO - Skipping SLA check for <DAG: mouni> because no tasks in DAG have SLAs
[2020-02-25 13:44:13,693] {scheduler_job.py:161} INFO - Processing /usr/local/airflow/dags/mouni.py took 0.099 seconds
[2020-02-25 13:44:21,760] {logging_mixin.py:112} INFO - [2020-02-25 13:44:21,760] {settings.py:253} INFO - settings.configure_orm(): Using pool settings. pool_size=5, max_overflow=10, pool_recycle=1800, pid=4047
[2020-02-25 13:44:21,765] {scheduler_job.py:153} INFO - Started process (PID=4047) to work on /usr/local/airflow/dags/mouni.py
[2020-02-25 13:44:21,773] {scheduler_job.py:1560} INFO - Processing file /usr/local/airflow/dags/mouni.py for tasks to queue
[2020-02-25 13:44:21,773] {logging_mixin.py:112} INFO - [2020-02-25 13:44:21,773] {dagbag.py:403} INFO - Filling up the DagBag from /usr/local/airflow/dags/mouni.py
[2020-02-25 13:44:21,781] {scheduler_job.py:1572} INFO - DAG(s) dict_keys(['mouni']) retrieved from /usr/local/airflow/dags/mouni.py
[2020-02-25 13:44:21,849] {scheduler_job.py:1282} INFO - Processing mouni
[2020-02-25 13:44:21,860] {scheduler_job.py:446} INFO - Skipping SLA check for <DAG: mouni> because no tasks in DAG have SLAs
[2020-02-25 13:44:21,867] {scheduler_job.py:161} INFO - Processing /usr/local/airflow/dags/mouni.py took 0.102 seconds
[2020-02-25 13:44:30,008] {logging_mixin.py:112} INFO - [2020-02-25 13:44:30,007] {settings.py:253} INFO - settings.configure_orm(): Using pool settings. pool_size=5, max_overflow=10, pool_recycle=1800, pid=4128
[2020-02-25 13:44:30,015] {scheduler_job.py:153} INFO - Started process (PID=4128) to work on /usr/local/airflow/dags/mouni.py
[2020-02-25 13:44:30,024] {scheduler_job.py:1560} INFO - Processing file /usr/local/airflow/dags/mouni.py for tasks to queue
[2020-02-25 13:44:30,025] {logging_mixin.py:112} INFO - [2020-02-25 13:44:30,024] {dagbag.py:403} INFO - Filling up the DagBag from /usr/local/airflow/dags/mouni.py
[2020-02-25 13:44:30,046] {scheduler_job.py:1572} INFO - DAG(s) dict_keys(['mouni']) retrieved from /usr/local/airflow/dags/mouni.py
[2020-02-25 13:44:30,230] {scheduler_job.py:1282} INFO - Processing mouni
[2020-02-25 13:44:30,252] {scheduler_job.py:446} INFO - Skipping SLA check for <DAG: mouni> because no tasks in DAG have SLAs
[2020-02-25 13:44:30,263] {scheduler_job.py:161} INFO - Processing /usr/local/airflow/dags/mouni.py took 0.248 seconds
[2020-02-25 13:44:38,135] {logging_mixin.py:112} INFO - [2020-02-25 13:44:38,135] {settings.py:253} INFO - settings.configure_orm(): Using pool settings. pool_size=5, max_overflow=10, pool_recycle=1800, pid=4215
[2020-02-25 13:44:38,140] {scheduler_job.py:153} INFO - Started process (PID=4215) to work on /usr/local/airflow/dags/mouni.py
[2020-02-25 13:44:38,147] {scheduler_job.py:1560} INFO - Processing file /usr/local/airflow/dags/mouni.py for tasks to queue
[2020-02-25 13:44:38,147] {logging_mixin.py:112} INFO - [2020-02-25 13:44:38,147] {dagbag.py:403} INFO - Filling up the DagBag from /usr/local/airflow/dags/mouni.py
[2020-02-25 13:44:38,157] {scheduler_job.py:1572} INFO - DAG(s) dict_keys(['mouni']) retrieved from /usr/local/airflow/dags/mouni.py
[2020-02-25 13:44:38,246] {scheduler_job.py:1282} INFO - Processing mouni
[2020-02-25 13:44:38,256] {scheduler_job.py:446} INFO - Skipping SLA check for <DAG: mouni> because no tasks in DAG have SLAs
[2020-02-25 13:44:38,266] {scheduler_job.py:161} INFO - Processing /usr/local/airflow/dags/mouni.py took 0.126 seconds
[2020-02-25 13:44:46,306] {logging_mixin.py:112} INFO - [2020-02-25 13:44:46,306] {settings.py:253} INFO - settings.configure_orm(): Using pool settings. pool_size=5, max_overflow=10, pool_recycle=1800, pid=4296
[2020-02-25 13:44:46,312] {scheduler_job.py:153} INFO - Started process (PID=4296) to work on /usr/local/airflow/dags/mouni.py
[2020-02-25 13:44:46,317] {scheduler_job.py:1560} INFO - Processing file /usr/local/airflow/dags/mouni.py for tasks to queue
[2020-02-25 13:44:46,318] {logging_mixin.py:112} INFO - [2020-02-25 13:44:46,317] {dagbag.py:403} INFO - Filling up the DagBag from /usr/local/airflow/dags/mouni.py
[2020-02-25 13:44:46,327] {scheduler_job.py:1572} INFO - DAG(s) dict_keys(['mouni']) retrieved from /usr/local/airflow/dags/mouni.py
[2020-02-25 13:44:46,402] {scheduler_job.py:1282} INFO - Processing mouni
[2020-02-25 13:44:46,413] {scheduler_job.py:446} INFO - Skipping SLA check for <DAG: mouni> because no tasks in DAG have SLAs
[2020-02-25 13:44:46,419] {scheduler_job.py:161} INFO - Processing /usr/local/airflow/dags/mouni.py took 0.108 seconds
[2020-02-25 13:44:54,474] {logging_mixin.py:112} INFO - [2020-02-25 13:44:54,473] {settings.py:253} INFO - settings.configure_orm(): Using pool settings. pool_size=5, max_overflow=10, pool_recycle=1800, pid=4383
[2020-02-25 13:44:54,478] {scheduler_job.py:153} INFO - Started process (PID=4383) to work on /usr/local/airflow/dags/mouni.py
[2020-02-25 13:44:54,483] {scheduler_job.py:1560} INFO - Processing file /usr/local/airflow/dags/mouni.py for tasks to queue
[2020-02-25 13:44:54,483] {logging_mixin.py:112} INFO - [2020-02-25 13:44:54,483] {dagbag.py:403} INFO - Filling up the DagBag from /usr/local/airflow/dags/mouni.py
[2020-02-25 13:44:54,491] {scheduler_job.py:1572} INFO - DAG(s) dict_keys(['mouni']) retrieved from /usr/local/airflow/dags/mouni.py
[2020-02-25 13:44:54,560] {scheduler_job.py:1282} INFO - Processing mouni
[2020-02-25 13:44:54,572] {scheduler_job.py:446} INFO - Skipping SLA check for <DAG: mouni> because no tasks in DAG have SLAs
[2020-02-25 13:44:54,577] {scheduler_job.py:161} INFO - Processing /usr/local/airflow/dags/mouni.py took 0.098 seconds
[2020-02-25 13:45:02,646] {logging_mixin.py:112} INFO - [2020-02-25 13:45:02,646] {settings.py:253} INFO - settings.configure_orm(): Using pool settings. pool_size=5, max_overflow=10, pool_recycle=1800, pid=4464
[2020-02-25 13:45:02,650] {scheduler_job.py:153} INFO - Started process (PID=4464) to work on /usr/local/airflow/dags/mouni.py
[2020-02-25 13:45:02,655] {scheduler_job.py:1560} INFO - Processing file /usr/local/airflow/dags/mouni.py for tasks to queue
[2020-02-25 13:45:02,656] {logging_mixin.py:112} INFO - [2020-02-25 13:45:02,656] {dagbag.py:403} INFO - Filling up the DagBag from /usr/local/airflow/dags/mouni.py
[2020-02-25 13:45:02,666] {scheduler_job.py:1572} INFO - DAG(s) dict_keys(['mouni']) retrieved from /usr/local/airflow/dags/mouni.py
[2020-02-25 13:45:02,745] {scheduler_job.py:1282} INFO - Processing mouni
[2020-02-25 13:45:02,758] {scheduler_job.py:446} INFO - Skipping SLA check for <DAG: mouni> because no tasks in DAG have SLAs
[2020-02-25 13:45:02,766] {scheduler_job.py:161} INFO - Processing /usr/local/airflow/dags/mouni.py took 0.116 seconds
[2020-02-25 13:45:10,811] {logging_mixin.py:112} INFO - [2020-02-25 13:45:10,811] {settings.py:253} INFO - settings.configure_orm(): Using pool settings. pool_size=5, max_overflow=10, pool_recycle=1800, pid=4549
[2020-02-25 13:45:10,815] {scheduler_job.py:153} INFO - Started process (PID=4549) to work on /usr/local/airflow/dags/mouni.py
[2020-02-25 13:45:10,819] {scheduler_job.py:1560} INFO - Processing file /usr/local/airflow/dags/mouni.py for tasks to queue
[2020-02-25 13:45:10,820] {logging_mixin.py:112} INFO - [2020-02-25 13:45:10,820] {dagbag.py:403} INFO - Filling up the DagBag from /usr/local/airflow/dags/mouni.py
[2020-02-25 13:45:10,829] {scheduler_job.py:1572} INFO - DAG(s) dict_keys(['mouni']) retrieved from /usr/local/airflow/dags/mouni.py
[2020-02-25 13:45:10,897] {scheduler_job.py:1282} INFO - Processing mouni
[2020-02-25 13:45:10,907] {scheduler_job.py:446} INFO - Skipping SLA check for <DAG: mouni> because no tasks in DAG have SLAs
[2020-02-25 13:45:10,914] {scheduler_job.py:161} INFO - Processing /usr/local/airflow/dags/mouni.py took 0.098 seconds
[2020-02-25 13:45:18,981] {logging_mixin.py:112} INFO - [2020-02-25 13:45:18,981] {settings.py:253} INFO - settings.configure_orm(): Using pool settings. pool_size=5, max_overflow=10, pool_recycle=1800, pid=4629
[2020-02-25 13:45:18,985] {scheduler_job.py:153} INFO - Started process (PID=4629) to work on /usr/local/airflow/dags/mouni.py
[2020-02-25 13:45:18,990] {scheduler_job.py:1560} INFO - Processing file /usr/local/airflow/dags/mouni.py for tasks to queue
[2020-02-25 13:45:18,991] {logging_mixin.py:112} INFO - [2020-02-25 13:45:18,990] {dagbag.py:403} INFO - Filling up the DagBag from /usr/local/airflow/dags/mouni.py
[2020-02-25 13:45:19,000] {scheduler_job.py:1572} INFO - DAG(s) dict_keys(['mouni']) retrieved from /usr/local/airflow/dags/mouni.py
[2020-02-25 13:45:19,074] {scheduler_job.py:1282} INFO - Processing mouni
[2020-02-25 13:45:19,085] {scheduler_job.py:446} INFO - Skipping SLA check for <DAG: mouni> because no tasks in DAG have SLAs
[2020-02-25 13:45:19,091] {scheduler_job.py:161} INFO - Processing /usr/local/airflow/dags/mouni.py took 0.105 seconds
[2020-02-25 13:45:27,148] {logging_mixin.py:112} INFO - [2020-02-25 13:45:27,147] {settings.py:253} INFO - settings.configure_orm(): Using pool settings. pool_size=5, max_overflow=10, pool_recycle=1800, pid=4714
[2020-02-25 13:45:27,152] {scheduler_job.py:153} INFO - Started process (PID=4714) to work on /usr/local/airflow/dags/mouni.py
[2020-02-25 13:45:27,158] {scheduler_job.py:1560} INFO - Processing file /usr/local/airflow/dags/mouni.py for tasks to queue
[2020-02-25 13:45:27,159] {logging_mixin.py:112} INFO - [2020-02-25 13:45:27,159] {dagbag.py:403} INFO - Filling up the DagBag from /usr/local/airflow/dags/mouni.py
[2020-02-25 13:45:27,167] {scheduler_job.py:1572} INFO - DAG(s) dict_keys(['mouni']) retrieved from /usr/local/airflow/dags/mouni.py
[2020-02-25 13:45:27,231] {scheduler_job.py:1282} INFO - Processing mouni
[2020-02-25 13:45:27,241] {scheduler_job.py:446} INFO - Skipping SLA check for <DAG: mouni> because no tasks in DAG have SLAs
[2020-02-25 13:45:27,248] {scheduler_job.py:161} INFO - Processing /usr/local/airflow/dags/mouni.py took 0.096 seconds
[2020-02-25 13:45:35,324] {logging_mixin.py:112} INFO - [2020-02-25 13:45:35,324] {settings.py:253} INFO - settings.configure_orm(): Using pool settings. pool_size=5, max_overflow=10, pool_recycle=1800, pid=4795
[2020-02-25 13:45:35,328] {scheduler_job.py:153} INFO - Started process (PID=4795) to work on /usr/local/airflow/dags/mouni.py
[2020-02-25 13:45:35,333] {scheduler_job.py:1560} INFO - Processing file /usr/local/airflow/dags/mouni.py for tasks to queue
[2020-02-25 13:45:35,334] {logging_mixin.py:112} INFO - [2020-02-25 13:45:35,334] {dagbag.py:403} INFO - Filling up the DagBag from /usr/local/airflow/dags/mouni.py
[2020-02-25 13:45:35,343] {scheduler_job.py:1572} INFO - DAG(s) dict_keys(['mouni']) retrieved from /usr/local/airflow/dags/mouni.py
[2020-02-25 13:45:35,417] {scheduler_job.py:1282} INFO - Processing mouni
[2020-02-25 13:45:35,425] {scheduler_job.py:446} INFO - Skipping SLA check for <DAG: mouni> because no tasks in DAG have SLAs
[2020-02-25 13:45:35,432] {scheduler_job.py:161} INFO - Processing /usr/local/airflow/dags/mouni.py took 0.104 seconds
[2020-02-25 13:45:43,503] {logging_mixin.py:112} INFO - [2020-02-25 13:45:43,503] {settings.py:253} INFO - settings.configure_orm(): Using pool settings. pool_size=5, max_overflow=10, pool_recycle=1800, pid=4881
[2020-02-25 13:45:43,509] {scheduler_job.py:153} INFO - Started process (PID=4881) to work on /usr/local/airflow/dags/mouni.py
[2020-02-25 13:45:43,514] {scheduler_job.py:1560} INFO - Processing file /usr/local/airflow/dags/mouni.py for tasks to queue
[2020-02-25 13:45:43,514] {logging_mixin.py:112} INFO - [2020-02-25 13:45:43,514] {dagbag.py:403} INFO - Filling up the DagBag from /usr/local/airflow/dags/mouni.py
[2020-02-25 13:45:43,522] {scheduler_job.py:1572} INFO - DAG(s) dict_keys(['mouni']) retrieved from /usr/local/airflow/dags/mouni.py
[2020-02-25 13:45:43,599] {scheduler_job.py:1282} INFO - Processing mouni
[2020-02-25 13:45:43,610] {scheduler_job.py:446} INFO - Skipping SLA check for <DAG: mouni> because no tasks in DAG have SLAs
[2020-02-25 13:45:43,618] {scheduler_job.py:161} INFO - Processing /usr/local/airflow/dags/mouni.py took 0.109 seconds
[2020-02-25 13:45:51,679] {logging_mixin.py:112} INFO - [2020-02-25 13:45:51,678] {settings.py:253} INFO - settings.configure_orm(): Using pool settings. pool_size=5, max_overflow=10, pool_recycle=1800, pid=4961
[2020-02-25 13:45:51,683] {scheduler_job.py:153} INFO - Started process (PID=4961) to work on /usr/local/airflow/dags/mouni.py
[2020-02-25 13:45:51,688] {scheduler_job.py:1560} INFO - Processing file /usr/local/airflow/dags/mouni.py for tasks to queue
[2020-02-25 13:45:51,689] {logging_mixin.py:112} INFO - [2020-02-25 13:45:51,688] {dagbag.py:403} INFO - Filling up the DagBag from /usr/local/airflow/dags/mouni.py
[2020-02-25 13:45:51,697] {scheduler_job.py:1572} INFO - DAG(s) dict_keys(['mouni']) retrieved from /usr/local/airflow/dags/mouni.py
[2020-02-25 13:45:51,770] {scheduler_job.py:1282} INFO - Processing mouni
[2020-02-25 13:45:51,782] {scheduler_job.py:446} INFO - Skipping SLA check for <DAG: mouni> because no tasks in DAG have SLAs
[2020-02-25 13:45:51,788] {scheduler_job.py:161} INFO - Processing /usr/local/airflow/dags/mouni.py took 0.105 seconds
[2020-02-25 13:45:59,832] {logging_mixin.py:112} INFO - [2020-02-25 13:45:59,832] {settings.py:253} INFO - settings.configure_orm(): Using pool settings. pool_size=5, max_overflow=10, pool_recycle=1800, pid=5046
[2020-02-25 13:45:59,837] {scheduler_job.py:153} INFO - Started process (PID=5046) to work on /usr/local/airflow/dags/mouni.py
[2020-02-25 13:45:59,842] {scheduler_job.py:1560} INFO - Processing file /usr/local/airflow/dags/mouni.py for tasks to queue
[2020-02-25 13:45:59,842] {logging_mixin.py:112} INFO - [2020-02-25 13:45:59,842] {dagbag.py:403} INFO - Filling up the DagBag from /usr/local/airflow/dags/mouni.py
[2020-02-25 13:45:59,852] {scheduler_job.py:1572} INFO - DAG(s) dict_keys(['mouni']) retrieved from /usr/local/airflow/dags/mouni.py
[2020-02-25 13:45:59,922] {scheduler_job.py:1282} INFO - Processing mouni
[2020-02-25 13:45:59,930] {scheduler_job.py:446} INFO - Skipping SLA check for <DAG: mouni> because no tasks in DAG have SLAs
[2020-02-25 13:45:59,937] {scheduler_job.py:161} INFO - Processing /usr/local/airflow/dags/mouni.py took 0.100 seconds
[2020-02-25 13:46:08,004] {logging_mixin.py:112} INFO - [2020-02-25 13:46:08,004] {settings.py:253} INFO - settings.configure_orm(): Using pool settings. pool_size=5, max_overflow=10, pool_recycle=1800, pid=5127
[2020-02-25 13:46:08,008] {scheduler_job.py:153} INFO - Started process (PID=5127) to work on /usr/local/airflow/dags/mouni.py
[2020-02-25 13:46:08,012] {scheduler_job.py:1560} INFO - Processing file /usr/local/airflow/dags/mouni.py for tasks to queue
[2020-02-25 13:46:08,013] {logging_mixin.py:112} INFO - [2020-02-25 13:46:08,013] {dagbag.py:403} INFO - Filling up the DagBag from /usr/local/airflow/dags/mouni.py
[2020-02-25 13:46:08,020] {scheduler_job.py:1572} INFO - DAG(s) dict_keys(['mouni']) retrieved from /usr/local/airflow/dags/mouni.py
[2020-02-25 13:46:08,098] {scheduler_job.py:1282} INFO - Processing mouni
[2020-02-25 13:46:08,108] {scheduler_job.py:446} INFO - Skipping SLA check for <DAG: mouni> because no tasks in DAG have SLAs
[2020-02-25 13:46:08,114] {scheduler_job.py:161} INFO - Processing /usr/local/airflow/dags/mouni.py took 0.106 seconds
[2020-02-25 13:46:16,189] {logging_mixin.py:112} INFO - [2020-02-25 13:46:16,188] {settings.py:253} INFO - settings.configure_orm(): Using pool settings. pool_size=5, max_overflow=10, pool_recycle=1800, pid=5211
[2020-02-25 13:46:16,193] {scheduler_job.py:153} INFO - Started process (PID=5211) to work on /usr/local/airflow/dags/mouni.py
[2020-02-25 13:46:16,197] {scheduler_job.py:1560} INFO - Processing file /usr/local/airflow/dags/mouni.py for tasks to queue
[2020-02-25 13:46:16,198] {logging_mixin.py:112} INFO - [2020-02-25 13:46:16,197] {dagbag.py:403} INFO - Filling up the DagBag from /usr/local/airflow/dags/mouni.py
[2020-02-25 13:46:16,206] {scheduler_job.py:1572} INFO - DAG(s) dict_keys(['mouni']) retrieved from /usr/local/airflow/dags/mouni.py
[2020-02-25 13:46:16,279] {scheduler_job.py:1282} INFO - Processing mouni
[2020-02-25 13:46:16,293] {scheduler_job.py:446} INFO - Skipping SLA check for <DAG: mouni> because no tasks in DAG have SLAs
[2020-02-25 13:46:16,299] {scheduler_job.py:161} INFO - Processing /usr/local/airflow/dags/mouni.py took 0.107 seconds
[2020-02-25 13:46:24,400] {logging_mixin.py:112} INFO - [2020-02-25 13:46:24,399] {settings.py:253} INFO - settings.configure_orm(): Using pool settings. pool_size=5, max_overflow=10, pool_recycle=1800, pid=5297
[2020-02-25 13:46:24,405] {scheduler_job.py:153} INFO - Started process (PID=5297) to work on /usr/local/airflow/dags/mouni.py
[2020-02-25 13:46:24,415] {scheduler_job.py:1560} INFO - Processing file /usr/local/airflow/dags/mouni.py for tasks to queue
[2020-02-25 13:46:24,417] {logging_mixin.py:112} INFO - [2020-02-25 13:46:24,417] {dagbag.py:403} INFO - Filling up the DagBag from /usr/local/airflow/dags/mouni.py
[2020-02-25 13:46:24,436] {scheduler_job.py:1572} INFO - DAG(s) dict_keys(['mouni']) retrieved from /usr/local/airflow/dags/mouni.py
[2020-02-25 13:46:24,555] {scheduler_job.py:1282} INFO - Processing mouni
[2020-02-25 13:46:24,571] {scheduler_job.py:446} INFO - Skipping SLA check for <DAG: mouni> because no tasks in DAG have SLAs
[2020-02-25 13:46:24,583] {scheduler_job.py:161} INFO - Processing /usr/local/airflow/dags/mouni.py took 0.178 seconds
[2020-02-25 13:46:32,630] {logging_mixin.py:112} INFO - [2020-02-25 13:46:32,630] {settings.py:253} INFO - settings.configure_orm(): Using pool settings. pool_size=5, max_overflow=10, pool_recycle=1800, pid=5396
[2020-02-25 13:46:32,635] {scheduler_job.py:153} INFO - Started process (PID=5396) to work on /usr/local/airflow/dags/mouni.py
[2020-02-25 13:46:32,644] {scheduler_job.py:1560} INFO - Processing file /usr/local/airflow/dags/mouni.py for tasks to queue
[2020-02-25 13:46:32,645] {logging_mixin.py:112} INFO - [2020-02-25 13:46:32,645] {dagbag.py:403} INFO - Filling up the DagBag from /usr/local/airflow/dags/mouni.py
[2020-02-25 13:46:32,655] {scheduler_job.py:1572} INFO - DAG(s) dict_keys(['mouni']) retrieved from /usr/local/airflow/dags/mouni.py
[2020-02-25 13:46:32,722] {scheduler_job.py:1282} INFO - Processing mouni
[2020-02-25 13:46:32,736] {scheduler_job.py:446} INFO - Skipping SLA check for <DAG: mouni> because no tasks in DAG have SLAs
[2020-02-25 13:46:32,748] {scheduler_job.py:161} INFO - Processing /usr/local/airflow/dags/mouni.py took 0.114 seconds
[2020-02-25 13:46:40,882] {logging_mixin.py:112} INFO - [2020-02-25 13:46:40,882] {settings.py:253} INFO - settings.configure_orm(): Using pool settings. pool_size=5, max_overflow=10, pool_recycle=1800, pid=5502
[2020-02-25 13:46:40,887] {scheduler_job.py:153} INFO - Started process (PID=5502) to work on /usr/local/airflow/dags/mouni.py
[2020-02-25 13:46:40,896] {scheduler_job.py:1560} INFO - Processing file /usr/local/airflow/dags/mouni.py for tasks to queue
[2020-02-25 13:46:40,898] {logging_mixin.py:112} INFO - [2020-02-25 13:46:40,897] {dagbag.py:403} INFO - Filling up the DagBag from /usr/local/airflow/dags/mouni.py
[2020-02-25 13:46:40,909] {scheduler_job.py:1572} INFO - DAG(s) dict_keys(['mouni']) retrieved from /usr/local/airflow/dags/mouni.py
[2020-02-25 13:46:41,060] {scheduler_job.py:1282} INFO - Processing mouni
[2020-02-25 13:46:41,083] {scheduler_job.py:446} INFO - Skipping SLA check for <DAG: mouni> because no tasks in DAG have SLAs
[2020-02-25 13:46:41,090] {scheduler_job.py:161} INFO - Processing /usr/local/airflow/dags/mouni.py took 0.203 seconds
[2020-02-25 13:46:49,092] {logging_mixin.py:112} INFO - [2020-02-25 13:46:49,090] {settings.py:253} INFO - settings.configure_orm(): Using pool settings. pool_size=5, max_overflow=10, pool_recycle=1800, pid=5583
[2020-02-25 13:46:49,098] {scheduler_job.py:153} INFO - Started process (PID=5583) to work on /usr/local/airflow/dags/mouni.py
[2020-02-25 13:46:49,112] {scheduler_job.py:1560} INFO - Processing file /usr/local/airflow/dags/mouni.py for tasks to queue
[2020-02-25 13:46:49,113] {logging_mixin.py:112} INFO - [2020-02-25 13:46:49,113] {dagbag.py:403} INFO - Filling up the DagBag from /usr/local/airflow/dags/mouni.py
[2020-02-25 13:46:49,127] {scheduler_job.py:1572} INFO - DAG(s) dict_keys(['mouni']) retrieved from /usr/local/airflow/dags/mouni.py
[2020-02-25 13:46:49,264] {scheduler_job.py:1282} INFO - Processing mouni
[2020-02-25 13:46:49,284] {scheduler_job.py:446} INFO - Skipping SLA check for <DAG: mouni> because no tasks in DAG have SLAs
[2020-02-25 13:46:49,292] {scheduler_job.py:161} INFO - Processing /usr/local/airflow/dags/mouni.py took 0.194 seconds
[2020-02-25 13:46:57,253] {logging_mixin.py:112} INFO - [2020-02-25 13:46:57,252] {settings.py:253} INFO - settings.configure_orm(): Using pool settings. pool_size=5, max_overflow=10, pool_recycle=1800, pid=5669
[2020-02-25 13:46:57,258] {scheduler_job.py:153} INFO - Started process (PID=5669) to work on /usr/local/airflow/dags/mouni.py
[2020-02-25 13:46:57,264] {scheduler_job.py:1560} INFO - Processing file /usr/local/airflow/dags/mouni.py for tasks to queue
[2020-02-25 13:46:57,264] {logging_mixin.py:112} INFO - [2020-02-25 13:46:57,264] {dagbag.py:403} INFO - Filling up the DagBag from /usr/local/airflow/dags/mouni.py
[2020-02-25 13:46:57,274] {scheduler_job.py:1572} INFO - DAG(s) dict_keys(['mouni']) retrieved from /usr/local/airflow/dags/mouni.py
[2020-02-25 13:46:57,349] {scheduler_job.py:1282} INFO - Processing mouni
[2020-02-25 13:46:57,362] {scheduler_job.py:446} INFO - Skipping SLA check for <DAG: mouni> because no tasks in DAG have SLAs
[2020-02-25 13:46:57,369] {scheduler_job.py:161} INFO - Processing /usr/local/airflow/dags/mouni.py took 0.111 seconds
[2020-02-25 13:47:05,430] {logging_mixin.py:112} INFO - [2020-02-25 13:47:05,429] {settings.py:253} INFO - settings.configure_orm(): Using pool settings. pool_size=5, max_overflow=10, pool_recycle=1800, pid=5749
[2020-02-25 13:47:05,436] {scheduler_job.py:153} INFO - Started process (PID=5749) to work on /usr/local/airflow/dags/mouni.py
[2020-02-25 13:47:05,440] {scheduler_job.py:1560} INFO - Processing file /usr/local/airflow/dags/mouni.py for tasks to queue
[2020-02-25 13:47:05,441] {logging_mixin.py:112} INFO - [2020-02-25 13:47:05,441] {dagbag.py:403} INFO - Filling up the DagBag from /usr/local/airflow/dags/mouni.py
[2020-02-25 13:47:05,450] {scheduler_job.py:1572} INFO - DAG(s) dict_keys(['mouni']) retrieved from /usr/local/airflow/dags/mouni.py
[2020-02-25 13:47:05,521] {scheduler_job.py:1282} INFO - Processing mouni
[2020-02-25 13:47:05,532] {scheduler_job.py:446} INFO - Skipping SLA check for <DAG: mouni> because no tasks in DAG have SLAs
[2020-02-25 13:47:05,537] {scheduler_job.py:161} INFO - Processing /usr/local/airflow/dags/mouni.py took 0.102 seconds
[2020-02-25 13:47:13,607] {logging_mixin.py:112} INFO - [2020-02-25 13:47:13,607] {settings.py:253} INFO - settings.configure_orm(): Using pool settings. pool_size=5, max_overflow=10, pool_recycle=1800, pid=5835
[2020-02-25 13:47:13,611] {scheduler_job.py:153} INFO - Started process (PID=5835) to work on /usr/local/airflow/dags/mouni.py
[2020-02-25 13:47:13,615] {scheduler_job.py:1560} INFO - Processing file /usr/local/airflow/dags/mouni.py for tasks to queue
[2020-02-25 13:47:13,616] {logging_mixin.py:112} INFO - [2020-02-25 13:47:13,615] {dagbag.py:403} INFO - Filling up the DagBag from /usr/local/airflow/dags/mouni.py
[2020-02-25 13:47:13,623] {scheduler_job.py:1572} INFO - DAG(s) dict_keys(['mouni']) retrieved from /usr/local/airflow/dags/mouni.py
[2020-02-25 13:47:13,683] {scheduler_job.py:1282} INFO - Processing mouni
[2020-02-25 13:47:13,692] {scheduler_job.py:446} INFO - Skipping SLA check for <DAG: mouni> because no tasks in DAG have SLAs
[2020-02-25 13:47:13,698] {scheduler_job.py:161} INFO - Processing /usr/local/airflow/dags/mouni.py took 0.087 seconds
[2020-02-25 13:47:21,770] {logging_mixin.py:112} INFO - [2020-02-25 13:47:21,769] {settings.py:253} INFO - settings.configure_orm(): Using pool settings. pool_size=5, max_overflow=10, pool_recycle=1800, pid=5915
[2020-02-25 13:47:21,775] {scheduler_job.py:153} INFO - Started process (PID=5915) to work on /usr/local/airflow/dags/mouni.py
[2020-02-25 13:47:21,779] {scheduler_job.py:1560} INFO - Processing file /usr/local/airflow/dags/mouni.py for tasks to queue
[2020-02-25 13:47:21,780] {logging_mixin.py:112} INFO - [2020-02-25 13:47:21,779] {dagbag.py:403} INFO - Filling up the DagBag from /usr/local/airflow/dags/mouni.py
[2020-02-25 13:47:21,787] {scheduler_job.py:1572} INFO - DAG(s) dict_keys(['mouni']) retrieved from /usr/local/airflow/dags/mouni.py
[2020-02-25 13:47:21,854] {scheduler_job.py:1282} INFO - Processing mouni
[2020-02-25 13:47:21,864] {scheduler_job.py:446} INFO - Skipping SLA check for <DAG: mouni> because no tasks in DAG have SLAs
[2020-02-25 13:47:21,871] {scheduler_job.py:161} INFO - Processing /usr/local/airflow/dags/mouni.py took 0.096 seconds
[2020-02-25 13:47:29,940] {logging_mixin.py:112} INFO - [2020-02-25 13:47:29,939] {settings.py:253} INFO - settings.configure_orm(): Using pool settings. pool_size=5, max_overflow=10, pool_recycle=1800, pid=6007
[2020-02-25 13:47:29,945] {scheduler_job.py:153} INFO - Started process (PID=6007) to work on /usr/local/airflow/dags/mouni.py
[2020-02-25 13:47:29,952] {scheduler_job.py:1560} INFO - Processing file /usr/local/airflow/dags/mouni.py for tasks to queue
[2020-02-25 13:47:29,953] {logging_mixin.py:112} INFO - [2020-02-25 13:47:29,953] {dagbag.py:403} INFO - Filling up the DagBag from /usr/local/airflow/dags/mouni.py
[2020-02-25 13:47:29,968] {scheduler_job.py:1572} INFO - DAG(s) dict_keys(['mouni']) retrieved from /usr/local/airflow/dags/mouni.py
[2020-02-25 13:47:30,039] {scheduler_job.py:1282} INFO - Processing mouni
[2020-02-25 13:47:30,053] {scheduler_job.py:446} INFO - Skipping SLA check for <DAG: mouni> because no tasks in DAG have SLAs
[2020-02-25 13:47:30,059] {scheduler_job.py:161} INFO - Processing /usr/local/airflow/dags/mouni.py took 0.114 seconds
[2020-02-25 13:47:38,124] {logging_mixin.py:112} INFO - [2020-02-25 13:47:38,123] {settings.py:253} INFO - settings.configure_orm(): Using pool settings. pool_size=5, max_overflow=10, pool_recycle=1800, pid=6087
[2020-02-25 13:47:38,128] {scheduler_job.py:153} INFO - Started process (PID=6087) to work on /usr/local/airflow/dags/mouni.py
[2020-02-25 13:47:38,132] {scheduler_job.py:1560} INFO - Processing file /usr/local/airflow/dags/mouni.py for tasks to queue
[2020-02-25 13:47:38,133] {logging_mixin.py:112} INFO - [2020-02-25 13:47:38,133] {dagbag.py:403} INFO - Filling up the DagBag from /usr/local/airflow/dags/mouni.py
[2020-02-25 13:47:38,142] {scheduler_job.py:1572} INFO - DAG(s) dict_keys(['mouni']) retrieved from /usr/local/airflow/dags/mouni.py
[2020-02-25 13:47:38,216] {scheduler_job.py:1282} INFO - Processing mouni
[2020-02-25 13:47:38,227] {scheduler_job.py:446} INFO - Skipping SLA check for <DAG: mouni> because no tasks in DAG have SLAs
[2020-02-25 13:47:38,233] {scheduler_job.py:161} INFO - Processing /usr/local/airflow/dags/mouni.py took 0.105 seconds
[2020-02-25 13:47:46,295] {logging_mixin.py:112} INFO - [2020-02-25 13:47:46,295] {settings.py:253} INFO - settings.configure_orm(): Using pool settings. pool_size=5, max_overflow=10, pool_recycle=1800, pid=6174
[2020-02-25 13:47:46,300] {scheduler_job.py:153} INFO - Started process (PID=6174) to work on /usr/local/airflow/dags/mouni.py
[2020-02-25 13:47:46,305] {scheduler_job.py:1560} INFO - Processing file /usr/local/airflow/dags/mouni.py for tasks to queue
[2020-02-25 13:47:46,305] {logging_mixin.py:112} INFO - [2020-02-25 13:47:46,305] {dagbag.py:403} INFO - Filling up the DagBag from /usr/local/airflow/dags/mouni.py
[2020-02-25 13:47:46,313] {scheduler_job.py:1572} INFO - DAG(s) dict_keys(['mouni']) retrieved from /usr/local/airflow/dags/mouni.py
[2020-02-25 13:47:46,378] {scheduler_job.py:1282} INFO - Processing mouni
[2020-02-25 13:47:46,389] {scheduler_job.py:446} INFO - Skipping SLA check for <DAG: mouni> because no tasks in DAG have SLAs
[2020-02-25 13:47:46,396] {scheduler_job.py:161} INFO - Processing /usr/local/airflow/dags/mouni.py took 0.096 seconds
[2020-02-25 13:47:54,460] {logging_mixin.py:112} INFO - [2020-02-25 13:47:54,460] {settings.py:253} INFO - settings.configure_orm(): Using pool settings. pool_size=5, max_overflow=10, pool_recycle=1800, pid=6254
[2020-02-25 13:47:54,464] {scheduler_job.py:153} INFO - Started process (PID=6254) to work on /usr/local/airflow/dags/mouni.py
[2020-02-25 13:47:54,469] {scheduler_job.py:1560} INFO - Processing file /usr/local/airflow/dags/mouni.py for tasks to queue
[2020-02-25 13:47:54,470] {logging_mixin.py:112} INFO - [2020-02-25 13:47:54,469] {dagbag.py:403} INFO - Filling up the DagBag from /usr/local/airflow/dags/mouni.py
[2020-02-25 13:47:54,476] {scheduler_job.py:1572} INFO - DAG(s) dict_keys(['mouni']) retrieved from /usr/local/airflow/dags/mouni.py
[2020-02-25 13:47:54,547] {scheduler_job.py:1282} INFO - Processing mouni
[2020-02-25 13:47:54,557] {scheduler_job.py:446} INFO - Skipping SLA check for <DAG: mouni> because no tasks in DAG have SLAs
[2020-02-25 13:47:54,565] {scheduler_job.py:161} INFO - Processing /usr/local/airflow/dags/mouni.py took 0.101 seconds
